2022-11-20T22:00:21.568Z [info] : 	Code: F100  getAllBurgers  Function Called
2022-11-20T22:00:21.594Z [info] : 	Code: HTTP200,  getAllBurgers  Successful response
2022-11-20T22:00:40.371Z [info] : 	Code: F100  getAllBurgers  Function Called
2022-11-20T22:00:40.391Z [info] : 	Code: HTTP200,  getAllBurgers  Successful response
2022-11-20T22:02:19.049Z [info] : 	Code: F100  getAllBurgers  Function Called
2022-11-20T22:02:19.061Z [info] : 	Code: HTTP200,  getAllBurgers  Successful response
2022-11-20T22:05:35.155Z [info] : 	Code: F100  getAllBurgers  Function Called
2022-11-20T22:05:35.170Z [info] : 	Code: HTTP200,  getAllBurgers  Successful response
2022-11-20T22:05:51.302Z [info] : 	Code: F100  getAllBurgers  Function Called
2022-11-20T22:05:51.316Z [info] : 	Code: HTTP200,  getAllBurgers  Successful response
2022-11-20T22:06:04.529Z [info] : 	Code: F100  getAllBurgers  Function Called
2022-11-20T22:06:04.539Z [info] : 	Code: HTTP200,  getAllBurgers  Successful response
2022-11-20T22:06:11.077Z [info] : 	Code: F100  getAllBurgers  Function Called
2022-11-20T22:06:11.084Z [info] : 	Code: HTTP200,  getAllBurgers  Successful response
2022-11-20T22:06:15.843Z [info] : 	Code: F100  getAllBurgers  Function Called
2022-11-20T22:06:15.850Z [info] : 	Code: HTTP200,  getAllBurgers  Successful response
2022-11-20T22:06:28.897Z [info] : 	Code: F100  getAllBurgers  Function Called
2022-11-20T22:06:28.905Z [info] : 	Code: HTTP200,  getAllBurgers  Successful response
2022-11-20T22:07:21.223Z [info] : 	Code: F100  getAllBurgers  Function Called
2022-11-20T22:07:21.233Z [info] : 	Code: HTTP200,  getAllBurgers  Successful response
2022-11-20T22:07:49.686Z [info] : 	Code: F100  getAllBurgers  Function Called
2022-11-20T22:07:49.695Z [info] : 	Code: HTTP200,  getAllBurgers  Successful response
2022-11-20T22:08:02.756Z [info] : 	Code: F100  getAllBurgers  Function Called
2022-11-20T22:08:02.769Z [info] : 	Code: HTTP200,  getAllBurgers  Successful response
2022-11-20T22:08:24.642Z [info] : 	Code: F100  getAllBurgers  Function Called
2022-11-20T22:08:24.651Z [info] : 	Code: HTTP200,  getAllBurgers  Successful response
2022-11-20T22:08:38.507Z [info] : 	Code: F100  getAllBurgers  Function Called
2022-11-20T22:08:38.516Z [info] : 	Code: HTTP200,  getAllBurgers  Successful response
2022-11-20T22:08:51.848Z [info] : 	Code: F100  getAllBurgers  Function Called
2022-11-20T22:08:51.855Z [info] : 	Code: HTTP200,  getAllBurgers  Successful response
2022-11-20T22:09:11.582Z [info] : 	Code: F100  getAllBurgers  Function Called
2022-11-20T22:09:11.589Z [info] : 	Code: HTTP200,  getAllBurgers  Successful response
2022-11-20T22:39:14.698Z [info] : 	Code: F100  getAllHistoryOrders  Function Called
2022-11-20T22:39:14.732Z [info] : 	Code: HTTP200,  getAllHistoryOrders  Successful response
2022-11-20T22:39:15.867Z [info] : 	Code: F100  getAllBurgers  Function Called
2022-11-20T22:39:15.879Z [info] : 	Code: HTTP200,  getAllBurgers  Successful response
2022-11-20T22:39:20.173Z [info] : 	Code: F100  getAllBurgers  Function Called
2022-11-20T22:39:20.181Z [info] : 	Code: HTTP200,  getAllBurgers  Successful response
2022-11-20T22:39:21.819Z [info] : 	Code: F100  getAllHistoryOrders  Function Called
2022-11-20T22:39:21.827Z [info] : 	Code: HTTP200,  getAllHistoryOrders  Successful response
2022-11-20T22:39:28.788Z [info] : 	Code: F100 login Function Called
2022-11-20T22:39:31.069Z [info] : 	Code: F100  getAllBurgers  Function Called
2022-11-20T22:39:31.081Z [info] : 	Code: HTTP200,  getAllBurgers  Successful response
2022-11-20T23:58:16.250Z [info] : 	Code: F100  getAllBurgers  Function Called
2022-11-20T23:58:16.272Z [info] : 	Code: HTTP200,  getAllBurgers  Successful response
2022-11-21T00:00:05.654Z [info] : 	Code: F100  getAllBurgers  Function Called
2022-11-21T00:00:05.681Z [info] : 	Code: HTTP200,  getAllBurgers  Successful response
2022-11-21T00:00:56.487Z [info] : 	Code: F100 login Function Called
2022-11-21T00:01:27.542Z [info] : 	Code: F100  getAllHistoryOrders  Function Called
2022-11-21T00:01:27.557Z [info] : 	Code: HTTP200,  getAllHistoryOrders  Successful response
2022-11-21T00:01:28.232Z [info] : 	Code: F100  getAllHistoryOrders  Function Called
2022-11-21T00:01:28.244Z [info] : 	Code: HTTP200,  getAllHistoryOrders  Successful response
2022-11-21T00:01:52.336Z [info] : 	Code: F100  getAllBurgers  Function Called
2022-11-21T00:01:52.352Z [info] : 	Code: HTTP200,  getAllBurgers  Successful response
2022-11-21T00:01:53.138Z [info] : 	Code: F100  getAllBurgers  Function Called
2022-11-21T00:01:53.150Z [info] : 	Code: HTTP200,  getAllBurgers  Successful response
2022-11-21T00:03:27.909Z [info] : 	Code: F100  getAllBurgers  Function Called
2022-11-21T00:03:27.926Z [info] : 	Code: HTTP200,  getAllBurgers  Successful response
2022-11-21T00:06:10.177Z [info] : 	Code: F100  getAllBurgers  Function Called
2022-11-21T00:06:10.193Z [info] : 	Code: HTTP200,  getAllBurgers  Successful response
2022-11-21T00:08:12.054Z [info] : 	Code: F100  getAllBurgers  Function Called
2022-11-21T00:08:12.064Z [info] : 	Code: HTTP200,  getAllBurgers  Successful response
2022-11-21T00:08:24.448Z [info] : 	Code: F100  getAllBurgers  Function Called
2022-11-21T00:08:24.460Z [info] : 	Code: HTTP200,  getAllBurgers  Successful response
2022-11-21T00:08:36.743Z [info] : 	Code: F100  getAllHistoryOrders  Function Called
2022-11-21T00:08:36.762Z [info] : 	Code: HTTP200,  getAllHistoryOrders  Successful response
2022-11-21T00:08:37.412Z [info] : 	Code: F100  getAllHistoryOrders  Function Called
2022-11-21T00:08:37.423Z [info] : 	Code: HTTP200,  getAllHistoryOrders  Successful response
2022-11-21T00:12:16.286Z [info] : 	Code: F100 login Function Called
2022-11-21T00:26:48.859Z [info] : 	Code: F100 login Function Called
2022-11-21T00:27:15.142Z [info] : 	Code: F100  getAllHistoryOrders  Function Called
2022-11-21T00:27:15.163Z [info] : 	Code: HTTP200,  getAllHistoryOrders  Successful response
2022-11-21T00:27:16.452Z [info] : 	Code: F100  getAllHistoryOrders  Function Called
2022-11-21T00:27:16.464Z [info] : 	Code: HTTP200,  getAllHistoryOrders  Successful response
2022-11-21T00:27:43.996Z [info] : 	Code: F100  getAllBurgers  Function Called
2022-11-21T00:27:44.014Z [info] : 	Code: HTTP200,  getAllBurgers  Successful response
2022-11-21T00:27:45.630Z [info] : 	Code: F100  getAllBurgers  Function Called
2022-11-21T00:27:45.640Z [info] : 	Code: HTTP200,  getAllBurgers  Successful response
2022-11-21T00:28:29.503Z [info] : 	Code: F100  editOrder  Function Called
2022-11-21T00:28:29.566Z [info] : 	Code: HTTP200,  editOrder  Successful response
2022-11-21T00:28:29.593Z [info] : 	Code: F100  getAllBurgers  Function Called
2022-11-21T00:28:29.626Z [info] : 	Code: HTTP200,  getAllBurgers  Successful response
2022-11-21T00:28:50.308Z [info] : 	Code: F100  editOrder  Function Called
2022-11-21T00:28:50.338Z [info] : 	Code: HTTP200,  editOrder  Successful response
2022-11-21T00:28:50.553Z [info] : 	Code: F100  getAllBurgers  Function Called
2022-11-21T00:28:50.566Z [info] : 	Code: HTTP200,  getAllBurgers  Successful response
2022-11-21T00:29:14.064Z [info] : 	Code: F100  editOrder  Function Called
2022-11-21T00:29:14.100Z [info] : 	Code: HTTP200,  editOrder  Successful response
2022-11-21T00:29:14.425Z [info] : 	Code: F100  getAllBurgers  Function Called
2022-11-21T00:29:14.438Z [info] : 	Code: HTTP200,  getAllBurgers  Successful response
2022-11-21T00:29:41.340Z [info] : 	Code: F100 login Function Called
2022-11-21T00:29:46.484Z [info] : 	Code: F100  getAllBurgers  Function Called
2022-11-21T00:29:46.494Z [info] : 	Code: HTTP200,  getAllBurgers  Successful response
2022-11-21T00:30:07.774Z [info] : 	Code: F100  deleteOrder  Function Called
2022-11-21T00:30:07.802Z [info] : 	Code: HTTP200,  deleteOrder  Successful response
2022-11-21T00:30:07.818Z [info] : 	Code: F100  getAllBurgers  Function Called
2022-11-21T00:30:07.830Z [info] : 	Code: HTTP200,  getAllBurgers  Successful response
2022-11-21T00:30:11.309Z [info] : 	Code: F100  deleteOrder  Function Called
2022-11-21T00:30:11.330Z [info] : 	Code: HTTP200,  deleteOrder  Successful response
2022-11-21T00:30:11.559Z [info] : 	Code: F100  getAllBurgers  Function Called
2022-11-21T00:30:11.576Z [info] : 	Code: HTTP200,  getAllBurgers  Successful response
2022-11-21T00:32:31.127Z [info] : 	Code: F100  getAllBurgers  Function Called
2022-11-21T00:32:31.150Z [info] : 	Code: HTTP200,  getAllBurgers  Successful response
2022-11-21T00:33:01.674Z [info] : 	Code: F100  getAllBurgers  Function Called
2022-11-21T00:33:01.692Z [info] : 	Code: HTTP200,  getAllBurgers  Successful response
2022-11-21T00:33:32.650Z [info] : 	Code: F100  getAllBurgers  Function Called
2022-11-21T00:33:32.666Z [info] : 	Code: HTTP200,  getAllBurgers  Successful response
2022-11-21T00:34:23.259Z [info] : 	Code: F100  getAllBurgers  Function Called
2022-11-21T00:34:23.270Z [info] : 	Code: HTTP200,  getAllBurgers  Successful response
2022-11-21T00:36:53.643Z [info] : 	Code: F100  getAllBurgers  Function Called
2022-11-21T00:36:53.657Z [info] : 	Code: HTTP200,  getAllBurgers  Successful response
2022-11-21T00:37:06.823Z [info] : 	Code: F100  getAllBurgers  Function Called
2022-11-21T00:37:06.833Z [info] : 	Code: HTTP200,  getAllBurgers  Successful response
2022-11-21T00:37:11.341Z [info] : 	Code: F100  getAllBurgers  Function Called
2022-11-21T00:37:11.350Z [info] : 	Code: HTTP200,  getAllBurgers  Successful response
2022-11-21T00:37:46.330Z [info] : 	Code: F100  getAllBurgers  Function Called
2022-11-21T00:37:46.343Z [info] : 	Code: HTTP200,  getAllBurgers  Successful response
2022-11-21T00:38:48.121Z [info] : 	Code: F100  getAllBurgers  Function Called
2022-11-21T00:38:48.134Z [info] : 	Code: HTTP200,  getAllBurgers  Successful response
2022-11-21T00:39:07.767Z [info] : 	Code: F100  getAllBurgers  Function Called
2022-11-21T00:39:07.782Z [info] : 	Code: HTTP200,  getAllBurgers  Successful response
2022-11-21T00:39:36.236Z [info] : 	Code: F100  getAllBurgers  Function Called
2022-11-21T00:39:36.251Z [info] : 	Code: HTTP200,  getAllBurgers  Successful response
2022-11-21T00:39:44.795Z [info] : 	Code: F100  getAllBurgers  Function Called
2022-11-21T00:39:44.802Z [info] : 	Code: HTTP200,  getAllBurgers  Successful response
2022-11-21T00:39:56.462Z [info] : 	Code: F100  getAllBurgers  Function Called
2022-11-21T00:39:56.474Z [info] : 	Code: HTTP200,  getAllBurgers  Successful response
2022-11-21T00:40:10.116Z [info] : 	Code: F100  getAllBurgers  Function Called
2022-11-21T00:40:10.133Z [info] : 	Code: HTTP200,  getAllBurgers  Successful response
2022-11-21T00:40:30.469Z [info] : 	Code: F100  getAllBurgers  Function Called
2022-11-21T00:40:30.482Z [info] : 	Code: HTTP200,  getAllBurgers  Successful response
2022-11-21T00:40:42.206Z [info] : 	Code: F100  getAllBurgers  Function Called
2022-11-21T00:40:42.219Z [info] : 	Code: HTTP200,  getAllBurgers  Successful response
2022-11-21T00:41:13.223Z [info] : 	Code: F100  getAllBurgers  Function Called
2022-11-21T00:41:13.237Z [info] : 	Code: HTTP200,  getAllBurgers  Successful response
2022-11-21T00:41:31.043Z [info] : 	Code: F100  getAllBurgers  Function Called
2022-11-21T00:41:31.054Z [info] : 	Code: HTTP200,  getAllBurgers  Successful response
2022-11-21T00:41:51.208Z [info] : 	Code: F100  getAllBurgers  Function Called
2022-11-21T00:41:51.221Z [info] : 	Code: HTTP200,  getAllBurgers  Successful response
2022-11-21T00:41:56.847Z [info] : 	Code: F100  getAllBurgers  Function Called
2022-11-21T00:41:56.855Z [info] : 	Code: HTTP200,  getAllBurgers  Successful response
2022-11-21T00:42:20.711Z [info] : 	Code: F100  getAllBurgers  Function Called
2022-11-21T00:42:20.728Z [info] : 	Code: HTTP200,  getAllBurgers  Successful response
2022-11-21T00:42:38.508Z [info] : 	Code: F100  getAllBurgers  Function Called
2022-11-21T00:42:38.519Z [info] : 	Code: HTTP200,  getAllBurgers  Successful response
2022-11-21T00:43:30.565Z [info] : 	Code: F100  getAllBurgers  Function Called
2022-11-21T00:43:30.579Z [info] : 	Code: HTTP200,  getAllBurgers  Successful response
2022-11-21T00:43:43.363Z [info] : 	Code: F100  getAllBurgers  Function Called
2022-11-21T00:43:43.379Z [info] : 	Code: HTTP200,  getAllBurgers  Successful response
2022-11-21T00:44:38.192Z [info] : 	Code: F100  getAllBurgers  Function Called
2022-11-21T00:44:38.205Z [info] : 	Code: HTTP200,  getAllBurgers  Successful response
2022-11-21T00:45:44.338Z [info] : 	Code: F100  getAllBurgers  Function Called
2022-11-21T00:45:44.355Z [info] : 	Code: HTTP200,  getAllBurgers  Successful response
2022-11-21T00:45:47.644Z [info] : 	Code: F100  getAllBurgers  Function Called
2022-11-21T00:45:47.653Z [info] : 	Code: HTTP200,  getAllBurgers  Successful response
2022-11-21T00:45:50.410Z [info] : 	Code: F100  getAllBurgers  Function Called
2022-11-21T00:45:50.419Z [info] : 	Code: HTTP200,  getAllBurgers  Successful response
2022-11-21T00:45:55.127Z [info] : 	Code: F100  getAllHistoryOrders  Function Called
2022-11-21T00:45:55.147Z [info] : 	Code: HTTP200,  getAllHistoryOrders  Successful response
2022-11-21T00:45:56.356Z [info] : 	Code: F100  getAllHistoryOrders  Function Called
2022-11-21T00:45:56.369Z [info] : 	Code: HTTP200,  getAllHistoryOrders  Successful response
