2022-12-06T22:04:21.970Z [info] : 	Code: F100  searchFlights  Function Called
2022-12-06T22:04:22.101Z [info] : 	Code: HTTP200,  searchFlights  Successful response
2022-12-06T22:04:22.133Z [info] : 	Code: F100  getAllFlights  Function Called
2022-12-06T22:04:22.137Z [info] : 	Code: HTTP200,  getAllFlights  Successful response
2022-12-06T22:08:21.183Z [info] : 	Code: F100  getAllFlights  Function Called
2022-12-06T22:08:21.186Z [info] : 	Code: F100  searchFlights  Function Called
2022-12-06T22:08:21.196Z [info] : 	Code: HTTP200,  getAllFlights  Successful response
2022-12-06T22:08:21.215Z [info] : 	Code: HTTP200,  searchFlights  Successful response
2022-12-06T22:09:54.671Z [info] : 	Code: F100  searchFlights  Function Called
2022-12-06T22:09:54.695Z [info] : 	Code: F100  getAllFlights  Function Called
2022-12-06T22:09:54.702Z [info] : 	Code: HTTP200,  getAllFlights  Successful response
2022-12-06T22:09:54.716Z [info] : 	Code: HTTP200,  searchFlights  Successful response
2022-12-06T22:10:28.103Z [info] : 	Code: F100  searchFlights  Function Called
2022-12-06T22:10:28.105Z [info] : 	Code: F100  getAllFlights  Function Called
2022-12-06T22:10:28.118Z [info] : 	Code: HTTP200,  getAllFlights  Successful response
2022-12-06T22:10:28.131Z [info] : 	Code: HTTP200,  searchFlights  Successful response
2022-12-06T22:11:00.333Z [info] : 	Code: F100  searchFlights  Function Called
2022-12-06T22:11:00.336Z [info] : 	Code: F100  getAllFlights  Function Called
2022-12-06T22:11:00.353Z [info] : 	Code: HTTP200,  getAllFlights  Successful response
2022-12-06T22:11:00.368Z [info] : 	Code: HTTP200,  searchFlights  Successful response
2022-12-06T22:11:12.935Z [info] : 	Code: F100  getAllFlights  Function Called
2022-12-06T22:11:12.937Z [info] : 	Code: F100  searchFlights  Function Called
2022-12-06T22:11:12.947Z [info] : 	Code: HTTP200,  getAllFlights  Successful response
2022-12-06T22:11:12.959Z [info] : 	Code: HTTP200,  searchFlights  Successful response
2022-12-06T22:11:28.171Z [info] : 	Code: F100  searchFlights  Function Called
2022-12-06T22:11:28.181Z [info] : 	Code: F100  getAllFlights  Function Called
2022-12-06T22:11:28.186Z [info] : 	Code: HTTP200,  getAllFlights  Successful response
2022-12-06T22:11:28.205Z [info] : 	Code: HTTP200,  searchFlights  Successful response
2022-12-06T22:14:18.777Z [info] : 	Code: F100  searchFlights  Function Called
2022-12-06T22:14:18.781Z [info] : 	Code: F100  getAllFlights  Function Called
2022-12-06T22:14:18.792Z [info] : 	Code: HTTP200,  getAllFlights  Successful response
2022-12-06T22:14:18.809Z [info] : 	Code: HTTP200,  searchFlights  Successful response
2022-12-06T22:14:43.271Z [info] : 	Code: F100  searchFlights  Function Called
2022-12-06T22:14:43.282Z [info] : 	Code: F100  getAllFlights  Function Called
2022-12-06T22:14:43.290Z [info] : 	Code: HTTP200,  getAllFlights  Successful response
2022-12-06T22:14:43.305Z [info] : 	Code: HTTP200,  searchFlights  Successful response
2022-12-06T22:15:06.386Z [info] : 	Code: F100  searchFlights  Function Called
2022-12-06T22:15:06.389Z [info] : 	Code: F100  getAllFlights  Function Called
2022-12-06T22:15:06.400Z [info] : 	Code: HTTP200,  getAllFlights  Successful response
2022-12-06T22:15:06.415Z [info] : 	Code: HTTP200,  searchFlights  Successful response
2022-12-06T22:15:12.536Z [info] : 	Code: F100  searchFlights  Function Called
2022-12-06T22:15:12.541Z [info] : 	Code: F100  getAllFlights  Function Called
2022-12-06T22:15:12.547Z [info] : 	Code: HTTP200,  getAllFlights  Successful response
2022-12-06T22:15:12.557Z [info] : 	Code: HTTP200,  searchFlights  Successful response
2022-12-06T22:15:56.993Z [info] : 	Code: F100  searchFlights  Function Called
2022-12-06T22:15:56.996Z [info] : 	Code: F100  getAllFlights  Function Called
2022-12-06T22:15:57.006Z [info] : 	Code: HTTP200,  getAllFlights  Successful response
2022-12-06T22:15:57.017Z [info] : 	Code: HTTP200,  searchFlights  Successful response
2022-12-06T22:16:38.182Z [info] : 	Code: F100  searchFlights  Function Called
2022-12-06T22:16:38.214Z [info] : 	Code: HTTP200,  searchFlights  Successful response
2022-12-06T22:16:38.237Z [info] : 	Code: F100  getAllFlights  Function Called
2022-12-06T22:16:38.241Z [info] : 	Code: HTTP200,  getAllFlights  Successful response
2022-12-06T22:17:10.115Z [info] : 	Code: F100  searchFlights  Function Called
2022-12-06T22:17:10.121Z [info] : 	Code: F100  getAllFlights  Function Called
2022-12-06T22:17:10.145Z [info] : 	Code: HTTP200,  getAllFlights  Successful response
2022-12-06T22:17:10.164Z [info] : 	Code: HTTP200,  searchFlights  Successful response
2022-12-06T22:17:44.045Z [info] : 	Code: F100  searchFlights  Function Called
2022-12-06T22:17:44.078Z [info] : 	Code: HTTP200,  searchFlights  Successful response
2022-12-06T22:17:46.522Z [info] : 	Code: F100  searchFlights  Function Called
2022-12-06T22:17:46.545Z [info] : 	Code: HTTP200,  searchFlights  Successful response
2022-12-06T22:17:57.477Z [info] : 	Code: F100  searchFlights  Function Called
2022-12-06T22:17:57.507Z [info] : 	Code: HTTP200,  searchFlights  Successful response
2022-12-06T22:18:01.329Z [info] : 	Code: F100  searchFlights  Function Called
2022-12-06T22:18:01.347Z [info] : 	Code: HTTP200,  searchFlights  Successful response
2022-12-06T22:21:23.630Z [info] : 	Code: F100  searchFlights  Function Called
2022-12-06T22:21:23.633Z [info] : 	Code: F100  getAllFlights  Function Called
2022-12-06T22:21:23.642Z [info] : 	Code: HTTP200,  getAllFlights  Successful response
2022-12-06T22:21:23.656Z [info] : 	Code: HTTP200,  searchFlights  Successful response
2022-12-06T22:22:09.419Z [info] : 	Code: F100  searchFlights  Function Called
2022-12-06T22:22:09.428Z [info] : 	Code: HTTP200,  searchFlights  Successful response
2022-12-06T22:22:13.594Z [info] : 	Code: F100  searchFlights  Function Called
2022-12-06T22:22:13.598Z [info] : 	Code: HTTP200,  searchFlights  Successful response
2022-12-06T22:22:18.939Z [info] : 	Code: F100  searchFlights  Function Called
2022-12-06T22:22:18.992Z [info] : 	Code: HTTP200,  searchFlights  Successful response
2022-12-07T11:57:43.737Z [info] : 	Code: F100 login Function Called
2022-12-07T11:57:43.970Z [info] : 	Code: F100  getAllFlights  Function Called
2022-12-07T11:57:43.976Z [info] : 	Code: HTTP200,  getAllFlights  Successful response
2022-12-07T11:58:00.701Z [info] : 	Code: F100  searchFlights  Function Called
2022-12-07T11:58:00.715Z [info] : 	Code: HTTP200,  searchFlights  Successful response
2022-12-07T11:58:00.748Z [info] : 	Code: F100  searchFlights  Function Called
2022-12-07T11:58:00.752Z [info] : 	Code: HTTP200,  searchFlights  Successful response
2022-12-07T11:58:01.053Z [info] : 	Code: F100  getAllFlights  Function Called
2022-12-07T11:58:01.056Z [info] : 	Code: HTTP200,  getAllFlights  Successful response
2022-12-07T11:58:05.853Z [info] : 	Code: F100  searchFlights  Function Called
2022-12-07T11:58:05.900Z [info] : 	Code: HTTP200,  searchFlights  Successful response
2022-12-07T15:08:36.445Z [info] : 	Code: F100  searchFlights  Function Called
2022-12-07T15:08:36.477Z [info] : 	Code: HTTP200,  searchFlights  Successful response
2022-12-07T15:08:36.584Z [info] : 	Code: F100  getAllFlights  Function Called
2022-12-07T15:08:36.587Z [info] : 	Code: HTTP200,  getAllFlights  Successful response
2022-12-07T15:08:39.449Z [info] : 	Code: F100  getAllFlights  Function Called
2022-12-07T15:08:39.454Z [info] : 	Code: HTTP200,  getAllFlights  Successful response
2022-12-07T15:08:42.686Z [info] : 	Code: F100 login Function Called
2022-12-07T15:08:42.951Z [info] : 	Code: F100  getAllFlights  Function Called
2022-12-07T15:08:42.954Z [info] : 	Code: HTTP200,  getAllFlights  Successful response
2022-12-07T15:08:52.641Z [info] : 	Code: F100  searchFlights  Function Called
2022-12-07T15:08:52.656Z [info] : 	Code: HTTP200,  searchFlights  Successful response
2022-12-07T15:08:52.996Z [info] : 	Code: F100  searchFlights  Function Called
2022-12-07T15:08:52.999Z [info] : 	Code: F100  getAllFlights  Function Called
2022-12-07T15:08:53.013Z [info] : 	Code: HTTP200,  getAllFlights  Successful response
2022-12-07T15:08:53.019Z [info] : 	Code: HTTP200,  searchFlights  Successful response
2022-12-07T15:09:44.024Z [info] : 	Code: F100  searchFlights  Function Called
2022-12-07T15:09:44.029Z [info] : 	Code: F100  getAllFlights  Function Called
2022-12-07T15:09:44.042Z [info] : 	Code: HTTP200,  getAllFlights  Successful response
2022-12-07T15:09:44.052Z [info] : 	Code: HTTP200,  searchFlights  Successful response
2022-12-07T15:09:44.721Z [info] : 	Code: F100  getAllFlights  Function Called
2022-12-07T15:09:44.726Z [info] : 	Code: HTTP200,  getAllFlights  Successful response
2022-12-07T15:09:58.391Z [info] : 	Code: F100  searchFlights  Function Called
2022-12-07T15:09:58.420Z [info] : 	Code: HTTP200,  searchFlights  Successful response
2022-12-07T15:09:58.653Z [info] : 	Code: F100  searchFlights  Function Called
2022-12-07T15:09:58.663Z [info] : 	Code: HTTP200,  searchFlights  Successful response
2022-12-07T15:09:58.761Z [info] : 	Code: F100  getAllFlights  Function Called
2022-12-07T15:09:58.763Z [info] : 	Code: HTTP200,  getAllFlights  Successful response
2022-12-07T15:10:24.938Z [info] : 	Code: F100  searchFlights  Function Called
2022-12-07T15:10:24.966Z [info] : 	Code: HTTP200,  searchFlights  Successful response
2022-12-07T15:10:25.261Z [info] : 	Code: F100  getAllFlights  Function Called
2022-12-07T15:10:25.265Z [info] : 	Code: HTTP200,  getAllFlights  Successful response
2022-12-07T15:10:27.647Z [info] : 	Code: F100  getAllFlights  Function Called
2022-12-07T15:10:27.651Z [info] : 	Code: HTTP200,  getAllFlights  Successful response
2022-12-07T15:10:38.479Z [info] : 	Code: F100  searchFlights  Function Called
2022-12-07T15:10:38.500Z [info] : 	Code: HTTP200,  searchFlights  Successful response
2022-12-07T15:10:38.841Z [info] : 	Code: F100  searchFlights  Function Called
2022-12-07T15:10:38.845Z [info] : 	Code: F100  getAllFlights  Function Called
2022-12-07T15:10:38.853Z [info] : 	Code: HTTP200,  getAllFlights  Successful response
2022-12-07T15:10:38.860Z [info] : 	Code: HTTP200,  searchFlights  Successful response
2022-12-07T15:18:56.783Z [info] : 	Code: F100  getAllFlights  Function Called
2022-12-07T15:18:56.787Z [info] : 	Code: F100  searchFlights  Function Called
2022-12-07T15:18:56.794Z [info] : 	Code: HTTP200,  getAllFlights  Successful response
2022-12-07T15:18:56.804Z [info] : 	Code: HTTP200,  searchFlights  Successful response
2022-12-07T15:18:57.246Z [info] : 	Code: F100  getAllFlights  Function Called
2022-12-07T15:18:57.249Z [info] : 	Code: HTTP200,  getAllFlights  Successful response
2022-12-07T15:19:10.814Z [info] : 	Code: F100  searchFlights  Function Called
2022-12-07T15:19:10.836Z [info] : 	Code: HTTP200,  searchFlights  Successful response
2022-12-07T15:19:11.052Z [info] : 	Code: F100  searchFlights  Function Called
2022-12-07T15:19:11.056Z [info] : 	Code: HTTP200,  searchFlights  Successful response
2022-12-07T15:19:11.190Z [info] : 	Code: F100  getAllFlights  Function Called
2022-12-07T15:19:11.192Z [info] : 	Code: HTTP200,  getAllFlights  Successful response
2022-12-07T15:19:14.962Z [info] : 	Code: F100  searchFlights  Function Called
2022-12-07T15:19:14.967Z [info] : 	Code: HTTP200,  searchFlights  Successful response
2022-12-07T15:19:18.377Z [info] : 	Code: F100  searchFlights  Function Called
2022-12-07T15:19:18.390Z [info] : 	Code: HTTP200,  searchFlights  Successful response
2022-12-07T20:47:59.197Z [info] : 	Code: F100  searchFlights  Function Called
2022-12-07T20:47:59.216Z [info] : 	Code: HTTP200,  searchFlights  Successful response
2022-12-07T20:50:57.599Z [info] : 	Code: F100  saveFlight  Function Called
2022-12-07T20:50:57.602Z [error] : 	Code: HTTP400,  saveFlight  Catch error
2022-12-07T20:52:19.233Z [info] : 	Code: F100  saveFlight  Function Called
2022-12-07T20:52:19.236Z [error] : 	Code: HTTP400,  saveFlight  Catch error
2022-12-07T20:53:33.051Z [info] : 	Code: F100  saveFlight  Function Called
2022-12-07T20:53:33.091Z [info] : 	Code: HTTP200,  saveFlight  Successful response
2022-12-07T20:58:10.711Z [info] : 	Code: F100  searchFlights  Function Called
2022-12-07T20:58:10.749Z [info] : 	Code: HTTP200,  searchFlights  Successful response
2022-12-07T20:58:10.838Z [info] : 	Code: F100  getAllFlights  Function Called
2022-12-07T20:58:10.846Z [info] : 	Code: HTTP200,  getAllFlights  Successful response
2022-12-07T20:58:14.610Z [info] : 	Code: F100  getAllFlights  Function Called
2022-12-07T20:58:14.614Z [info] : 	Code: HTTP200,  getAllFlights  Successful response
2022-12-07T20:58:19.728Z [info] : 	Code: F100 login Function Called
2022-12-07T20:58:19.871Z [info] : 	Code: F100  getAllFlights  Function Called
2022-12-07T20:58:19.875Z [info] : 	Code: HTTP200,  getAllFlights  Successful response
2022-12-07T20:58:38.378Z [info] : 	Code: F100  searchFlights  Function Called
2022-12-07T20:58:38.391Z [info] : 	Code: HTTP200,  searchFlights  Successful response
2022-12-07T20:58:38.434Z [info] : 	Code: F100  searchFlights  Function Called
2022-12-07T20:58:38.442Z [info] : 	Code: F100  getAllFlights  Function Called
2022-12-07T20:58:38.446Z [info] : 	Code: HTTP200,  searchFlights  Successful response
2022-12-07T20:58:38.448Z [info] : 	Code: HTTP200,  getAllFlights  Successful response
2022-12-07T20:58:44.101Z [info] : 	Code: F100  searchFlights  Function Called
2022-12-07T20:58:44.136Z [info] : 	Code: HTTP200,  searchFlights  Successful response
2022-12-07T21:19:19.334Z [info] : 	Code: F100  saveFlight  Function Called
2022-12-07T21:19:19.365Z [info] : 	Code: HTTP200,  saveFlight  Successful response
2022-12-07T21:24:00.801Z [info] : 	Code: F100 login Function Called
2022-12-07T21:24:00.930Z [info] : 	Code: F100  getAllFlights  Function Called
2022-12-07T21:24:00.938Z [info] : 	Code: HTTP200,  getAllFlights  Successful response
2022-12-07T21:24:11.980Z [info] : 	Code: F100  searchFlights  Function Called
2022-12-07T21:24:12.001Z [info] : 	Code: HTTP200,  searchFlights  Successful response
2022-12-07T21:24:12.343Z [info] : 	Code: F100  getAllFlights  Function Called
2022-12-07T21:24:12.347Z [info] : 	Code: F100  searchFlights  Function Called
2022-12-07T21:24:12.352Z [info] : 	Code: HTTP200,  getAllFlights  Successful response
2022-12-07T21:24:12.359Z [info] : 	Code: HTTP200,  searchFlights  Successful response
