2022-12-09T22:16:11.071Z [info] : 	Code: F100 login Function Called
2022-12-09T22:16:11.279Z [info] : 	Code: F100  getAllFlights  Function Called
2022-12-09T22:16:11.292Z [info] : 	Code: HTTP200,  getAllFlights  Successful response
2022-12-09T22:16:32.250Z [info] : 	Code: F100  searchFlights  Function Called
2022-12-09T22:16:32.279Z [info] : 	Code: HTTP200,  searchFlights  Successful response
2022-12-09T22:16:32.310Z [info] : 	Code: F100  searchFlights  Function Called
2022-12-09T22:16:32.323Z [info] : 	Code: HTTP200,  searchFlights  Successful response
2022-12-09T22:16:32.633Z [info] : 	Code: F100  getAllFlights  Function Called
2022-12-09T22:16:32.643Z [info] : 	Code: HTTP200,  getAllFlights  Successful response
2022-12-09T22:18:58.164Z [info] : 	Code: F100  saveFlight  Function Called
2022-12-09T22:18:58.202Z [info] : 	Code: HTTP200,  saveFlight  Successful response
2022-12-09T22:19:05.904Z [info] : 	Code: F100 login Function Called
2022-12-09T22:19:06.003Z [info] : 	Code: F100  getAllFlights  Function Called
2022-12-09T22:19:06.011Z [info] : 	Code: HTTP200,  getAllFlights  Successful response
2022-12-09T22:19:17.500Z [info] : 	Code: F100  searchFlights  Function Called
2022-12-09T22:19:17.515Z [info] : 	Code: HTTP200,  searchFlights  Successful response
2022-12-09T22:19:17.766Z [info] : 	Code: F100  searchFlights  Function Called
2022-12-09T22:19:17.771Z [info] : 	Code: HTTP200,  searchFlights  Successful response
2022-12-09T22:19:17.861Z [info] : 	Code: F100  getAllFlights  Function Called
2022-12-09T22:19:17.864Z [info] : 	Code: HTTP200,  getAllFlights  Successful response
2022-12-09T22:19:20.064Z [info] : 	Code: F100  getAllFlights  Function Called
2022-12-09T22:19:20.069Z [info] : 	Code: HTTP200,  getAllFlights  Successful response
2022-12-09T22:19:45.055Z [info] : 	Code: F100  searchFlights  Function Called
2022-12-09T22:19:45.075Z [info] : 	Code: HTTP200,  searchFlights  Successful response
2022-12-09T22:19:45.304Z [info] : 	Code: F100  searchFlights  Function Called
2022-12-09T22:19:45.308Z [info] : 	Code: HTTP200,  searchFlights  Successful response
2022-12-09T22:19:45.417Z [info] : 	Code: F100  getAllFlights  Function Called
2022-12-09T22:19:45.420Z [info] : 	Code: HTTP200,  getAllFlights  Successful response
2022-12-09T22:19:51.073Z [info] : 	Code: F100  searchFlights  Function Called
2022-12-09T22:19:51.085Z [info] : 	Code: HTTP200,  searchFlights  Successful response
2022-12-09T22:20:51.249Z [info] : 	Code: F100  searchFlights  Function Called
2022-12-09T22:20:51.284Z [info] : 	Code: HTTP200,  searchFlights  Successful response
2022-12-09T22:20:55.614Z [info] : 	Code: F100  searchFlights  Function Called
2022-12-09T22:20:55.635Z [info] : 	Code: HTTP200,  searchFlights  Successful response
2022-12-09T22:20:57.828Z [info] : 	Code: F100  searchFlights  Function Called
2022-12-09T22:20:57.834Z [info] : 	Code: F100  getAllFlights  Function Called
2022-12-09T22:20:57.848Z [info] : 	Code: HTTP200,  getAllFlights  Successful response
2022-12-09T22:20:57.851Z [info] : 	Code: HTTP200,  searchFlights  Successful response
2022-12-09T22:22:38.987Z [info] : 	Code: F100  getAllFlights  Function Called
2022-12-09T22:22:38.998Z [info] : 	Code: HTTP200,  getAllFlights  Successful response
2022-12-09T22:22:50.753Z [info] : 	Code: F100  searchFlights  Function Called
2022-12-09T22:22:50.772Z [info] : 	Code: HTTP200,  searchFlights  Successful response
2022-12-09T22:22:51.167Z [info] : 	Code: F100  searchFlights  Function Called
2022-12-09T22:22:51.177Z [info] : 	Code: F100  getAllFlights  Function Called
2022-12-09T22:22:51.194Z [info] : 	Code: HTTP200,  getAllFlights  Successful response
2022-12-09T22:22:51.204Z [info] : 	Code: HTTP200,  searchFlights  Successful response
2022-12-09T22:24:04.067Z [info] : 	Code: F100  searchFlights  Function Called
2022-12-09T22:24:04.089Z [info] : 	Code: HTTP200,  searchFlights  Successful response
2022-12-09T22:25:17.088Z [info] : 	Code: F100  saveFlight  Function Called
2022-12-09T22:25:17.115Z [info] : 	Code: HTTP200,  saveFlight  Successful response
2022-12-09T22:30:44.535Z [info] : 	Code: F100 login Function Called
2022-12-09T22:30:44.643Z [info] : 	Code: F100  getAllFlights  Function Called
2022-12-09T22:30:44.654Z [info] : 	Code: HTTP200,  getAllFlights  Successful response
2022-12-09T22:30:54.388Z [info] : 	Code: F100  searchFlights  Function Called
2022-12-09T22:30:54.422Z [info] : 	Code: HTTP200,  searchFlights  Successful response
2022-12-09T22:30:54.656Z [info] : 	Code: F100  searchFlights  Function Called
2022-12-09T22:30:54.687Z [info] : 	Code: HTTP200,  searchFlights  Successful response
2022-12-09T22:30:54.757Z [info] : 	Code: F100  getAllFlights  Function Called
2022-12-09T22:30:54.762Z [info] : 	Code: HTTP200,  getAllFlights  Successful response
2022-12-09T22:32:02.027Z [info] : 	Code: F100  searchFlights  Function Called
2022-12-09T22:32:02.054Z [info] : 	Code: F100  getAllFlights  Function Called
2022-12-09T22:32:02.074Z [info] : 	Code: HTTP200,  getAllFlights  Successful response
2022-12-09T22:32:02.091Z [info] : 	Code: HTTP200,  searchFlights  Successful response
2022-12-09T22:32:30.980Z [info] : 	Code: F100  saveFlight  Function Called
2022-12-09T22:32:31.013Z [info] : 	Code: HTTP200,  saveFlight  Successful response
2022-12-09T22:34:50.166Z [info] : 	Code: F100 login Function Called
2022-12-09T22:34:50.286Z [info] : 	Code: F100  getAllFlights  Function Called
2022-12-09T22:34:50.292Z [info] : 	Code: HTTP200,  getAllFlights  Successful response
2022-12-09T22:34:59.561Z [info] : 	Code: F100  searchFlights  Function Called
2022-12-09T22:34:59.586Z [info] : 	Code: HTTP200,  searchFlights  Successful response
2022-12-09T22:34:59.938Z [info] : 	Code: F100  searchFlights  Function Called
2022-12-09T22:34:59.944Z [info] : 	Code: F100  getAllFlights  Function Called
2022-12-09T22:34:59.954Z [info] : 	Code: HTTP200,  getAllFlights  Successful response
2022-12-09T22:34:59.959Z [info] : 	Code: HTTP200,  searchFlights  Successful response
2022-12-09T22:35:17.822Z [info] : 	Code: F100  saveFlight  Function Called
2022-12-09T22:35:17.864Z [info] : 	Code: HTTP200,  saveFlight  Successful response
2022-12-09T22:35:55.472Z [info] : 	Code: F100 login Function Called
2022-12-09T22:35:55.577Z [info] : 	Code: F100  getAllFlights  Function Called
2022-12-09T22:35:55.581Z [info] : 	Code: HTTP200,  getAllFlights  Successful response
2022-12-09T22:36:05.918Z [info] : 	Code: F100  searchFlights  Function Called
2022-12-09T22:36:05.937Z [info] : 	Code: HTTP200,  searchFlights  Successful response
2022-12-09T22:36:06.169Z [info] : 	Code: F100  searchFlights  Function Called
2022-12-09T22:36:06.178Z [info] : 	Code: HTTP200,  searchFlights  Successful response
2022-12-09T22:36:06.276Z [info] : 	Code: F100  getAllFlights  Function Called
2022-12-09T22:36:06.279Z [info] : 	Code: HTTP200,  getAllFlights  Successful response
2022-12-09T22:36:16.392Z [info] : 	Code: F100  searchFlights  Function Called
2022-12-09T22:36:16.401Z [info] : 	Code: HTTP200,  searchFlights  Successful response
2022-12-09T22:36:16.714Z [info] : 	Code: F100  getAllFlights  Function Called
2022-12-09T22:36:16.720Z [info] : 	Code: HTTP200,  getAllFlights  Successful response
2022-12-09T22:36:25.565Z [info] : 	Code: F100  searchFlights  Function Called
2022-12-09T22:36:25.573Z [info] : 	Code: HTTP200,  searchFlights  Successful response
2022-12-09T22:36:43.025Z [info] : 	Code: F100  searchFlights  Function Called
2022-12-09T22:36:43.029Z [info] : 	Code: F100  getAllFlights  Function Called
2022-12-09T22:36:43.045Z [info] : 	Code: HTTP200,  getAllFlights  Successful response
2022-12-09T22:36:43.056Z [info] : 	Code: HTTP200,  searchFlights  Successful response
2022-12-09T22:36:46.759Z [info] : 	Code: F100  getAllFlights  Function Called
2022-12-09T22:36:46.763Z [info] : 	Code: HTTP200,  getAllFlights  Successful response
2022-12-09T22:37:07.771Z [info] : 	Code: F100  searchFlights  Function Called
2022-12-09T22:37:07.791Z [info] : 	Code: HTTP200,  searchFlights  Successful response
2022-12-09T22:37:07.843Z [info] : 	Code: F100  searchFlights  Function Called
2022-12-09T22:37:07.853Z [info] : 	Code: HTTP200,  searchFlights  Successful response
2022-12-09T22:37:08.165Z [info] : 	Code: F100  getAllFlights  Function Called
2022-12-09T22:37:08.168Z [info] : 	Code: HTTP200,  getAllFlights  Successful response
2022-12-09T22:57:31.199Z [info] : 	Code: F100  searchFlights  Function Called
2022-12-09T22:57:31.217Z [info] : 	Code: HTTP200,  searchFlights  Successful response
2022-12-09T22:57:31.304Z [info] : 	Code: F100  getAllFlights  Function Called
2022-12-09T22:57:31.310Z [info] : 	Code: HTTP200,  getAllFlights  Successful response
2022-12-09T22:57:45.678Z [info] : 	Code: F100  searchFlights  Function Called
2022-12-09T22:57:45.694Z [info] : 	Code: HTTP200,  searchFlights  Successful response
2022-12-09T22:57:45.698Z [info] : 	Code: F100  getAllFlights  Function Called
2022-12-09T22:57:45.701Z [info] : 	Code: HTTP200,  getAllFlights  Successful response
2022-12-09T22:57:54.359Z [info] : 	Code: F100  searchFlights  Function Called
2022-12-09T22:57:54.364Z [info] : 	Code: F100  getAllFlights  Function Called
2022-12-09T22:57:54.367Z [info] : 	Code: HTTP200,  getAllFlights  Successful response
2022-12-09T22:57:54.376Z [info] : 	Code: HTTP200,  searchFlights  Successful response
2022-12-09T22:57:54.777Z [info] : 	Code: F100  getAllFlights  Function Called
2022-12-09T22:57:54.780Z [info] : 	Code: HTTP200,  getAllFlights  Successful response
2022-12-09T22:58:07.640Z [info] : 	Code: F100  searchFlights  Function Called
2022-12-09T22:58:07.656Z [info] : 	Code: HTTP200,  searchFlights  Successful response
2022-12-09T22:58:08.017Z [info] : 	Code: F100  getAllFlights  Function Called
2022-12-09T22:58:08.019Z [info] : 	Code: F100  searchFlights  Function Called
2022-12-09T22:58:08.023Z [info] : 	Code: HTTP200,  getAllFlights  Successful response
2022-12-09T22:58:08.029Z [info] : 	Code: HTTP200,  searchFlights  Successful response
2022-12-09T22:59:09.481Z [info] : 	Code: F100  saveFlight  Function Called
2022-12-09T22:59:09.540Z [info] : 	Code: HTTP200,  saveFlight  Successful response
2022-12-09T22:59:34.621Z [info] : 	Code: F100 login Function Called
2022-12-09T22:59:34.736Z [info] : 	Code: F100  getAllFlights  Function Called
2022-12-09T22:59:34.740Z [info] : 	Code: HTTP200,  getAllFlights  Successful response
2022-12-09T22:59:56.295Z [info] : 	Code: F100  searchFlights  Function Called
2022-12-09T22:59:56.308Z [info] : 	Code: HTTP200,  searchFlights  Successful response
2022-12-09T22:59:56.559Z [info] : 	Code: F100  searchFlights  Function Called
2022-12-09T22:59:56.568Z [info] : 	Code: HTTP200,  searchFlights  Successful response
2022-12-09T22:59:56.651Z [info] : 	Code: F100  getAllFlights  Function Called
2022-12-09T22:59:56.655Z [info] : 	Code: HTTP200,  getAllFlights  Successful response
2022-12-09T23:00:35.136Z [info] : 	Code: F100  saveFlight  Function Called
2022-12-09T23:00:35.187Z [info] : 	Code: HTTP200,  saveFlight  Successful response
2022-12-09T23:00:53.002Z [info] : 	Code: F100 login Function Called
2022-12-09T23:00:53.424Z [info] : 	Code: F100  getAllFlights  Function Called
2022-12-09T23:00:53.431Z [info] : 	Code: HTTP200,  getAllFlights  Successful response
2022-12-09T23:01:16.973Z [info] : 	Code: F100  searchFlights  Function Called
2022-12-09T23:01:16.991Z [info] : 	Code: HTTP200,  searchFlights  Successful response
2022-12-09T23:01:17.361Z [info] : 	Code: F100  getAllFlights  Function Called
2022-12-09T23:01:17.364Z [info] : 	Code: F100  searchFlights  Function Called
2022-12-09T23:01:17.369Z [info] : 	Code: HTTP200,  getAllFlights  Successful response
2022-12-09T23:01:17.376Z [info] : 	Code: HTTP200,  searchFlights  Successful response
2022-12-09T23:01:53.261Z [info] : 	Code: F100  getAllFlights  Function Called
2022-12-09T23:01:53.276Z [info] : 	Code: HTTP200,  getAllFlights  Successful response
2022-12-09T23:02:10.386Z [info] : 	Code: F100  searchFlights  Function Called
2022-12-09T23:02:10.399Z [info] : 	Code: HTTP200,  searchFlights  Successful response
2022-12-09T23:02:10.629Z [info] : 	Code: F100  searchFlights  Function Called
2022-12-09T23:02:10.636Z [info] : 	Code: HTTP200,  searchFlights  Successful response
2022-12-09T23:02:10.744Z [info] : 	Code: F100  getAllFlights  Function Called
2022-12-09T23:02:10.746Z [info] : 	Code: HTTP200,  getAllFlights  Successful response
2022-12-09T23:04:45.665Z [info] : 	Code: F100  searchFlights  Function Called
2022-12-09T23:04:45.668Z [info] : 	Code: F100  getAllFlights  Function Called
2022-12-09T23:04:45.681Z [info] : 	Code: HTTP200,  getAllFlights  Successful response
2022-12-09T23:04:45.690Z [info] : 	Code: HTTP200,  searchFlights  Successful response
2022-12-09T23:11:09.026Z [info] : 	Code: F100  searchFlights  Function Called
2022-12-09T23:11:09.050Z [info] : 	Code: F100  getAllFlights  Function Called
2022-12-09T23:11:09.071Z [info] : 	Code: HTTP200,  getAllFlights  Successful response
2022-12-09T23:11:09.103Z [info] : 	Code: HTTP200,  searchFlights  Successful response
2022-12-09T23:12:38.274Z [info] : 	Code: F100 login Function Called
2022-12-09T23:12:38.489Z [info] : 	Code: F100  getAllFlights  Function Called
2022-12-09T23:12:38.496Z [info] : 	Code: HTTP200,  getAllFlights  Successful response
2022-12-09T23:12:57.421Z [info] : 	Code: F100  searchFlights  Function Called
2022-12-09T23:12:57.446Z [info] : 	Code: HTTP200,  searchFlights  Successful response
2022-12-09T23:12:57.686Z [info] : 	Code: F100  searchFlights  Function Called
2022-12-09T23:12:57.712Z [info] : 	Code: HTTP200,  searchFlights  Successful response
2022-12-09T23:12:57.796Z [info] : 	Code: F100  getAllFlights  Function Called
2022-12-09T23:12:57.801Z [info] : 	Code: HTTP200,  getAllFlights  Successful response
2022-12-09T23:13:03.680Z [info] : 	Code: F100  searchFlights  Function Called
2022-12-09T23:13:03.701Z [info] : 	Code: HTTP200,  searchFlights  Successful response
2022-12-09T23:14:19.440Z [info] : 	Code: F100  saveFlight  Function Called
2022-12-09T23:14:19.509Z [info] : 	Code: HTTP200,  saveFlight  Successful response
2022-12-09T23:14:42.920Z [info] : 	Code: F100 login Function Called
2022-12-09T23:14:43.326Z [info] : 	Code: F100  getAllFlights  Function Called
2022-12-09T23:14:43.339Z [info] : 	Code: HTTP200,  getAllFlights  Successful response
2022-12-09T23:14:55.179Z [info] : 	Code: F100  searchFlights  Function Called
2022-12-09T23:14:55.206Z [info] : 	Code: HTTP200,  searchFlights  Successful response
2022-12-09T23:14:55.566Z [info] : 	Code: F100  getAllFlights  Function Called
2022-12-09T23:14:55.574Z [info] : 	Code: F100  searchFlights  Function Called
2022-12-09T23:14:55.583Z [info] : 	Code: HTTP200,  getAllFlights  Successful response
2022-12-09T23:14:55.595Z [info] : 	Code: HTTP200,  searchFlights  Successful response
2022-12-09T23:15:28.183Z [info] : 	Code: F100  saveFlight  Function Called
2022-12-09T23:15:28.235Z [info] : 	Code: HTTP200,  saveFlight  Successful response
2022-12-09T23:15:47.695Z [info] : 	Code: F100 login Function Called
2022-12-09T23:15:47.832Z [info] : 	Code: F100  getAllFlights  Function Called
2022-12-09T23:15:47.837Z [info] : 	Code: HTTP200,  getAllFlights  Successful response
2022-12-09T23:16:01.528Z [info] : 	Code: F100  searchFlights  Function Called
2022-12-09T23:16:01.548Z [info] : 	Code: HTTP200,  searchFlights  Successful response
2022-12-09T23:16:01.805Z [info] : 	Code: F100  searchFlights  Function Called
2022-12-09T23:16:01.814Z [info] : 	Code: HTTP200,  searchFlights  Successful response
2022-12-09T23:16:01.896Z [info] : 	Code: F100  getAllFlights  Function Called
2022-12-09T23:16:01.898Z [info] : 	Code: HTTP200,  getAllFlights  Successful response
2022-12-09T23:22:35.921Z [info] : 	Code: F100  searchFlights  Function Called
2022-12-09T23:22:35.956Z [info] : 	Code: F100  getAllFlights  Function Called
2022-12-09T23:22:35.987Z [info] : 	Code: HTTP200,  getAllFlights  Successful response
2022-12-09T23:22:36.006Z [info] : 	Code: HTTP200,  searchFlights  Successful response
2022-12-09T23:22:49.713Z [info] : 	Code: F100  getAllFlights  Function Called
2022-12-09T23:22:49.731Z [info] : 	Code: HTTP200,  getAllFlights  Successful response
2022-12-09T23:23:04.259Z [info] : 	Code: F100  searchFlights  Function Called
2022-12-09T23:23:04.268Z [info] : 	Code: HTTP200,  searchFlights  Successful response
2022-12-09T23:23:04.505Z [info] : 	Code: F100  searchFlights  Function Called
2022-12-09T23:23:04.510Z [info] : 	Code: HTTP200,  searchFlights  Successful response
2022-12-09T23:23:04.624Z [info] : 	Code: F100  getAllFlights  Function Called
2022-12-09T23:23:04.630Z [info] : 	Code: HTTP200,  getAllFlights  Successful response
2022-12-09T23:23:07.019Z [info] : 	Code: F100  getAllFlights  Function Called
2022-12-09T23:23:07.030Z [info] : 	Code: HTTP200,  getAllFlights  Successful response
2022-12-09T23:23:33.914Z [info] : 	Code: F100  searchFlights  Function Called
2022-12-09T23:23:33.938Z [info] : 	Code: HTTP200,  searchFlights  Successful response
2022-12-09T23:23:34.168Z [info] : 	Code: F100  searchFlights  Function Called
2022-12-09T23:23:34.172Z [info] : 	Code: HTTP200,  searchFlights  Successful response
2022-12-09T23:23:34.278Z [info] : 	Code: F100  getAllFlights  Function Called
2022-12-09T23:23:34.281Z [info] : 	Code: HTTP200,  getAllFlights  Successful response
2022-12-09T23:25:21.254Z [info] : 	Code: F100 login Function Called
2022-12-09T23:25:21.362Z [info] : 	Code: F100  getAllFlights  Function Called
2022-12-09T23:25:21.372Z [info] : 	Code: HTTP200,  getAllFlights  Successful response
2022-12-09T23:25:38.313Z [info] : 	Code: F100  searchFlights  Function Called
2022-12-09T23:25:38.349Z [info] : 	Code: HTTP200,  searchFlights  Successful response
2022-12-09T23:25:38.571Z [info] : 	Code: F100  searchFlights  Function Called
2022-12-09T23:25:38.589Z [info] : 	Code: HTTP200,  searchFlights  Successful response
2022-12-09T23:25:38.708Z [info] : 	Code: F100  getAllFlights  Function Called
2022-12-09T23:25:38.713Z [info] : 	Code: HTTP200,  getAllFlights  Successful response
2022-12-09T23:26:01.890Z [info] : 	Code: F100  saveFlight  Function Called
2022-12-09T23:26:01.926Z [info] : 	Code: HTTP200,  saveFlight  Successful response
2022-12-09T23:26:11.393Z [info] : 	Code: F100 login Function Called
2022-12-09T23:26:11.795Z [info] : 	Code: F100  getAllFlights  Function Called
2022-12-09T23:26:11.800Z [info] : 	Code: HTTP200,  getAllFlights  Successful response
2022-12-09T23:26:21.654Z [info] : 	Code: F100  searchFlights  Function Called
2022-12-09T23:26:21.672Z [info] : 	Code: HTTP200,  searchFlights  Successful response
2022-12-09T23:26:22.034Z [info] : 	Code: F100  getAllFlights  Function Called
2022-12-09T23:26:22.042Z [info] : 	Code: F100  searchFlights  Function Called
2022-12-09T23:26:22.052Z [info] : 	Code: HTTP200,  getAllFlights  Successful response
2022-12-09T23:26:22.070Z [info] : 	Code: HTTP200,  searchFlights  Successful response
2022-12-09T23:26:33.388Z [info] : 	Code: F100  searchFlights  Function Called
2022-12-09T23:26:33.412Z [info] : 	Code: HTTP200,  searchFlights  Successful response
2022-12-09T23:26:39.454Z [info] : 	Code: F100  searchFlights  Function Called
2022-12-09T23:26:39.464Z [info] : 	Code: HTTP200,  searchFlights  Successful response
2022-12-09T23:26:45.712Z [info] : 	Code: F100  searchFlights  Function Called
2022-12-09T23:26:45.721Z [info] : 	Code: HTTP200,  searchFlights  Successful response
2022-12-09T23:26:51.896Z [info] : 	Code: F100  searchFlights  Function Called
2022-12-09T23:26:51.904Z [info] : 	Code: HTTP200,  searchFlights  Successful response
2022-12-09T23:26:53.870Z [info] : 	Code: F100  searchFlights  Function Called
2022-12-09T23:26:53.880Z [info] : 	Code: HTTP200,  searchFlights  Successful response
2022-12-09T23:26:59.569Z [info] : 	Code: F100  searchFlights  Function Called
2022-12-09T23:26:59.576Z [info] : 	Code: HTTP200,  searchFlights  Successful response
2022-12-09T23:27:06.542Z [info] : 	Code: F100  searchFlights  Function Called
2022-12-09T23:27:06.552Z [info] : 	Code: HTTP200,  searchFlights  Successful response
2022-12-09T23:28:24.837Z [info] : 	Code: F100  searchFlights  Function Called
2022-12-09T23:28:24.861Z [info] : 	Code: HTTP200,  searchFlights  Successful response
2022-12-09T23:28:25.153Z [info] : 	Code: F100  getAllFlights  Function Called
2022-12-09T23:28:25.164Z [info] : 	Code: HTTP200,  getAllFlights  Successful response
2022-12-09T23:28:27.494Z [info] : 	Code: F100  searchFlights  Function Called
2022-12-09T23:28:27.504Z [info] : 	Code: HTTP200,  searchFlights  Successful response
2022-12-09T23:29:08.681Z [info] : 	Code: F100  searchFlights  Function Called
2022-12-09T23:29:08.683Z [info] : 	Code: F100  getAllFlights  Function Called
2022-12-09T23:29:08.696Z [info] : 	Code: HTTP200,  getAllFlights  Successful response
2022-12-09T23:29:08.704Z [info] : 	Code: HTTP200,  searchFlights  Successful response
2022-12-09T23:29:21.258Z [info] : 	Code: F100  searchFlights  Function Called
2022-12-09T23:29:21.291Z [info] : 	Code: HTTP200,  searchFlights  Successful response
2022-12-09T23:36:10.741Z [info] : 	Code: F100  saveFlight  Function Called
2022-12-09T23:36:10.755Z [info] : 	Code: HTTP200,  saveFlight  Successful response
2022-12-09T23:39:49.574Z [info] : 	Code: F100  saveFlight  Function Called
2022-12-09T23:39:49.587Z [info] : 	Code: HTTP200,  saveFlight  Successful response
2022-12-09T23:48:41.791Z [info] : 	Code: F100  saveFlight  Function Called
2022-12-09T23:48:41.802Z [info] : 	Code: HTTP200,  saveFlight  Successful response
2022-12-09T23:51:24.818Z [info] : 	Code: F100  saveFlight  Function Called
2022-12-09T23:51:24.837Z [info] : 	Code: HTTP200,  saveFlight  Successful response
2022-12-09T23:52:00.177Z [info] : 	Code: F100  saveFlight  Function Called
2022-12-09T23:52:00.194Z [info] : 	Code: HTTP200,  saveFlight  Successful response
2022-12-09T23:58:16.434Z [info] : 	Code: F100  saveFlight  Function Called
2022-12-09T23:58:16.444Z [info] : 	Code: HTTP200,  saveFlight  Successful response
2022-12-10T00:02:58.800Z [info] : 	Code: F100  saveFlight  Function Called
2022-12-10T00:02:58.815Z [info] : 	Code: HTTP200,  saveFlight  Successful response
2022-12-10T00:04:52.135Z [info] : 	Code: F100  saveFlight  Function Called
2022-12-10T00:04:52.148Z [info] : 	Code: HTTP200,  saveFlight  Successful response
2022-12-10T00:05:31.662Z [info] : 	Code: F100  saveFlight  Function Called
2022-12-10T00:05:31.673Z [info] : 	Code: HTTP200,  saveFlight  Successful response
2022-12-10T00:05:56.785Z [info] : 	Code: F100  getAllFlights  Function Called
2022-12-10T00:05:56.800Z [info] : 	Code: HTTP200,  getAllFlights  Successful response
