2022-11-30T22:51:33.206Z [info] : 	Code: F100 login Function Called
2022-11-30T22:51:45.715Z [info] : 	Code: F100 login Function Called
2022-12-01T09:48:57.255Z [info] : 	Code: F100 login Function Called
2022-12-01T16:08:01.666Z [info] : 	Code: F100 login Function Called
2022-12-01T18:14:34.512Z [info] : 	Code: F100 login Function Called
2022-12-01T19:14:45.645Z [info] : 	Code: F100 login Function Called
2022-12-01T19:51:41.227Z [info] : 	Code: F100  getAllFlights  Function Called
2022-12-01T19:51:41.339Z [info] : 	Code: HTTP200,  getAllFlights  Successful response
2022-12-01T20:26:30.989Z [info] : 	Code: F100  searchFlights  Function Called
2022-12-01T20:26:31.017Z [info] : 	Code: HTTP200,  searchFlights  Successful response
2022-12-01T20:33:25.001Z [info] : 	Code: F100  getAllFlights  Function Called
2022-12-01T20:33:25.017Z [info] : 	Code: HTTP200,  getAllFlights  Successful response
2022-12-01T21:06:46.641Z [info] : 	Code: F100 login Function Called
2022-12-01T21:12:58.077Z [info] : 	Code: F100 login Function Called
2022-12-01T21:12:58.260Z [info] : 	Code: F100  getAllFlights  Function Called
2022-12-01T21:12:58.266Z [info] : 	Code: HTTP200,  getAllFlights  Successful response
2022-12-01T21:18:38.452Z [info] : 	Code: F100  getAllFlights  Function Called
2022-12-01T21:18:38.467Z [info] : 	Code: HTTP200,  getAllFlights  Successful response
2022-12-01T21:18:59.997Z [info] : 	Code: F100  getAllFlights  Function Called
2022-12-01T21:19:00.024Z [info] : 	Code: HTTP200,  getAllFlights  Successful response
2022-12-01T21:19:48.769Z [info] : 	Code: F100  getAllFlights  Function Called
2022-12-01T21:19:48.783Z [info] : 	Code: HTTP200,  getAllFlights  Successful response
2022-12-01T21:20:27.435Z [info] : 	Code: F100  getAllFlights  Function Called
2022-12-01T21:20:27.449Z [info] : 	Code: HTTP200,  getAllFlights  Successful response
2022-12-01T21:20:59.520Z [info] : 	Code: F100  getAllFlights  Function Called
2022-12-01T21:20:59.531Z [info] : 	Code: HTTP200,  getAllFlights  Successful response
2022-12-01T21:21:29.991Z [info] : 	Code: F100  getAllFlights  Function Called
2022-12-01T21:21:30.003Z [info] : 	Code: HTTP200,  getAllFlights  Successful response
2022-12-01T21:21:44.449Z [info] : 	Code: F100  getAllFlights  Function Called
2022-12-01T21:21:44.465Z [info] : 	Code: HTTP200,  getAllFlights  Successful response
2022-12-01T21:22:02.490Z [info] : 	Code: F100  getAllFlights  Function Called
2022-12-01T21:22:02.501Z [info] : 	Code: HTTP200,  getAllFlights  Successful response
2022-12-01T21:28:05.633Z [info] : 	Code: F100  getAllFlights  Function Called
2022-12-01T21:28:05.644Z [info] : 	Code: HTTP200,  getAllFlights  Successful response
2022-12-01T21:37:47.292Z [info] : 	Code: F100  getAllFlights  Function Called
2022-12-01T21:37:47.305Z [info] : 	Code: HTTP200,  getAllFlights  Successful response
2022-12-01T21:40:39.696Z [info] : 	Code: F100  getAllFlights  Function Called
2022-12-01T21:40:39.704Z [info] : 	Code: HTTP200,  getAllFlights  Successful response
2022-12-01T21:42:01.179Z [info] : 	Code: F100  getAllFlights  Function Called
2022-12-01T21:42:01.190Z [info] : 	Code: HTTP200,  getAllFlights  Successful response
2022-12-01T21:42:22.328Z [info] : 	Code: F100  getAllFlights  Function Called
2022-12-01T21:42:22.338Z [info] : 	Code: HTTP200,  getAllFlights  Successful response
2022-12-01T21:42:35.762Z [info] : 	Code: F100  getAllFlights  Function Called
2022-12-01T21:42:35.771Z [info] : 	Code: HTTP200,  getAllFlights  Successful response
2022-12-01T21:51:41.473Z [info] : 	Code: F100  getAllFlights  Function Called
2022-12-01T21:51:41.482Z [info] : 	Code: HTTP200,  getAllFlights  Successful response
2022-12-01T21:52:56.442Z [info] : 	Code: F100  getAllFlights  Function Called
2022-12-01T21:52:56.449Z [info] : 	Code: HTTP200,  getAllFlights  Successful response
2022-12-01T21:53:25.389Z [info] : 	Code: F100  getAllFlights  Function Called
2022-12-01T21:53:25.400Z [info] : 	Code: HTTP200,  getAllFlights  Successful response
2022-12-01T21:53:51.566Z [info] : 	Code: F100  getAllFlights  Function Called
2022-12-01T21:53:51.578Z [info] : 	Code: HTTP200,  getAllFlights  Successful response
2022-12-01T21:57:17.489Z [info] : 	Code: F100  getAllFlights  Function Called
2022-12-01T21:57:17.496Z [info] : 	Code: HTTP200,  getAllFlights  Successful response
