2022-11-16T22:06:25.182Z [info] : 	Code: F100  getAllHistoryOrders  Function Called
2022-11-16T22:06:25.227Z [info] : 	Code: HTTP200,  getAllHistoryOrders  Successful response
2022-11-16T22:06:25.877Z [info] : 	Code: F100  getAllHistoryOrders  Function Called
2022-11-16T22:06:25.885Z [info] : 	Code: HTTP200,  getAllHistoryOrders  Successful response
2022-11-16T22:12:51.657Z [info] : 	Code: F100  getAllHistoryOrders  Function Called
2022-11-16T22:12:51.670Z [info] : 	Code: HTTP200,  getAllHistoryOrders  Successful response
2022-11-16T22:15:01.120Z [info] : 	Code: F100  getAllHistoryOrders  Function Called
2022-11-16T22:15:01.130Z [info] : 	Code: HTTP200,  getAllHistoryOrders  Successful response
2022-11-16T22:15:37.339Z [info] : 	Code: F100  getAllHistoryOrders  Function Called
2022-11-16T22:15:37.349Z [info] : 	Code: HTTP200,  getAllHistoryOrders  Successful response
2022-11-16T22:15:57.441Z [info] : 	Code: F100  getAllHistoryOrders  Function Called
2022-11-16T22:15:57.454Z [info] : 	Code: HTTP200,  getAllHistoryOrders  Successful response
2022-11-16T22:16:32.819Z [info] : 	Code: F100  getAllHistoryOrders  Function Called
2022-11-16T22:16:32.830Z [info] : 	Code: HTTP200,  getAllHistoryOrders  Successful response
2022-11-16T22:17:21.203Z [info] : 	Code: F100  getAllHistoryOrders  Function Called
2022-11-16T22:17:21.213Z [info] : 	Code: HTTP200,  getAllHistoryOrders  Successful response
2022-11-16T22:17:54.384Z [info] : 	Code: F100  getAllHistoryOrders  Function Called
2022-11-16T22:17:54.394Z [info] : 	Code: HTTP200,  getAllHistoryOrders  Successful response
2022-11-16T22:18:24.126Z [info] : 	Code: F100  getAllHistoryOrders  Function Called
2022-11-16T22:18:24.138Z [info] : 	Code: HTTP200,  getAllHistoryOrders  Successful response
2022-11-16T22:18:41.772Z [info] : 	Code: F100  getAllHistoryOrders  Function Called
2022-11-16T22:18:41.784Z [info] : 	Code: HTTP200,  getAllHistoryOrders  Successful response
2022-11-16T22:19:04.712Z [info] : 	Code: F100  getAllHistoryOrders  Function Called
2022-11-16T22:19:04.724Z [info] : 	Code: HTTP200,  getAllHistoryOrders  Successful response
2022-11-16T22:26:16.506Z [info] : 	Code: F100  getAllHistoryOrders  Function Called
2022-11-16T22:26:16.518Z [info] : 	Code: HTTP200,  getAllHistoryOrders  Successful response
2022-11-16T22:26:18.013Z [info] : 	Code: F100  getAllHistoryOrders  Function Called
2022-11-16T22:26:18.018Z [info] : 	Code: HTTP200,  getAllHistoryOrders  Successful response
2022-11-16T22:28:30.120Z [info] : 	Code: F100  getAllHistoryOrders  Function Called
2022-11-16T22:28:30.131Z [info] : 	Code: HTTP200,  getAllHistoryOrders  Successful response
2022-11-16T22:28:48.842Z [info] : 	Code: F100  getAllHistoryOrders  Function Called
2022-11-16T22:28:48.852Z [info] : 	Code: HTTP200,  getAllHistoryOrders  Successful response
2022-11-16T22:32:14.617Z [info] : 	Code: F100  getAllHistoryOrders  Function Called
2022-11-16T22:32:14.626Z [info] : 	Code: HTTP200,  getAllHistoryOrders  Successful response
2022-11-16T22:33:28.302Z [info] : 	Code: F100  getAllHistoryOrders  Function Called
2022-11-16T22:33:28.314Z [info] : 	Code: HTTP200,  getAllHistoryOrders  Successful response
2022-11-16T22:33:40.434Z [info] : 	Code: F100  getAllHistoryOrders  Function Called
2022-11-16T22:33:40.445Z [info] : 	Code: HTTP200,  getAllHistoryOrders  Successful response
2022-11-16T22:34:15.813Z [info] : 	Code: F100  getAllHistoryOrders  Function Called
2022-11-16T22:34:15.827Z [info] : 	Code: HTTP200,  getAllHistoryOrders  Successful response
2022-11-16T22:35:28.845Z [info] : 	Code: F100  getAllHistoryOrders  Function Called
2022-11-16T22:35:28.856Z [info] : 	Code: HTTP200,  getAllHistoryOrders  Successful response
2022-11-16T22:36:24.931Z [info] : 	Code: F100  getAllHistoryOrders  Function Called
2022-11-16T22:36:24.942Z [info] : 	Code: HTTP200,  getAllHistoryOrders  Successful response
2022-11-16T22:36:48.308Z [info] : 	Code: F100  getAllHistoryOrders  Function Called
2022-11-16T22:36:48.322Z [info] : 	Code: HTTP200,  getAllHistoryOrders  Successful response
2022-11-16T22:37:32.688Z [info] : 	Code: F100  getAllHistoryOrders  Function Called
2022-11-16T22:37:32.706Z [info] : 	Code: HTTP200,  getAllHistoryOrders  Successful response
2022-11-16T22:37:38.257Z [info] : 	Code: F100  getAllHistoryOrders  Function Called
2022-11-16T22:37:38.264Z [info] : 	Code: HTTP200,  getAllHistoryOrders  Successful response
2022-11-16T22:38:09.251Z [info] : 	Code: F100  getAllHistoryOrders  Function Called
2022-11-16T22:38:09.266Z [info] : 	Code: HTTP200,  getAllHistoryOrders  Successful response
2022-11-16T22:43:49.639Z [info] : 	Code: F100  getAllHistoryOrders  Function Called
2022-11-16T22:43:49.651Z [info] : 	Code: HTTP200,  getAllHistoryOrders  Successful response
2022-11-16T22:44:19.960Z [info] : 	Code: F100  getAllHistoryOrders  Function Called
2022-11-16T22:44:19.971Z [info] : 	Code: HTTP200,  getAllHistoryOrders  Successful response
2022-11-16T22:45:23.023Z [info] : 	Code: F100  getAllHistoryOrders  Function Called
2022-11-16T22:45:23.038Z [info] : 	Code: HTTP200,  getAllHistoryOrders  Successful response
2022-11-16T22:48:09.246Z [info] : 	Code: F100  getAllHistoryOrders  Function Called
2022-11-16T22:48:09.259Z [info] : 	Code: HTTP200,  getAllHistoryOrders  Successful response
2022-11-16T22:48:27.740Z [info] : 	Code: F100  getAllHistoryOrders  Function Called
2022-11-16T22:48:27.750Z [info] : 	Code: HTTP200,  getAllHistoryOrders  Successful response
2022-11-16T22:48:41.086Z [info] : 	Code: F100  getAllHistoryOrders  Function Called
2022-11-16T22:48:41.100Z [info] : 	Code: HTTP200,  getAllHistoryOrders  Successful response
2022-11-16T22:49:06.874Z [info] : 	Code: F100  getAllHistoryOrders  Function Called
2022-11-16T22:49:06.889Z [info] : 	Code: HTTP200,  getAllHistoryOrders  Successful response
2022-11-16T22:49:40.615Z [info] : 	Code: F100  getAllHistoryOrders  Function Called
2022-11-16T22:49:40.625Z [info] : 	Code: HTTP200,  getAllHistoryOrders  Successful response
2022-11-16T22:49:57.090Z [info] : 	Code: F100  getAllHistoryOrders  Function Called
2022-11-16T22:49:57.103Z [info] : 	Code: HTTP200,  getAllHistoryOrders  Successful response
2022-11-16T22:50:17.520Z [info] : 	Code: F100  getAllHistoryOrders  Function Called
2022-11-16T22:50:17.530Z [info] : 	Code: HTTP200,  getAllHistoryOrders  Successful response
2022-11-16T22:50:42.653Z [info] : 	Code: F100  getAllHistoryOrders  Function Called
2022-11-16T22:50:42.663Z [info] : 	Code: HTTP200,  getAllHistoryOrders  Successful response
2022-11-16T22:51:04.544Z [info] : 	Code: F100  getAllHistoryOrders  Function Called
2022-11-16T22:51:04.556Z [info] : 	Code: HTTP200,  getAllHistoryOrders  Successful response
2022-11-16T22:51:37.864Z [info] : 	Code: F100  getAllHistoryOrders  Function Called
2022-11-16T22:51:37.876Z [info] : 	Code: HTTP200,  getAllHistoryOrders  Successful response
2022-11-16T22:52:16.700Z [info] : 	Code: F100  getAllHistoryOrders  Function Called
2022-11-16T22:52:16.710Z [info] : 	Code: HTTP200,  getAllHistoryOrders  Successful response
2022-11-16T22:52:49.436Z [info] : 	Code: F100  getAllHistoryOrders  Function Called
2022-11-16T22:52:49.450Z [info] : 	Code: HTTP200,  getAllHistoryOrders  Successful response
2022-11-16T22:53:04.212Z [info] : 	Code: F100  getAllHistoryOrders  Function Called
2022-11-16T22:53:04.225Z [info] : 	Code: HTTP200,  getAllHistoryOrders  Successful response
2022-11-16T22:53:23.898Z [info] : 	Code: F100  getAllHistoryOrders  Function Called
2022-11-16T22:53:23.911Z [info] : 	Code: HTTP200,  getAllHistoryOrders  Successful response
2022-11-16T22:53:59.033Z [info] : 	Code: F100  getAllHistoryOrders  Function Called
2022-11-16T22:53:59.045Z [info] : 	Code: HTTP200,  getAllHistoryOrders  Successful response
2022-11-16T22:55:50.830Z [info] : 	Code: F100  getAllHistoryOrders  Function Called
2022-11-16T22:55:50.841Z [info] : 	Code: HTTP200,  getAllHistoryOrders  Successful response
2022-11-16T22:55:58.296Z [info] : 	Code: F100  getAllHistoryOrders  Function Called
2022-11-16T22:55:58.304Z [info] : 	Code: HTTP200,  getAllHistoryOrders  Successful response
2022-11-16T22:56:08.130Z [info] : 	Code: F100  getAllHistoryOrders  Function Called
2022-11-16T22:56:08.139Z [info] : 	Code: HTTP200,  getAllHistoryOrders  Successful response
2022-11-16T22:58:36.092Z [info] : 	Code: F100  getAllHistoryOrders  Function Called
2022-11-16T22:58:36.106Z [info] : 	Code: HTTP200,  getAllHistoryOrders  Successful response
2022-11-16T22:59:01.820Z [info] : 	Code: F100  getAllHistoryOrders  Function Called
2022-11-16T22:59:01.832Z [info] : 	Code: HTTP200,  getAllHistoryOrders  Successful response
2022-11-16T22:59:49.543Z [info] : 	Code: F100  getAllHistoryOrders  Function Called
2022-11-16T22:59:49.552Z [info] : 	Code: HTTP200,  getAllHistoryOrders  Successful response
2022-11-16T23:00:17.674Z [info] : 	Code: F100  getAllHistoryOrders  Function Called
2022-11-16T23:00:17.684Z [info] : 	Code: HTTP200,  getAllHistoryOrders  Successful response
2022-11-16T23:00:23.458Z [info] : 	Code: F100  getAllBurgers  Function Called
2022-11-16T23:00:23.466Z [info] : 	Code: HTTP200,  getAllBurgers  Successful response
2022-11-16T23:00:24.393Z [info] : 	Code: F100  getAllBurgers  Function Called
2022-11-16T23:00:24.399Z [info] : 	Code: HTTP200,  getAllBurgers  Successful response
2022-11-16T23:01:36.160Z [info] : 	Code: F100  getAllBurgers  Function Called
2022-11-16T23:01:36.172Z [info] : 	Code: HTTP200,  getAllBurgers  Successful response
2022-11-16T23:01:36.845Z [info] : 	Code: F100  getAllBurgers  Function Called
2022-11-16T23:01:36.852Z [info] : 	Code: HTTP200,  getAllBurgers  Successful response
2022-11-16T23:01:45.025Z [info] : 	Code: F100 login Function Called
2022-11-16T23:02:00.765Z [info] : 	Code: F100  getAllBurgers  Function Called
2022-11-16T23:02:00.779Z [info] : 	Code: HTTP200,  getAllBurgers  Successful response
2022-11-16T23:02:01.593Z [info] : 	Code: F100  getAllBurgers  Function Called
2022-11-16T23:02:01.604Z [info] : 	Code: HTTP200,  getAllBurgers  Successful response
2022-11-16T23:02:34.309Z [info] : 	Code: F100  getAllBurgers  Function Called
2022-11-16T23:02:34.319Z [info] : 	Code: HTTP200,  getAllBurgers  Successful response
2022-11-16T23:02:42.286Z [info] : 	Code: F100  getAllHistoryOrders  Function Called
2022-11-16T23:02:42.300Z [info] : 	Code: HTTP200,  getAllHistoryOrders  Successful response
2022-11-16T23:02:43.351Z [info] : 	Code: F100  getAllHistoryOrders  Function Called
2022-11-16T23:02:43.359Z [info] : 	Code: HTTP200,  getAllHistoryOrders  Successful response
2022-11-16T23:04:51.910Z [info] : 	Code: F100  getAllHistoryOrders  Function Called
2022-11-16T23:04:51.920Z [info] : 	Code: HTTP200,  getAllHistoryOrders  Successful response
2022-11-16T23:06:17.228Z [info] : 	Code: F100  getAllHistoryOrders  Function Called
2022-11-16T23:06:17.239Z [info] : 	Code: HTTP200,  getAllHistoryOrders  Successful response
2022-11-16T23:07:41.232Z [info] : 	Code: F100  getAllHistoryOrders  Function Called
2022-11-16T23:07:41.240Z [info] : 	Code: HTTP200,  getAllHistoryOrders  Successful response
2022-11-16T23:07:50.741Z [info] : 	Code: F100  getAllBurgers  Function Called
2022-11-16T23:07:50.751Z [info] : 	Code: HTTP200,  getAllBurgers  Successful response
2022-11-16T23:07:51.491Z [info] : 	Code: F100  getAllBurgers  Function Called
2022-11-16T23:07:51.501Z [info] : 	Code: HTTP200,  getAllBurgers  Successful response
2022-11-16T23:08:45.712Z [info] : 	Code: F100  getAllBurgers  Function Called
2022-11-16T23:08:45.733Z [info] : 	Code: HTTP200,  getAllBurgers  Successful response
2022-11-16T23:08:46.697Z [info] : 	Code: F100  getAllHistoryOrders  Function Called
2022-11-16T23:08:46.703Z [info] : 	Code: HTTP200,  getAllHistoryOrders  Successful response
2022-11-16T23:08:47.398Z [info] : 	Code: F100  getAllHistoryOrders  Function Called
2022-11-16T23:08:47.404Z [info] : 	Code: HTTP200,  getAllHistoryOrders  Successful response
2022-11-16T23:09:21.143Z [info] : 	Code: F100  getAllHistoryOrders  Function Called
2022-11-16T23:09:21.152Z [info] : 	Code: HTTP200,  getAllHistoryOrders  Successful response
2022-11-16T23:09:44.815Z [info] : 	Code: F100  getAllHistoryOrders  Function Called
2022-11-16T23:09:44.828Z [info] : 	Code: HTTP200,  getAllHistoryOrders  Successful response
2022-11-16T23:10:35.084Z [info] : 	Code: F100  getAllHistoryOrders  Function Called
2022-11-16T23:10:35.093Z [info] : 	Code: HTTP200,  getAllHistoryOrders  Successful response
2022-11-16T23:11:02.851Z [info] : 	Code: F100  getAllHistoryOrders  Function Called
2022-11-16T23:11:02.859Z [info] : 	Code: HTTP200,  getAllHistoryOrders  Successful response
2022-11-16T23:11:53.216Z [info] : 	Code: F100  getAllHistoryOrders  Function Called
2022-11-16T23:11:53.226Z [info] : 	Code: HTTP200,  getAllHistoryOrders  Successful response
2022-11-16T23:13:44.185Z [info] : 	Code: F100  getAllHistoryOrders  Function Called
2022-11-16T23:13:44.197Z [info] : 	Code: HTTP200,  getAllHistoryOrders  Successful response
2022-11-16T23:14:42.573Z [info] : 	Code: F100  getAllHistoryOrders  Function Called
2022-11-16T23:14:42.589Z [info] : 	Code: HTTP200,  getAllHistoryOrders  Successful response
2022-11-16T23:14:59.961Z [info] : 	Code: F100  getAllHistoryOrders  Function Called
2022-11-16T23:14:59.973Z [info] : 	Code: HTTP200,  getAllHistoryOrders  Successful response
2022-11-16T23:15:46.319Z [info] : 	Code: F100  getAllHistoryOrders  Function Called
2022-11-16T23:15:46.327Z [info] : 	Code: HTTP200,  getAllHistoryOrders  Successful response
2022-11-16T23:17:09.965Z [info] : 	Code: F100  getAllHistoryOrders  Function Called
2022-11-16T23:17:09.976Z [info] : 	Code: HTTP200,  getAllHistoryOrders  Successful response
2022-11-16T23:17:58.559Z [info] : 	Code: F100  getAllHistoryOrders  Function Called
2022-11-16T23:17:58.572Z [info] : 	Code: HTTP200,  getAllHistoryOrders  Successful response
2022-11-16T23:20:10.616Z [info] : 	Code: F100  getAllHistoryOrders  Function Called
2022-11-16T23:20:10.627Z [info] : 	Code: HTTP200,  getAllHistoryOrders  Successful response
2022-11-16T23:20:27.792Z [info] : 	Code: F100  getAllHistoryOrders  Function Called
2022-11-16T23:20:27.804Z [info] : 	Code: HTTP200,  getAllHistoryOrders  Successful response
2022-11-16T23:21:14.199Z [info] : 	Code: F100  getAllHistoryOrders  Function Called
2022-11-16T23:21:14.209Z [info] : 	Code: HTTP200,  getAllHistoryOrders  Successful response
2022-11-16T23:21:23.617Z [info] : 	Code: F100  getAllBurgers  Function Called
2022-11-16T23:21:23.626Z [info] : 	Code: HTTP200,  getAllBurgers  Successful response
2022-11-16T23:21:24.581Z [info] : 	Code: F100  getAllBurgers  Function Called
2022-11-16T23:21:24.589Z [info] : 	Code: HTTP200,  getAllBurgers  Successful response
2022-11-16T23:21:31.222Z [info] : 	Code: F100  getAllHistoryOrders  Function Called
2022-11-16T23:21:31.231Z [info] : 	Code: HTTP200,  getAllHistoryOrders  Successful response
2022-11-16T23:21:32.138Z [info] : 	Code: F100  getAllHistoryOrders  Function Called
2022-11-16T23:21:32.146Z [info] : 	Code: HTTP200,  getAllHistoryOrders  Successful response
2022-11-16T23:23:28.534Z [info] : 	Code: F100  getAllBurgers  Function Called
2022-11-16T23:23:28.548Z [info] : 	Code: HTTP200,  getAllBurgers  Successful response
2022-11-16T23:23:29.191Z [info] : 	Code: F100  getAllBurgers  Function Called
2022-11-16T23:23:29.196Z [info] : 	Code: HTTP200,  getAllBurgers  Successful response
2022-11-16T23:23:34.897Z [info] : 	Code: F100  getAllHistoryOrders  Function Called
2022-11-16T23:23:34.906Z [info] : 	Code: HTTP200,  getAllHistoryOrders  Successful response
2022-11-16T23:23:35.568Z [info] : 	Code: F100  getAllHistoryOrders  Function Called
2022-11-16T23:23:35.575Z [info] : 	Code: HTTP200,  getAllHistoryOrders  Successful response
2022-11-16T23:23:39.810Z [info] : 	Code: F100  getAllBurgers  Function Called
2022-11-16T23:23:39.819Z [info] : 	Code: HTTP200,  getAllBurgers  Successful response
2022-11-16T23:23:40.562Z [info] : 	Code: F100  getAllBurgers  Function Called
2022-11-16T23:23:40.569Z [info] : 	Code: HTTP200,  getAllBurgers  Successful response
2022-11-16T23:23:49.507Z [info] : 	Code: F100  getAllHistoryOrders  Function Called
2022-11-16T23:23:49.514Z [info] : 	Code: HTTP200,  getAllHistoryOrders  Successful response
2022-11-16T23:23:50.274Z [info] : 	Code: F100  getAllHistoryOrders  Function Called
2022-11-16T23:23:50.286Z [info] : 	Code: HTTP200,  getAllHistoryOrders  Successful response
2022-11-16T23:23:51.034Z [info] : 	Code: F100  getAllBurgers  Function Called
2022-11-16T23:23:51.043Z [info] : 	Code: HTTP200,  getAllBurgers  Successful response
2022-11-16T23:23:51.880Z [info] : 	Code: F100  getAllBurgers  Function Called
2022-11-16T23:23:51.887Z [info] : 	Code: HTTP200,  getAllBurgers  Successful response
2022-11-16T23:28:11.699Z [info] : 	Code: F100  getAllBurgers  Function Called
2022-11-16T23:28:11.713Z [info] : 	Code: HTTP200,  getAllBurgers  Successful response
2022-11-16T23:28:14.229Z [info] : 	Code: F100  getAllHistoryOrders  Function Called
2022-11-16T23:28:14.240Z [info] : 	Code: HTTP200,  getAllHistoryOrders  Successful response
2022-11-16T23:28:15.108Z [info] : 	Code: F100  getAllHistoryOrders  Function Called
2022-11-16T23:28:15.114Z [info] : 	Code: HTTP200,  getAllHistoryOrders  Successful response
2022-11-16T23:28:36.372Z [info] : 	Code: F100  getAllHistoryOrders  Function Called
2022-11-16T23:28:36.384Z [info] : 	Code: HTTP200,  getAllHistoryOrders  Successful response
2022-11-16T23:28:37.672Z [info] : 	Code: F100  getAllHistoryOrders  Function Called
2022-11-16T23:28:37.680Z [info] : 	Code: HTTP200,  getAllHistoryOrders  Successful response
2022-11-16T23:28:41.789Z [info] : 	Code: F100  getAllHistoryOrders  Function Called
2022-11-16T23:28:41.799Z [info] : 	Code: HTTP200,  getAllHistoryOrders  Successful response
2022-11-16T23:28:42.070Z [info] : 	Code: F100  getAllBurgers  Function Called
2022-11-16T23:28:42.077Z [info] : 	Code: HTTP200,  getAllBurgers  Successful response
2022-11-16T23:28:42.929Z [info] : 	Code: F100  getAllBurgers  Function Called
2022-11-16T23:28:42.936Z [info] : 	Code: HTTP200,  getAllBurgers  Successful response
2022-11-16T23:29:20.336Z [info] : 	Code: F100  getAllBurgers  Function Called
2022-11-16T23:29:20.350Z [info] : 	Code: HTTP200,  getAllBurgers  Successful response
2022-11-16T23:29:22.012Z [info] : 	Code: F100  getAllHistoryOrders  Function Called
2022-11-16T23:29:22.019Z [info] : 	Code: HTTP200,  getAllHistoryOrders  Successful response
2022-11-16T23:29:22.676Z [info] : 	Code: F100  getAllHistoryOrders  Function Called
2022-11-16T23:29:22.686Z [info] : 	Code: HTTP200,  getAllHistoryOrders  Successful response
2022-11-16T23:29:23.229Z [info] : 	Code: F100  getAllBurgers  Function Called
2022-11-16T23:29:23.238Z [info] : 	Code: HTTP200,  getAllBurgers  Successful response
2022-11-16T23:29:23.879Z [info] : 	Code: F100  getAllBurgers  Function Called
2022-11-16T23:29:23.887Z [info] : 	Code: HTTP200,  getAllBurgers  Successful response
2022-11-16T23:29:26.493Z [info] : 	Code: F100  getAllHistoryOrders  Function Called
2022-11-16T23:29:26.502Z [info] : 	Code: HTTP200,  getAllHistoryOrders  Successful response
2022-11-16T23:29:27.054Z [info] : 	Code: F100  getAllHistoryOrders  Function Called
2022-11-16T23:29:27.063Z [info] : 	Code: HTTP200,  getAllHistoryOrders  Successful response
2022-11-16T23:29:27.945Z [info] : 	Code: F100  getAllBurgers  Function Called
2022-11-16T23:29:27.954Z [info] : 	Code: HTTP200,  getAllBurgers  Successful response
2022-11-16T23:29:28.586Z [info] : 	Code: F100  getAllBurgers  Function Called
2022-11-16T23:29:28.595Z [info] : 	Code: HTTP200,  getAllBurgers  Successful response
2022-11-16T23:31:47.286Z [info] : 	Code: F100  getAllHistoryOrders  Function Called
2022-11-16T23:31:47.301Z [info] : 	Code: HTTP200,  getAllHistoryOrders  Successful response
2022-11-16T23:31:47.898Z [info] : 	Code: F100  getAllHistoryOrders  Function Called
2022-11-16T23:31:47.906Z [info] : 	Code: HTTP200,  getAllHistoryOrders  Successful response
2022-11-16T23:32:07.447Z [info] : 	Code: F100  getAllBurgers  Function Called
2022-11-16T23:32:07.460Z [info] : 	Code: HTTP200,  getAllBurgers  Successful response
2022-11-16T23:32:08.245Z [info] : 	Code: F100  getAllBurgers  Function Called
2022-11-16T23:32:08.257Z [info] : 	Code: HTTP200,  getAllBurgers  Successful response
2022-11-16T23:32:16.801Z [info] : 	Code: F100  sendOrderToHistory  Function Called
2022-11-16T23:32:16.836Z [info] : 	Code: HTTP200,  sendOrderToHistory  Successful response
2022-11-16T23:32:24.060Z [info] : 	Code: F100  getAllBurgers  Function Called
2022-11-16T23:32:24.069Z [info] : 	Code: HTTP200,  getAllBurgers  Successful response
2022-11-16T23:32:25.033Z [info] : 	Code: F100  getAllHistoryOrders  Function Called
2022-11-16T23:32:25.047Z [info] : 	Code: HTTP200,  getAllHistoryOrders  Successful response
2022-11-16T23:32:25.611Z [info] : 	Code: F100  getAllHistoryOrders  Function Called
2022-11-16T23:32:25.618Z [info] : 	Code: HTTP200,  getAllHistoryOrders  Successful response
2022-11-16T23:33:19.206Z [info] : 	Code: F100  getAllBurgers  Function Called
2022-11-16T23:33:19.219Z [info] : 	Code: HTTP200,  getAllBurgers  Successful response
2022-11-16T23:33:19.945Z [info] : 	Code: F100  getAllBurgers  Function Called
2022-11-16T23:33:19.951Z [info] : 	Code: HTTP200,  getAllBurgers  Successful response
2022-11-17T15:37:09.948Z [info] : 	Code: F100 login Function Called
2022-11-17T15:43:45.511Z [info] : 	Code: F100  getAllBurgers  Function Called
2022-11-17T15:43:45.572Z [info] : 	Code: HTTP200,  getAllBurgers  Successful response
2022-11-17T15:43:46.459Z [info] : 	Code: F100  getAllBurgers  Function Called
2022-11-17T15:43:46.478Z [info] : 	Code: HTTP200,  getAllBurgers  Successful response
2022-11-17T15:43:52.152Z [info] : 	Code: F100  getAllHistoryOrders  Function Called
2022-11-17T15:43:52.182Z [info] : 	Code: HTTP200,  getAllHistoryOrders  Successful response
2022-11-17T15:43:53.343Z [info] : 	Code: F100  getAllHistoryOrders  Function Called
2022-11-17T15:43:53.358Z [info] : 	Code: HTTP200,  getAllHistoryOrders  Successful response
2022-11-17T16:14:24.889Z [info] : 	Code: F100  getAllHistoryOrders  Function Called
2022-11-17T16:14:24.911Z [info] : 	Code: HTTP200,  getAllHistoryOrders  Successful response
2022-11-17T16:25:02.744Z [info] : 	Code: F100  getAllHistoryOrders  Function Called
2022-11-17T16:25:02.796Z [info] : 	Code: HTTP200,  getAllHistoryOrders  Successful response
2022-11-17T16:26:55.621Z [info] : 	Code: F100  getAllHistoryOrders  Function Called
2022-11-17T16:26:55.642Z [info] : 	Code: HTTP200,  getAllHistoryOrders  Successful response
2022-11-17T16:26:59.382Z [info] : 	Code: F100  deleteHistoryOrders  Function Called
2022-11-17T16:26:59.385Z [info] : 	Code: HTTP200,  deleteHistoryOrders  Successful response
2022-11-17T16:26:59.400Z [info] : 	Code: F100  getAllBurgers  Function Called
2022-11-17T16:26:59.412Z [info] : 	Code: HTTP200,  getAllBurgers  Successful response
2022-11-17T16:30:26.194Z [info] : 	Code: F100  deleteHistoryOrders  Function Called
2022-11-17T16:30:26.208Z [info] : 	Code: HTTP200,  deleteHistoryOrders  Successful response
2022-11-17T16:30:26.418Z [info] : 	Code: F100  getAllBurgers  Function Called
2022-11-17T16:30:26.484Z [info] : 	Code: HTTP200,  getAllBurgers  Successful response
2022-11-17T16:30:57.615Z [info] : 	Code: F100  getAllHistoryOrders  Function Called
2022-11-17T16:30:57.645Z [info] : 	Code: HTTP200,  getAllHistoryOrders  Successful response
2022-11-17T16:31:21.908Z [info] : 	Code: F100  getAllHistoryOrders  Function Called
2022-11-17T16:31:21.930Z [info] : 	Code: HTTP200,  getAllHistoryOrders  Successful response
2022-11-17T16:35:09.615Z [info] : 	Code: F100  getAllHistoryOrders  Function Called
2022-11-17T16:35:09.637Z [info] : 	Code: HTTP200,  getAllHistoryOrders  Successful response
2022-11-17T16:35:17.518Z [info] : 	Code: F100  getAllBurgers  Function Called
2022-11-17T16:35:17.536Z [info] : 	Code: HTTP200,  getAllBurgers  Successful response
2022-11-17T16:35:18.291Z [info] : 	Code: F100  getAllBurgers  Function Called
2022-11-17T16:35:18.307Z [info] : 	Code: HTTP200,  getAllBurgers  Successful response
2022-11-17T16:35:33.747Z [info] : 	Code: F100  sendOrderToHistory  Function Called
2022-11-17T16:35:33.815Z [info] : 	Code: HTTP200,  sendOrderToHistory  Successful response
2022-11-17T16:35:39.926Z [info] : 	Code: F100  getAllHistoryOrders  Function Called
2022-11-17T16:35:39.957Z [info] : 	Code: HTTP200,  getAllHistoryOrders  Successful response
2022-11-17T16:35:40.719Z [info] : 	Code: F100  getAllHistoryOrders  Function Called
2022-11-17T16:35:40.735Z [info] : 	Code: HTTP200,  getAllHistoryOrders  Successful response
2022-11-17T16:35:44.251Z [info] : 	Code: F100  getAllBurgers  Function Called
2022-11-17T16:35:44.269Z [info] : 	Code: HTTP200,  getAllBurgers  Successful response
2022-11-17T16:35:45.186Z [info] : 	Code: F100  getAllBurgers  Function Called
2022-11-17T16:35:45.206Z [info] : 	Code: HTTP200,  getAllBurgers  Successful response
2022-11-17T16:35:58.469Z [info] : 	Code: F100  sendOrderToHistory  Function Called
2022-11-17T16:35:58.525Z [info] : 	Code: HTTP200,  sendOrderToHistory  Successful response
2022-11-17T16:36:03.393Z [info] : 	Code: F100  getAllHistoryOrders  Function Called
2022-11-17T16:36:03.425Z [info] : 	Code: HTTP200,  getAllHistoryOrders  Successful response
2022-11-17T16:36:05.110Z [info] : 	Code: F100  getAllHistoryOrders  Function Called
2022-11-17T16:36:05.129Z [info] : 	Code: HTTP200,  getAllHistoryOrders  Successful response
2022-11-17T16:38:58.493Z [info] : 	Code: F100  getAllHistoryOrders  Function Called
2022-11-17T16:38:58.515Z [info] : 	Code: HTTP200,  getAllHistoryOrders  Successful response
2022-11-17T16:39:40.511Z [info] : 	Code: F100  getAllHistoryOrders  Function Called
2022-11-17T16:39:40.529Z [info] : 	Code: HTTP200,  getAllHistoryOrders  Successful response
2022-11-17T16:40:05.644Z [info] : 	Code: F100  deleteHistoryOrders  Function Called
2022-11-17T16:40:05.649Z [info] : 	Code: HTTP200,  deleteHistoryOrders  Successful response
2022-11-17T16:40:05.911Z [info] : 	Code: F100  getAllHistoryOrders  Function Called
2022-11-17T16:40:05.928Z [info] : 	Code: HTTP200,  getAllHistoryOrders  Successful response
2022-11-17T16:44:43.066Z [info] : 	Code: F100  getAllHistoryOrders  Function Called
2022-11-17T16:44:43.090Z [info] : 	Code: HTTP200,  getAllHistoryOrders  Successful response
2022-11-17T16:45:02.061Z [info] : 	Code: F100  getAllHistoryOrders  Function Called
2022-11-17T16:45:02.083Z [info] : 	Code: HTTP200,  getAllHistoryOrders  Successful response
2022-11-17T16:45:02.397Z [info] : 	Code: F100  getAllBurgers  Function Called
2022-11-17T16:45:02.412Z [info] : 	Code: HTTP200,  getAllBurgers  Successful response
2022-11-17T16:45:03.274Z [info] : 	Code: F100  getAllBurgers  Function Called
2022-11-17T16:45:03.288Z [info] : 	Code: HTTP200,  getAllBurgers  Successful response
2022-11-17T16:45:19.058Z [info] : 	Code: F100  sendOrderToHistory  Function Called
2022-11-17T16:45:19.104Z [info] : 	Code: HTTP200,  sendOrderToHistory  Successful response
2022-11-17T16:45:28.055Z [info] : 	Code: F100  sendOrderToHistory  Function Called
2022-11-17T16:45:28.083Z [info] : 	Code: HTTP200,  sendOrderToHistory  Successful response
2022-11-17T16:45:32.887Z [info] : 	Code: F100  getAllHistoryOrders  Function Called
2022-11-17T16:45:32.902Z [info] : 	Code: HTTP200,  getAllHistoryOrders  Successful response
2022-11-17T16:45:33.597Z [info] : 	Code: F100  getAllHistoryOrders  Function Called
2022-11-17T16:45:33.615Z [info] : 	Code: HTTP200,  getAllHistoryOrders  Successful response
2022-11-17T16:47:01.836Z [info] : 	Code: F100  getAllHistoryOrders  Function Called
2022-11-17T16:47:01.866Z [info] : 	Code: HTTP200,  getAllHistoryOrders  Successful response
2022-11-17T16:47:48.286Z [info] : 	Code: F100  getAllHistoryOrders  Function Called
2022-11-17T16:47:48.308Z [info] : 	Code: HTTP200,  getAllHistoryOrders  Successful response
2022-11-17T16:48:35.580Z [info] : 	Code: F100  deleteHistoryOrders  Function Called
2022-11-17T16:48:35.583Z [info] : 	Code: HTTP200,  deleteHistoryOrders  Successful response
2022-11-17T16:48:35.831Z [info] : 	Code: F100  getAllHistoryOrders  Function Called
2022-11-17T16:48:35.845Z [info] : 	Code: HTTP200,  getAllHistoryOrders  Successful response
2022-11-17T16:48:43.383Z [info] : 	Code: F100  getAllBurgers  Function Called
2022-11-17T16:48:43.406Z [info] : 	Code: HTTP200,  getAllBurgers  Successful response
2022-11-17T16:48:44.486Z [info] : 	Code: F100  getAllBurgers  Function Called
2022-11-17T16:48:44.501Z [info] : 	Code: HTTP200,  getAllBurgers  Successful response
2022-11-17T16:49:13.146Z [info] : 	Code: F100  getAllBurgers  Function Called
2022-11-17T16:49:13.163Z [info] : 	Code: HTTP200,  getAllBurgers  Successful response
2022-11-17T16:50:03.949Z [info] : 	Code: F100  getAllBurgers  Function Called
2022-11-17T16:50:03.964Z [info] : 	Code: HTTP200,  getAllBurgers  Successful response
2022-11-17T16:50:18.319Z [info] : 	Code: F100  sendOrderToHistory  Function Called
2022-11-17T16:50:18.366Z [info] : 	Code: HTTP200,  sendOrderToHistory  Successful response
2022-11-17T16:50:43.084Z [info] : 	Code: F100  getAllBurgers  Function Called
2022-11-17T16:50:43.100Z [info] : 	Code: HTTP200,  getAllBurgers  Successful response
2022-11-17T16:50:56.290Z [info] : 	Code: F100  sendOrderToHistory  Function Called
2022-11-17T16:50:56.341Z [info] : 	Code: HTTP200,  sendOrderToHistory  Successful response
2022-11-17T16:51:23.577Z [info] : 	Code: F100  getAllBurgers  Function Called
2022-11-17T16:51:23.600Z [info] : 	Code: HTTP200,  getAllBurgers  Successful response
2022-11-17T16:51:45.766Z [info] : 	Code: F100  sendOrderToHistory  Function Called
2022-11-17T16:51:45.805Z [info] : 	Code: HTTP200,  sendOrderToHistory  Successful response
2022-11-17T16:52:44.837Z [info] : 	Code: F100  getAllBurgers  Function Called
2022-11-17T16:52:44.851Z [info] : 	Code: HTTP200,  getAllBurgers  Successful response
2022-11-17T16:52:51.033Z [info] : 	Code: F100  sendOrderToHistory  Function Called
2022-11-17T16:52:51.077Z [info] : 	Code: HTTP200,  sendOrderToHistory  Successful response
2022-11-17T16:53:35.410Z [info] : 	Code: F100  getAllBurgers  Function Called
2022-11-17T16:53:35.426Z [info] : 	Code: HTTP200,  getAllBurgers  Successful response
2022-11-17T16:53:49.843Z [info] : 	Code: F100  sendOrderToHistory  Function Called
2022-11-17T16:53:49.886Z [info] : 	Code: HTTP200,  sendOrderToHistory  Successful response
2022-11-17T16:54:16.873Z [info] : 	Code: F100  getAllBurgers  Function Called
2022-11-17T16:54:16.897Z [info] : 	Code: HTTP200,  getAllBurgers  Successful response
2022-11-17T16:54:48.661Z [info] : 	Code: F100  getAllBurgers  Function Called
2022-11-17T16:54:48.674Z [info] : 	Code: HTTP200,  getAllBurgers  Successful response
2022-11-17T16:55:20.196Z [info] : 	Code: F100  getAllBurgers  Function Called
2022-11-17T16:55:20.214Z [info] : 	Code: HTTP200,  getAllBurgers  Successful response
2022-11-17T16:56:16.063Z [info] : 	Code: F100  getAllHistoryOrders  Function Called
2022-11-17T16:56:16.100Z [info] : 	Code: HTTP200,  getAllHistoryOrders  Successful response
2022-11-17T16:56:16.834Z [info] : 	Code: F100  getAllHistoryOrders  Function Called
2022-11-17T16:56:16.856Z [info] : 	Code: HTTP200,  getAllHistoryOrders  Successful response
2022-11-17T16:57:18.347Z [info] : 	Code: F100  getAllBurgers  Function Called
2022-11-17T16:57:18.368Z [info] : 	Code: HTTP200,  getAllBurgers  Successful response
2022-11-17T16:57:19.658Z [info] : 	Code: F100  getAllBurgers  Function Called
2022-11-17T16:57:19.669Z [info] : 	Code: HTTP200,  getAllBurgers  Successful response
2022-11-17T16:57:31.361Z [info] : 	Code: F100  getAllBurgers  Function Called
2022-11-17T16:57:31.381Z [info] : 	Code: HTTP200,  getAllBurgers  Successful response
2022-11-17T16:57:58.509Z [info] : 	Code: F100  getAllBurgers  Function Called
2022-11-17T16:57:58.526Z [info] : 	Code: HTTP200,  getAllBurgers  Successful response
2022-11-17T16:58:05.075Z [info] : 	Code: F100  sendOrderToHistory  Function Called
2022-11-17T16:58:05.103Z [info] : 	Code: HTTP200,  sendOrderToHistory  Successful response
2022-11-17T16:58:06.961Z [info] : 	Code: F100  getAllHistoryOrders  Function Called
2022-11-17T16:58:06.984Z [info] : 	Code: HTTP200,  getAllHistoryOrders  Successful response
2022-11-17T16:58:07.977Z [info] : 	Code: F100  getAllHistoryOrders  Function Called
2022-11-17T16:58:08.010Z [info] : 	Code: HTTP200,  getAllHistoryOrders  Successful response
2022-11-17T16:58:17.789Z [info] : 	Code: F100  getAllBurgers  Function Called
2022-11-17T16:58:17.802Z [info] : 	Code: HTTP200,  getAllBurgers  Successful response
2022-11-17T16:58:24.478Z [info] : 	Code: F100  getAllHistoryOrders  Function Called
2022-11-17T16:58:24.500Z [info] : 	Code: HTTP200,  getAllHistoryOrders  Successful response
2022-11-17T16:58:25.853Z [info] : 	Code: F100  getAllHistoryOrders  Function Called
2022-11-17T16:58:25.872Z [info] : 	Code: HTTP200,  getAllHistoryOrders  Successful response
2022-11-17T16:58:46.979Z [info] : 	Code: F100  getAllBurgers  Function Called
2022-11-17T16:58:46.997Z [info] : 	Code: HTTP200,  getAllBurgers  Successful response
2022-11-17T16:59:01.056Z [info] : 	Code: F100  getAllHistoryOrders  Function Called
2022-11-17T16:59:01.076Z [info] : 	Code: HTTP200,  getAllHistoryOrders  Successful response
2022-11-17T16:59:01.732Z [info] : 	Code: F100  getAllHistoryOrders  Function Called
2022-11-17T16:59:01.750Z [info] : 	Code: HTTP200,  getAllHistoryOrders  Successful response
2022-11-17T17:00:25.913Z [info] : 	Code: F100  getAllHistoryOrders  Function Called
2022-11-17T17:00:25.927Z [info] : 	Code: HTTP200,  getAllHistoryOrders  Successful response
2022-11-17T17:00:34.279Z [info] : 	Code: F100  getAllHistoryOrders  Function Called
2022-11-17T17:00:34.291Z [info] : 	Code: HTTP200,  getAllHistoryOrders  Successful response
2022-11-17T17:00:44.042Z [info] : 	Code: F100 login Function Called
2022-11-17T17:00:45.607Z [info] : 	Code: F100  getAllHistoryOrders  Function Called
2022-11-17T17:00:45.630Z [info] : 	Code: HTTP200,  getAllHistoryOrders  Successful response
2022-11-17T17:00:46.270Z [info] : 	Code: F100  getAllHistoryOrders  Function Called
2022-11-17T17:00:46.298Z [info] : 	Code: HTTP200,  getAllHistoryOrders  Successful response
2022-11-17T17:01:20.843Z [info] : 	Code: F100  getAllBurgers  Function Called
2022-11-17T17:01:20.861Z [info] : 	Code: HTTP200,  getAllBurgers  Successful response
2022-11-17T17:01:21.894Z [info] : 	Code: F100  getAllBurgers  Function Called
2022-11-17T17:01:21.904Z [info] : 	Code: HTTP200,  getAllBurgers  Successful response
2022-11-17T17:01:27.532Z [info] : 	Code: F100  getAllBurgers  Function Called
2022-11-17T17:01:27.551Z [info] : 	Code: HTTP200,  getAllBurgers  Successful response
2022-11-17T17:01:43.594Z [info] : 	Code: F100  getAllBurgers  Function Called
2022-11-17T17:01:43.610Z [info] : 	Code: HTTP200,  getAllBurgers  Successful response
2022-11-17T17:02:09.417Z [info] : 	Code: F100  getAllBurgers  Function Called
2022-11-17T17:02:09.434Z [info] : 	Code: HTTP200,  getAllBurgers  Successful response
2022-11-17T17:02:22.059Z [info] : 	Code: F100 login Function Called
2022-11-17T17:06:10.462Z [info] : 	Code: F100  getAllHistoryOrders  Function Called
2022-11-17T17:06:10.486Z [info] : 	Code: HTTP200,  getAllHistoryOrders  Successful response
2022-11-17T17:06:11.233Z [info] : 	Code: F100  getAllHistoryOrders  Function Called
2022-11-17T17:06:11.247Z [info] : 	Code: HTTP200,  getAllHistoryOrders  Successful response
2022-11-17T17:06:38.078Z [info] : 	Code: F100  getAllHistoryOrders  Function Called
2022-11-17T17:06:38.102Z [info] : 	Code: HTTP200,  getAllHistoryOrders  Successful response
2022-11-17T17:06:45.252Z [info] : 	Code: F100  getAllBurgers  Function Called
2022-11-17T17:06:45.266Z [info] : 	Code: HTTP200,  getAllBurgers  Successful response
2022-11-17T17:06:46.121Z [info] : 	Code: F100  getAllBurgers  Function Called
2022-11-17T17:06:46.133Z [info] : 	Code: HTTP200,  getAllBurgers  Successful response
2022-11-17T17:08:27.278Z [info] : 	Code: F100  getAllBurgers  Function Called
2022-11-17T17:08:27.293Z [info] : 	Code: HTTP200,  getAllBurgers  Successful response
2022-11-17T17:10:57.402Z [info] : 	Code: F100  getAllBurgers  Function Called
2022-11-17T17:10:57.417Z [info] : 	Code: HTTP200,  getAllBurgers  Successful response
2022-11-17T17:11:35.947Z [info] : 	Code: F100  getAllHistoryOrders  Function Called
2022-11-17T17:11:35.969Z [info] : 	Code: HTTP200,  getAllHistoryOrders  Successful response
2022-11-17T17:11:36.935Z [info] : 	Code: F100  getAllHistoryOrders  Function Called
2022-11-17T17:11:36.950Z [info] : 	Code: HTTP200,  getAllHistoryOrders  Successful response
2022-11-17T17:15:28.635Z [info] : 	Code: F100 login Function Called
2022-11-17T17:23:15.073Z [info] : 	Code: F100  getAllBurgers  Function Called
2022-11-17T17:23:15.121Z [info] : 	Code: HTTP200,  getAllBurgers  Successful response
2022-11-17T17:25:24.668Z [info] : 	Code: F100  getAllBurgers  Function Called
2022-11-17T17:25:24.687Z [info] : 	Code: HTTP200,  getAllBurgers  Successful response
2022-11-17T17:25:52.163Z [info] : 	Code: F100  createOrder  Function Called
2022-11-17T17:25:52.312Z [info] : 	Code: HTTP200,  createOrder  Successful response
2022-11-17T17:25:52.332Z [info] : 	Code: F100  getAllBurgers  Function Called
2022-11-17T17:25:52.355Z [info] : 	Code: HTTP200,  getAllBurgers  Successful response
2022-11-17T17:26:14.696Z [info] : 	Code: F100  editOrder  Function Called
2022-11-17T17:26:14.759Z [info] : 	Code: HTTP200,  editOrder  Successful response
2022-11-17T17:26:15.102Z [info] : 	Code: F100  getAllBurgers  Function Called
2022-11-17T17:26:15.121Z [info] : 	Code: HTTP200,  getAllBurgers  Successful response
2022-11-17T17:26:36.527Z [info] : 	Code: F100  editOrder  Function Called
2022-11-17T17:26:36.582Z [info] : 	Code: HTTP200,  editOrder  Successful response
2022-11-17T17:26:37.012Z [info] : 	Code: F100  getAllBurgers  Function Called
2022-11-17T17:26:37.034Z [info] : 	Code: HTTP200,  getAllBurgers  Successful response
2022-11-17T17:27:40.928Z [info] : 	Code: F100  getAllBurgers  Function Called
2022-11-17T17:27:40.952Z [info] : 	Code: HTTP200,  getAllBurgers  Successful response
2022-11-17T17:28:10.863Z [info] : 	Code: F100  getAllBurgers  Function Called
2022-11-17T17:28:10.884Z [info] : 	Code: HTTP200,  getAllBurgers  Successful response
2022-11-17T17:28:50.484Z [info] : 	Code: F100  getAllBurgers  Function Called
2022-11-17T17:28:50.508Z [info] : 	Code: HTTP200,  getAllBurgers  Successful response
2022-11-17T17:29:06.367Z [info] : 	Code: F100  getAllBurgers  Function Called
2022-11-17T17:29:06.387Z [info] : 	Code: HTTP200,  getAllBurgers  Successful response
2022-11-17T17:29:51.806Z [info] : 	Code: F100  getAllBurgers  Function Called
2022-11-17T17:29:51.822Z [info] : 	Code: HTTP200,  getAllBurgers  Successful response
2022-11-17T17:35:30.708Z [info] : 	Code: F100  getAllBurgers  Function Called
2022-11-17T17:35:30.725Z [info] : 	Code: HTTP200,  getAllBurgers  Successful response
2022-11-17T17:37:04.122Z [info] : 	Code: F100  getAllBurgers  Function Called
2022-11-17T17:37:04.137Z [info] : 	Code: HTTP200,  getAllBurgers  Successful response
2022-11-17T17:37:14.112Z [info] : 	Code: F100  getAllBurgers  Function Called
2022-11-17T17:37:14.121Z [info] : 	Code: HTTP200,  getAllBurgers  Successful response
2022-11-17T17:38:21.095Z [info] : 	Code: F100  getAllBurgers  Function Called
2022-11-17T17:38:21.110Z [info] : 	Code: HTTP200,  getAllBurgers  Successful response
2022-11-17T17:39:11.318Z [info] : 	Code: F100  getAllBurgers  Function Called
2022-11-17T17:39:11.336Z [info] : 	Code: HTTP200,  getAllBurgers  Successful response
2022-11-17T17:39:52.099Z [info] : 	Code: F100  getAllBurgers  Function Called
2022-11-17T17:39:52.113Z [info] : 	Code: HTTP200,  getAllBurgers  Successful response
2022-11-17T17:40:23.883Z [info] : 	Code: F100  getAllBurgers  Function Called
2022-11-17T17:40:23.898Z [info] : 	Code: HTTP200,  getAllBurgers  Successful response
2022-11-17T17:41:54.390Z [info] : 	Code: F100  getAllBurgers  Function Called
2022-11-17T17:41:54.408Z [info] : 	Code: HTTP200,  getAllBurgers  Successful response
2022-11-17T17:42:25.938Z [info] : 	Code: F100  getAllBurgers  Function Called
2022-11-17T17:42:25.957Z [info] : 	Code: HTTP200,  getAllBurgers  Successful response
2022-11-17T17:43:07.954Z [info] : 	Code: F100  getAllBurgers  Function Called
2022-11-17T17:43:07.970Z [info] : 	Code: HTTP200,  getAllBurgers  Successful response
2022-11-17T17:43:34.805Z [info] : 	Code: F100  createOrder  Function Called
2022-11-17T17:43:34.873Z [info] : 	Code: HTTP200,  createOrder  Successful response
2022-11-17T17:43:34.892Z [info] : 	Code: F100  getAllBurgers  Function Called
2022-11-17T17:43:34.906Z [info] : 	Code: HTTP200,  getAllBurgers  Successful response
2022-11-17T17:45:56.514Z [info] : 	Code: F100  getAllBurgers  Function Called
2022-11-17T17:45:56.539Z [info] : 	Code: HTTP200,  getAllBurgers  Successful response
2022-11-17T17:49:01.624Z [info] : 	Code: F100  getAllBurgers  Function Called
2022-11-17T17:49:01.641Z [info] : 	Code: HTTP200,  getAllBurgers  Successful response
2022-11-17T17:49:28.800Z [info] : 	Code: F100  getAllBurgers  Function Called
2022-11-17T17:49:28.811Z [info] : 	Code: HTTP200,  getAllBurgers  Successful response
2022-11-17T17:49:38.720Z [info] : 	Code: F100  getAllBurgers  Function Called
2022-11-17T17:49:38.729Z [info] : 	Code: HTTP200,  getAllBurgers  Successful response
2022-11-17T17:50:18.131Z [info] : 	Code: F100  getAllBurgers  Function Called
2022-11-17T17:50:18.147Z [info] : 	Code: HTTP200,  getAllBurgers  Successful response
2022-11-17T17:52:05.708Z [info] : 	Code: F100  getAllBurgers  Function Called
2022-11-17T17:52:05.725Z [info] : 	Code: HTTP200,  getAllBurgers  Successful response
2022-11-17T17:52:37.540Z [info] : 	Code: F100  getAllBurgers  Function Called
2022-11-17T17:52:37.556Z [info] : 	Code: HTTP200,  getAllBurgers  Successful response
2022-11-17T17:52:56.680Z [info] : 	Code: F100  createOrder  Function Called
2022-11-17T17:52:56.793Z [info] : 	Code: HTTP200,  createOrder  Successful response
2022-11-17T17:52:56.810Z [info] : 	Code: F100  getAllBurgers  Function Called
2022-11-17T17:52:56.823Z [info] : 	Code: HTTP200,  getAllBurgers  Successful response
2022-11-17T17:54:11.732Z [info] : 	Code: F100  getAllBurgers  Function Called
2022-11-17T17:54:11.747Z [info] : 	Code: HTTP200,  getAllBurgers  Successful response
2022-11-17T17:54:44.264Z [info] : 	Code: F100  getAllBurgers  Function Called
2022-11-17T17:54:44.280Z [info] : 	Code: HTTP200,  getAllBurgers  Successful response
2022-11-17T17:55:03.844Z [info] : 	Code: F100  getAllBurgers  Function Called
2022-11-17T17:55:03.859Z [info] : 	Code: HTTP200,  getAllBurgers  Successful response
2022-11-17T17:55:18.435Z [info] : 	Code: F100  getAllBurgers  Function Called
2022-11-17T17:55:18.450Z [info] : 	Code: HTTP200,  getAllBurgers  Successful response
2022-11-17T17:56:32.059Z [info] : 	Code: F100  getAllBurgers  Function Called
2022-11-17T17:56:32.074Z [info] : 	Code: HTTP200,  getAllBurgers  Successful response
2022-11-17T17:57:02.112Z [info] : 	Code: F100  getAllHistoryOrders  Function Called
2022-11-17T17:57:02.159Z [info] : 	Code: HTTP200,  getAllHistoryOrders  Successful response
2022-11-17T17:57:02.433Z [info] : 	Code: F100  getAllHistoryOrders  Function Called
2022-11-17T17:57:02.466Z [info] : 	Code: HTTP200,  getAllHistoryOrders  Successful response
