2023-01-15T20:22:48.188Z [info] : 	Code: F100 login Function Called
2023-01-15T20:22:48.542Z [info] : 	Code: F100  getAllFlights  Function Called
2023-01-15T20:22:48.548Z [info] : 	Code: HTTP200,  getAllFlights  Successful response
2023-01-15T20:28:09.729Z [info] : 	Code: F100  getAllFlights  Function Called
2023-01-15T20:28:09.738Z [info] : 	Code: HTTP200,  getAllFlights  Successful response
2023-01-15T20:28:28.209Z [info] : 	Code: F100  getAllFlights  Function Called
2023-01-15T20:28:28.217Z [info] : 	Code: HTTP200,  getAllFlights  Successful response
2023-01-15T20:29:05.254Z [info] : 	Code: F100  searchFlights  Function Called
2023-01-15T20:29:05.273Z [info] : 	Code: HTTP200,  searchFlights  Successful response
2023-01-15T20:29:05.315Z [info] : 	Code: F100  searchFlights  Function Called
2023-01-15T20:29:05.322Z [info] : 	Code: F100  getAllFlights  Function Called
2023-01-15T20:29:05.328Z [info] : 	Code: HTTP200,  searchFlights  Successful response
2023-01-15T20:29:05.333Z [info] : 	Code: HTTP200,  getAllFlights  Successful response
2023-01-15T20:29:16.626Z [info] : 	Code: F100  searchFlights  Function Called
2023-01-15T20:29:16.650Z [info] : 	Code: HTTP200,  searchFlights  Successful response
2023-01-15T20:29:36.232Z [info] : 	Code: F100  searchFlights  Function Called
2023-01-15T20:29:36.254Z [info] : 	Code: HTTP200,  searchFlights  Successful response
2023-01-15T20:29:43.432Z [info] : 	Code: F100  searchFlights  Function Called
2023-01-15T20:29:43.463Z [info] : 	Code: HTTP200,  searchFlights  Successful response
2023-01-15T20:32:27.459Z [info] : 	Code: F100  searchFlights  Function Called
2023-01-15T20:32:27.471Z [info] : 	Code: F100  getAllFlights  Function Called
2023-01-15T20:32:27.487Z [info] : 	Code: HTTP200,  getAllFlights  Successful response
2023-01-15T20:32:27.540Z [info] : 	Code: HTTP200,  searchFlights  Successful response
2023-01-15T20:32:29.146Z [info] : 	Code: F100  searchFlights  Function Called
2023-01-15T20:32:29.152Z [info] : 	Code: F100  getAllFlights  Function Called
2023-01-15T20:32:29.162Z [info] : 	Code: HTTP200,  getAllFlights  Successful response
2023-01-15T20:32:29.183Z [info] : 	Code: HTTP200,  searchFlights  Successful response
2023-01-15T20:33:27.199Z [info] : 	Code: F100  searchFlights  Function Called
2023-01-15T20:33:27.204Z [info] : 	Code: F100  getAllFlights  Function Called
2023-01-15T20:33:27.221Z [info] : 	Code: HTTP200,  getAllFlights  Successful response
2023-01-15T20:33:27.246Z [info] : 	Code: HTTP200,  searchFlights  Successful response
2023-01-15T20:33:38.013Z [info] : 	Code: F100  searchFlights  Function Called
2023-01-15T20:33:38.066Z [info] : 	Code: HTTP200,  searchFlights  Successful response
2023-01-15T20:33:47.759Z [info] : 	Code: F100  searchFlights  Function Called
2023-01-15T20:33:47.793Z [info] : 	Code: HTTP200,  searchFlights  Successful response
2023-01-15T20:34:00.078Z [info] : 	Code: F100  searchFlights  Function Called
2023-01-15T20:34:00.132Z [info] : 	Code: HTTP200,  searchFlights  Successful response
2023-01-15T20:34:04.863Z [info] : 	Code: F100  searchFlights  Function Called
2023-01-15T20:34:04.899Z [info] : 	Code: HTTP200,  searchFlights  Successful response
2023-01-15T20:34:22.633Z [info] : 	Code: F100  searchFlights  Function Called
2023-01-15T20:34:22.644Z [info] : 	Code: HTTP200,  searchFlights  Successful response
2023-01-15T20:34:32.342Z [info] : 	Code: F100  searchFlights  Function Called
2023-01-15T20:34:32.349Z [info] : 	Code: HTTP200,  searchFlights  Successful response
2023-01-15T20:34:35.859Z [info] : 	Code: F100  searchFlights  Function Called
2023-01-15T20:34:35.865Z [info] : 	Code: HTTP200,  searchFlights  Successful response
2023-01-15T20:34:44.097Z [info] : 	Code: F100  searchFlights  Function Called
2023-01-15T20:34:44.113Z [info] : 	Code: HTTP200,  searchFlights  Successful response
2023-01-15T20:34:54.858Z [info] : 	Code: F100  searchFlights  Function Called
2023-01-15T20:34:54.866Z [info] : 	Code: HTTP200,  searchFlights  Successful response
2023-01-15T20:35:28.166Z [info] : 	Code: F100  searchFlights  Function Called
2023-01-15T20:35:28.171Z [info] : 	Code: F100  getAllFlights  Function Called
2023-01-15T20:35:28.179Z [info] : 	Code: HTTP200,  searchFlights  Successful response
2023-01-15T20:35:28.184Z [info] : 	Code: HTTP200,  getAllFlights  Successful response
2023-01-15T20:37:12.207Z [info] : 	Code: F100  searchFlights  Function Called
2023-01-15T20:37:12.211Z [info] : 	Code: F100  getAllFlights  Function Called
2023-01-15T20:37:12.221Z [info] : 	Code: HTTP200,  searchFlights  Successful response
2023-01-15T20:37:12.224Z [info] : 	Code: HTTP200,  getAllFlights  Successful response
2023-01-15T20:41:02.671Z [info] : 	Code: F100  searchFlights  Function Called
2023-01-15T20:41:02.707Z [info] : 	Code: HTTP200,  searchFlights  Successful response
2023-01-15T20:42:43.853Z [info] : 	Code: F100  searchFlights  Function Called
2023-01-15T20:42:43.857Z [info] : 	Code: F100  getAllFlights  Function Called
2023-01-15T20:42:43.872Z [info] : 	Code: HTTP200,  getAllFlights  Successful response
2023-01-15T20:42:43.885Z [info] : 	Code: HTTP200,  searchFlights  Successful response
2023-01-15T20:46:37.181Z [info] : 	Code: F100  searchFlights  Function Called
2023-01-15T20:46:37.193Z [info] : 	Code: F100  getAllFlights  Function Called
2023-01-15T20:46:37.215Z [info] : 	Code: HTTP200,  getAllFlights  Successful response
2023-01-15T20:46:37.250Z [info] : 	Code: HTTP200,  searchFlights  Successful response
2023-01-15T20:47:05.115Z [info] : 	Code: F100  searchFlights  Function Called
2023-01-15T20:47:05.123Z [info] : 	Code: F100  getAllFlights  Function Called
2023-01-15T20:47:05.145Z [info] : 	Code: HTTP200,  getAllFlights  Successful response
2023-01-15T20:47:05.161Z [info] : 	Code: HTTP200,  searchFlights  Successful response
