2022-11-25T12:18:44.450Z [error] : 	Code: HTTP500, Error Connecting with Database
2022-11-25T12:58:07.446Z [error] : 	Code: HTTP500, Error Connecting with Database
2022-11-25T13:01:53.042Z [error] : 	Code: HTTP500, Error Connecting with Database
2022-11-25T15:17:30.622Z [error] : 	Code: HTTP500, Error Connecting with Database
2022-11-25T15:24:54.719Z [info] : 	Code: F100 login Function Called
2022-11-25T15:24:54.750Z [error] : 	Code: HTTP401, login Unauthorized user
2022-11-25T15:25:05.926Z [info] : 	Code: F100 login Function Called
2022-11-25T15:25:05.939Z [error] : 	Code: HTTP401, login Unauthorized user
2022-11-25T15:26:40.011Z [info] : 	Code: F100 login Function Called
2022-11-25T15:26:40.038Z [error] : 	Code: HTTP401,login Unauthorized user
2022-11-25T15:27:26.456Z [info] : 	Code: F100 login Function Called
2022-11-25T15:27:36.191Z [info] : 	Code: F100  getAllBurgers  Function Called
2022-11-25T15:27:36.235Z [info] : 	Code: HTTP200,  getAllBurgers  Successful response
2022-11-25T15:28:05.166Z [info] : 	Code: F100 login Function Called
2022-11-25T15:28:19.888Z [info] : 	Code: F100  getAllHistoryOrders  Function Called
2022-11-25T15:28:19.928Z [info] : 	Code: HTTP200,  getAllHistoryOrders  Successful response
2022-11-25T15:28:20.546Z [info] : 	Code: F100  getAllHistoryOrders  Function Called
2022-11-25T15:28:20.552Z [info] : 	Code: HTTP200,  getAllHistoryOrders  Successful response
2022-11-25T15:30:22.628Z [info] : 	Code: F100  getAllHistoryOrders  Function Called
2022-11-25T15:30:22.641Z [info] : 	Code: HTTP200,  getAllHistoryOrders  Successful response
2022-11-25T15:31:45.878Z [info] : 	Code: F100  getAllHistoryOrders  Function Called
2022-11-25T15:31:45.908Z [info] : 	Code: HTTP200,  getAllHistoryOrders  Successful response
2022-11-25T15:31:48.144Z [info] : 	Code: F100  getAllBurgers  Function Called
2022-11-25T15:31:48.160Z [info] : 	Code: HTTP200,  getAllBurgers  Successful response
2022-11-25T15:31:48.533Z [info] : 	Code: F100  getAllBurgers  Function Called
2022-11-25T15:31:48.540Z [info] : 	Code: HTTP200,  getAllBurgers  Successful response
2022-11-25T15:36:40.798Z [info] : 	Code: F100 login Function Called
2022-11-25T15:36:44.571Z [info] : 	Code: F100  getAllBurgers  Function Called
2022-11-25T15:36:44.592Z [info] : 	Code: HTTP200,  getAllBurgers  Successful response
2022-11-25T16:08:14.927Z [error] : 	Code: HTTP500, Error Connecting with Database
2022-11-25T16:09:21.681Z [info] : 	Code: F100 login Function Called
2022-11-25T16:09:35.122Z [info] : 	Code: F100  getAllBurgers  Function Called
2022-11-25T16:09:35.157Z [info] : 	Code: HTTP200,  getAllBurgers  Successful response
2022-11-25T16:09:59.186Z [info] : 	Code: F100  createOrder  Function Called
2022-11-25T16:09:59.247Z [info] : 	Code: HTTP200,  createOrder  Successful response
2022-11-25T16:09:59.590Z [info] : 	Code: F100  getAllBurgers  Function Called
2022-11-25T16:09:59.605Z [info] : 	Code: HTTP200,  getAllBurgers  Successful response
2022-11-25T16:10:02.423Z [info] : 	Code: F100  getAllBurgers  Function Called
2022-11-25T16:10:02.431Z [info] : 	Code: HTTP200,  getAllBurgers  Successful response
2022-11-25T16:10:34.403Z [info] : 	Code: F100  getAllHistoryOrders  Function Called
2022-11-25T16:10:34.428Z [info] : 	Code: HTTP200,  getAllHistoryOrders  Successful response
2022-11-25T16:10:35.143Z [info] : 	Code: F100  getAllHistoryOrders  Function Called
2022-11-25T16:10:35.148Z [info] : 	Code: HTTP200,  getAllHistoryOrders  Successful response
2022-11-25T16:10:38.421Z [info] : 	Code: F100  sendOrderToHistory  Function Called
2022-11-25T16:10:38.444Z [info] : 	Code: HTTP200,  sendOrderToHistory  Successful response
2022-11-25T16:10:41.084Z [info] : 	Code: F100  getAllHistoryOrders  Function Called
2022-11-25T16:10:41.096Z [info] : 	Code: HTTP200,  getAllHistoryOrders  Successful response
2022-11-25T16:10:45.550Z [info] : 	Code: F100  getAllBurgers  Function Called
2022-11-25T16:10:45.557Z [info] : 	Code: HTTP200,  getAllBurgers  Successful response
2022-11-25T16:10:46.324Z [info] : 	Code: F100  getAllBurgers  Function Called
2022-11-25T16:10:46.334Z [info] : 	Code: HTTP200,  getAllBurgers  Successful response
2022-11-25T16:14:59.839Z [info] : 	Code: F100  getAllBurgers  Function Called
2022-11-25T16:14:59.852Z [info] : 	Code: HTTP200,  getAllBurgers  Successful response
2022-11-25T16:15:40.344Z [info] : 	Code: F100 login Function Called
2022-11-25T16:16:12.985Z [info] : 	Code: F100 login Function Called
2022-11-25T16:27:44.625Z [info] : 	Code: F100 login Function Called
2022-11-25T16:39:15.315Z [info] : 	Code: F100 login Function Called
