2022-12-03T22:00:18.616Z [info] : 	Code: F100  getAllFlights  Function Called
2022-12-03T22:00:18.666Z [info] : 	Code: HTTP200,  getAllFlights  Successful response
2022-12-03T22:00:52.585Z [info] : 	Code: F100  getAllFlights  Function Called
2022-12-03T22:00:52.598Z [info] : 	Code: HTTP200,  getAllFlights  Successful response
2022-12-03T22:01:50.389Z [info] : 	Code: F100  getAllFlights  Function Called
2022-12-03T22:01:50.410Z [info] : 	Code: HTTP200,  getAllFlights  Successful response
2022-12-03T22:02:08.490Z [info] : 	Code: F100  getAllFlights  Function Called
2022-12-03T22:02:08.498Z [info] : 	Code: HTTP200,  getAllFlights  Successful response
2022-12-03T22:07:10.184Z [info] : 	Code: F100  getAllFlights  Function Called
2022-12-03T22:07:10.194Z [info] : 	Code: HTTP200,  getAllFlights  Successful response
2022-12-03T22:11:24.636Z [info] : 	Code: F100  getAllFlights  Function Called
2022-12-03T22:11:24.647Z [info] : 	Code: HTTP200,  getAllFlights  Successful response
2022-12-03T22:11:26.835Z [info] : 	Code: F100  getAllFlights  Function Called
2022-12-03T22:11:26.839Z [info] : 	Code: HTTP200,  getAllFlights  Successful response
2022-12-03T22:12:12.040Z [info] : 	Code: F100  getAllFlights  Function Called
2022-12-03T22:12:12.048Z [info] : 	Code: HTTP200,  getAllFlights  Successful response
2022-12-03T22:12:25.799Z [info] : 	Code: F100  getAllFlights  Function Called
2022-12-03T22:12:25.812Z [info] : 	Code: HTTP200,  getAllFlights  Successful response
2022-12-03T22:12:42.873Z [info] : 	Code: F100  getAllFlights  Function Called
2022-12-03T22:12:42.883Z [info] : 	Code: HTTP200,  getAllFlights  Successful response
2022-12-03T22:12:53.523Z [info] : 	Code: F100  getAllFlights  Function Called
2022-12-03T22:12:53.535Z [info] : 	Code: HTTP200,  getAllFlights  Successful response
2022-12-03T22:17:32.928Z [info] : 	Code: F100  getAllFlights  Function Called
2022-12-03T22:17:32.942Z [info] : 	Code: HTTP200,  getAllFlights  Successful response
2022-12-03T22:18:04.236Z [info] : 	Code: F100  getAllFlights  Function Called
2022-12-03T22:18:04.247Z [info] : 	Code: HTTP200,  getAllFlights  Successful response
2022-12-03T22:19:09.177Z [info] : 	Code: F100  getAllFlights  Function Called
2022-12-03T22:19:09.187Z [info] : 	Code: HTTP200,  getAllFlights  Successful response
2022-12-03T22:20:15.138Z [info] : 	Code: F100  getAllFlights  Function Called
2022-12-03T22:20:15.159Z [info] : 	Code: HTTP200,  getAllFlights  Successful response
2022-12-03T22:20:40.619Z [info] : 	Code: F100  getAllFlights  Function Called
2022-12-03T22:20:40.636Z [info] : 	Code: HTTP200,  getAllFlights  Successful response
2022-12-03T22:21:02.326Z [info] : 	Code: F100  getAllFlights  Function Called
2022-12-03T22:21:02.335Z [info] : 	Code: HTTP200,  getAllFlights  Successful response
2022-12-03T22:30:57.571Z [info] : 	Code: F100  getAllFlights  Function Called
2022-12-03T22:30:57.585Z [info] : 	Code: HTTP200,  getAllFlights  Successful response
2022-12-03T22:31:20.057Z [info] : 	Code: F100  getAllFlights  Function Called
2022-12-03T22:31:20.070Z [info] : 	Code: HTTP200,  getAllFlights  Successful response
2022-12-03T22:31:53.676Z [info] : 	Code: F100  getAllFlights  Function Called
2022-12-03T22:31:53.687Z [info] : 	Code: HTTP200,  getAllFlights  Successful response
2022-12-03T22:33:18.545Z [info] : 	Code: F100  getAllFlights  Function Called
2022-12-03T22:33:18.555Z [info] : 	Code: HTTP200,  getAllFlights  Successful response
2022-12-03T22:33:30.835Z [info] : 	Code: F100 login Function Called
2022-12-03T22:33:30.975Z [info] : 	Code: F100  getAllFlights  Function Called
2022-12-03T22:33:30.978Z [info] : 	Code: HTTP200,  getAllFlights  Successful response
2022-12-03T22:33:59.771Z [info] : 	Code: F100  getAllFlights  Function Called
2022-12-03T22:33:59.782Z [info] : 	Code: HTTP200,  getAllFlights  Successful response
2022-12-03T22:34:21.597Z [info] : 	Code: F100  getAllFlights  Function Called
2022-12-03T22:34:21.613Z [info] : 	Code: HTTP200,  getAllFlights  Successful response
2022-12-03T22:37:02.214Z [info] : 	Code: F100  searchFlights  Function Called
2022-12-03T22:37:02.246Z [info] : 	Code: HTTP200,  searchFlights  Successful response
2022-12-03T22:37:20.217Z [info] : 	Code: F100  searchFlights  Function Called
2022-12-03T22:37:20.234Z [info] : 	Code: HTTP200,  searchFlights  Successful response
2022-12-03T22:39:21.423Z [info] : 	Code: F100  searchFlights  Function Called
2022-12-03T22:39:21.445Z [info] : 	Code: HTTP200,  searchFlights  Successful response
2022-12-03T22:40:27.234Z [info] : 	Code: F100  searchFlights  Function Called
2022-12-03T22:41:33.806Z [info] : 	Code: F100  searchFlights  Function Called
2022-12-03T22:41:58.855Z [info] : 	Code: HTTP200,  searchFlights  Successful response
2022-12-03T22:43:22.883Z [info] : 	Code: F100  searchFlights  Function Called
2022-12-03T22:43:27.516Z [info] : 	Code: HTTP200,  searchFlights  Successful response
2022-12-03T22:43:42.890Z [info] : 	Code: F100  searchFlights  Function Called
2022-12-03T22:43:56.849Z [info] : 	Code: HTTP200,  searchFlights  Successful response
2022-12-03T22:46:35.470Z [info] : 	Code: F100 login Function Called
2022-12-03T22:46:35.716Z [info] : 	Code: F100  getAllFlights  Function Called
2022-12-03T22:46:35.724Z [info] : 	Code: HTTP200,  getAllFlights  Successful response
2022-12-03T22:49:17.601Z [info] : 	Code: F100  getAllFlights  Function Called
2022-12-03T22:49:17.613Z [info] : 	Code: HTTP200,  getAllFlights  Successful response
2022-12-03T22:55:50.868Z [info] : 	Code: F100  getAllFlights  Function Called
2022-12-03T22:55:50.878Z [info] : 	Code: HTTP200,  getAllFlights  Successful response
2022-12-03T23:01:20.078Z [info] : 	Code: F100  getAllFlights  Function Called
2022-12-03T23:01:20.093Z [info] : 	Code: HTTP200,  getAllFlights  Successful response
2022-12-03T23:07:21.551Z [info] : 	Code: F100  getAllFlights  Function Called
2022-12-03T23:07:21.562Z [info] : 	Code: HTTP200,  getAllFlights  Successful response
2022-12-03T23:07:52.457Z [info] : 	Code: F100  searchFlights  Function Called
2022-12-03T23:07:52.471Z [info] : 	Code: HTTP200,  searchFlights  Successful response
2022-12-03T23:08:34.938Z [info] : 	Code: F100  getAllFlights  Function Called
2022-12-03T23:08:34.950Z [info] : 	Code: HTTP200,  getAllFlights  Successful response
2022-12-03T23:08:52.109Z [info] : 	Code: F100  searchFlights  Function Called
2022-12-03T23:08:52.118Z [info] : 	Code: HTTP200,  searchFlights  Successful response
2022-12-03T23:15:46.566Z [info] : 	Code: F100  searchFlights  Function Called
2022-12-03T23:15:46.588Z [info] : 	Code: HTTP200,  searchFlights  Successful response
2022-12-03T23:15:47.495Z [info] : 	Code: F100  getAllFlights  Function Called
2022-12-03T23:15:47.500Z [info] : 	Code: HTTP200,  getAllFlights  Successful response
2022-12-03T23:16:09.041Z [info] : 	Code: F100  searchFlights  Function Called
2022-12-03T23:16:09.056Z [info] : 	Code: HTTP200,  searchFlights  Successful response
2022-12-03T23:16:28.714Z [info] : 	Code: F100  searchFlights  Function Called
2022-12-03T23:16:28.736Z [error] : 	Code: HTTP400,  searchFlights  Catch error
2022-12-03T23:17:03.267Z [info] : 	Code: F100  getAllFlights  Function Called
2022-12-03T23:17:03.279Z [info] : 	Code: HTTP200,  getAllFlights  Successful response
2022-12-03T23:17:28.485Z [info] : 	Code: F100  searchFlights  Function Called
2022-12-03T23:17:28.493Z [info] : 	Code: HTTP200,  searchFlights  Successful response
2022-12-03T23:17:36.503Z [info] : 	Code: F100  searchFlights  Function Called
2022-12-03T23:17:36.517Z [error] : 	Code: HTTP400,  searchFlights  Catch error
2022-12-03T23:17:40.355Z [info] : 	Code: F100  getAllFlights  Function Called
2022-12-03T23:17:40.358Z [info] : 	Code: HTTP200,  getAllFlights  Successful response
2022-12-03T23:17:55.360Z [info] : 	Code: F100  searchFlights  Function Called
2022-12-03T23:17:55.372Z [info] : 	Code: HTTP200,  searchFlights  Successful response
2022-12-03T23:18:00.512Z [info] : 	Code: F100  getAllFlights  Function Called
2022-12-03T23:18:00.515Z [info] : 	Code: HTTP200,  getAllFlights  Successful response
2022-12-03T23:18:42.609Z [info] : 	Code: F100  searchFlights  Function Called
2022-12-03T23:18:42.620Z [error] : 	Code: HTTP400,  searchFlights  Catch error
2022-12-03T23:18:54.098Z [info] : 	Code: F100  getAllFlights  Function Called
2022-12-03T23:18:54.105Z [info] : 	Code: HTTP200,  getAllFlights  Successful response
2022-12-03T23:19:06.963Z [info] : 	Code: F100  searchFlights  Function Called
2022-12-03T23:19:06.976Z [error] : 	Code: HTTP400,  searchFlights  Catch error
2022-12-03T23:19:32.542Z [info] : 	Code: F100  searchFlights  Function Called
2022-12-03T23:19:32.563Z [info] : 	Code: HTTP200,  searchFlights  Successful response
2022-12-03T23:21:45.836Z [info] : 	Code: F100  getAllFlights  Function Called
2022-12-03T23:21:45.844Z [info] : 	Code: HTTP200,  getAllFlights  Successful response
2022-12-03T23:22:24.869Z [info] : 	Code: F100  searchFlights  Function Called
2022-12-03T23:22:24.918Z [info] : 	Code: HTTP200,  searchFlights  Successful response
2022-12-03T23:24:32.140Z [info] : 	Code: F100  getAllFlights  Function Called
2022-12-03T23:24:32.153Z [info] : 	Code: HTTP200,  getAllFlights  Successful response
2022-12-03T23:24:57.279Z [info] : 	Code: F100  searchFlights  Function Called
2022-12-03T23:24:57.311Z [info] : 	Code: HTTP200,  searchFlights  Successful response
2022-12-03T23:26:06.773Z [info] : 	Code: F100  searchFlights  Function Called
2022-12-03T23:26:06.798Z [info] : 	Code: HTTP200,  searchFlights  Successful response
2022-12-03T23:27:38.092Z [info] : 	Code: F100  searchFlights  Function Called
2022-12-03T23:27:38.107Z [info] : 	Code: HTTP200,  searchFlights  Successful response
2022-12-03T23:28:00.988Z [info] : 	Code: F100  searchFlights  Function Called
2022-12-03T23:28:01.010Z [info] : 	Code: HTTP200,  searchFlights  Successful response
2022-12-03T23:29:14.234Z [info] : 	Code: F100  getAllFlights  Function Called
2022-12-03T23:29:14.242Z [info] : 	Code: HTTP200,  getAllFlights  Successful response
2022-12-03T23:29:33.145Z [info] : 	Code: F100  searchFlights  Function Called
2022-12-03T23:29:33.161Z [info] : 	Code: HTTP200,  searchFlights  Successful response
2022-12-03T23:30:03.396Z [info] : 	Code: F100  getAllFlights  Function Called
2022-12-03T23:30:03.405Z [info] : 	Code: HTTP200,  getAllFlights  Successful response
2022-12-03T23:30:30.138Z [info] : 	Code: F100  getAllFlights  Function Called
2022-12-03T23:30:30.146Z [info] : 	Code: HTTP200,  getAllFlights  Successful response
2022-12-03T23:31:00.716Z [info] : 	Code: F100  getAllFlights  Function Called
2022-12-03T23:31:00.726Z [info] : 	Code: HTTP200,  getAllFlights  Successful response
2022-12-03T23:31:05.960Z [info] : 	Code: F100  getAllFlights  Function Called
2022-12-03T23:31:05.963Z [info] : 	Code: HTTP200,  getAllFlights  Successful response
2022-12-03T23:31:42.367Z [info] : 	Code: F100  getAllFlights  Function Called
2022-12-03T23:31:42.376Z [info] : 	Code: HTTP200,  getAllFlights  Successful response
2022-12-03T23:32:17.860Z [info] : 	Code: F100  searchFlights  Function Called
2022-12-03T23:32:17.877Z [info] : 	Code: HTTP200,  searchFlights  Successful response
2022-12-03T23:35:58.065Z [info] : 	Code: F100  getAllFlights  Function Called
2022-12-03T23:35:58.073Z [info] : 	Code: HTTP200,  getAllFlights  Successful response
2022-12-03T23:37:01.123Z [info] : 	Code: F100  getAllFlights  Function Called
2022-12-03T23:37:01.131Z [info] : 	Code: HTTP200,  getAllFlights  Successful response
2022-12-03T23:37:37.126Z [info] : 	Code: F100  getAllFlights  Function Called
2022-12-03T23:37:37.134Z [info] : 	Code: HTTP200,  getAllFlights  Successful response
2022-12-03T23:37:47.066Z [info] : 	Code: F100  getAllFlights  Function Called
2022-12-03T23:37:47.069Z [info] : 	Code: HTTP200,  getAllFlights  Successful response
2022-12-03T23:38:09.688Z [info] : 	Code: F100  getAllFlights  Function Called
2022-12-03T23:38:09.697Z [info] : 	Code: HTTP200,  getAllFlights  Successful response
2022-12-03T23:38:27.796Z [info] : 	Code: F100  getAllFlights  Function Called
2022-12-03T23:38:27.804Z [info] : 	Code: HTTP200,  getAllFlights  Successful response
2022-12-03T23:38:34.264Z [info] : 	Code: F100  getAllFlights  Function Called
2022-12-03T23:38:34.267Z [info] : 	Code: HTTP200,  getAllFlights  Successful response
2022-12-03T23:38:55.131Z [info] : 	Code: F100  getAllFlights  Function Called
2022-12-03T23:38:55.142Z [info] : 	Code: HTTP200,  getAllFlights  Successful response
2022-12-03T23:39:07.121Z [info] : 	Code: F100  getAllFlights  Function Called
2022-12-03T23:39:07.135Z [info] : 	Code: HTTP200,  getAllFlights  Successful response
2022-12-03T23:43:37.616Z [info] : 	Code: F100  getAllFlights  Function Called
2022-12-03T23:43:37.627Z [info] : 	Code: HTTP200,  getAllFlights  Successful response
2022-12-03T23:45:37.913Z [info] : 	Code: F100  getAllFlights  Function Called
2022-12-03T23:45:37.922Z [info] : 	Code: HTTP200,  getAllFlights  Successful response
2022-12-03T23:46:15.154Z [info] : 	Code: F100  getAllFlights  Function Called
2022-12-03T23:46:15.164Z [info] : 	Code: HTTP200,  getAllFlights  Successful response
2022-12-03T23:46:22.227Z [info] : 	Code: F100  getAllFlights  Function Called
2022-12-03T23:46:22.229Z [info] : 	Code: HTTP200,  getAllFlights  Successful response
2022-12-03T23:47:49.825Z [info] : 	Code: F100  getAllFlights  Function Called
2022-12-03T23:47:49.836Z [info] : 	Code: HTTP200,  getAllFlights  Successful response
2022-12-03T23:48:13.933Z [info] : 	Code: F100  getAllFlights  Function Called
2022-12-03T23:48:13.951Z [info] : 	Code: HTTP200,  getAllFlights  Successful response
2022-12-03T23:49:25.614Z [info] : 	Code: F100  getAllFlights  Function Called
2022-12-03T23:49:25.623Z [info] : 	Code: HTTP200,  getAllFlights  Successful response
2022-12-03T23:49:43.814Z [info] : 	Code: F100  getAllFlights  Function Called
2022-12-03T23:49:43.839Z [info] : 	Code: HTTP200,  getAllFlights  Successful response
2022-12-03T23:49:48.870Z [info] : 	Code: F100  getAllFlights  Function Called
2022-12-03T23:49:48.873Z [info] : 	Code: HTTP200,  getAllFlights  Successful response
2022-12-03T23:50:08.206Z [info] : 	Code: F100  getAllFlights  Function Called
2022-12-03T23:50:08.217Z [info] : 	Code: HTTP200,  getAllFlights  Successful response
2022-12-03T23:50:16.600Z [info] : 	Code: F100  getAllFlights  Function Called
2022-12-03T23:50:16.603Z [info] : 	Code: HTTP200,  getAllFlights  Successful response
2022-12-03T23:51:02.575Z [info] : 	Code: F100  getAllFlights  Function Called
2022-12-03T23:51:02.586Z [info] : 	Code: HTTP200,  getAllFlights  Successful response
2022-12-03T23:51:05.514Z [info] : 	Code: F100  getAllFlights  Function Called
2022-12-03T23:51:05.517Z [info] : 	Code: HTTP200,  getAllFlights  Successful response
2022-12-03T23:53:20.831Z [info] : 	Code: F100  getAllFlights  Function Called
2022-12-03T23:53:20.839Z [info] : 	Code: HTTP200,  getAllFlights  Successful response
2022-12-03T23:53:55.585Z [info] : 	Code: F100  getAllFlights  Function Called
2022-12-03T23:53:55.594Z [info] : 	Code: HTTP200,  getAllFlights  Successful response
2022-12-03T23:54:18.581Z [info] : 	Code: F100  getAllFlights  Function Called
2022-12-03T23:54:18.589Z [info] : 	Code: HTTP200,  getAllFlights  Successful response
2022-12-03T23:54:27.438Z [info] : 	Code: F100  getAllFlights  Function Called
2022-12-03T23:54:27.440Z [info] : 	Code: HTTP200,  getAllFlights  Successful response
2022-12-03T23:54:35.180Z [info] : 	Code: F100  getAllFlights  Function Called
2022-12-03T23:54:35.183Z [info] : 	Code: HTTP200,  getAllFlights  Successful response
2022-12-03T23:59:41.662Z [info] : 	Code: F100  getAllFlights  Function Called
2022-12-03T23:59:41.672Z [info] : 	Code: HTTP200,  getAllFlights  Successful response
2022-12-04T00:03:24.150Z [info] : 	Code: F100  getAllFlights  Function Called
2022-12-04T00:03:24.166Z [info] : 	Code: HTTP200,  getAllFlights  Successful response
2022-12-04T00:04:11.618Z [info] : 	Code: F100  getAllFlights  Function Called
2022-12-04T00:04:11.628Z [info] : 	Code: HTTP200,  getAllFlights  Successful response
2022-12-04T00:07:30.916Z [info] : 	Code: F100  getAllFlights  Function Called
2022-12-04T00:07:30.925Z [info] : 	Code: HTTP200,  getAllFlights  Successful response
2022-12-04T00:07:39.462Z [info] : 	Code: F100  getAllFlights  Function Called
2022-12-04T00:07:39.464Z [info] : 	Code: HTTP200,  getAllFlights  Successful response
2022-12-04T00:09:17.464Z [info] : 	Code: F100  getAllFlights  Function Called
2022-12-04T00:09:17.472Z [info] : 	Code: HTTP200,  getAllFlights  Successful response
2022-12-04T00:11:04.537Z [info] : 	Code: F100  getAllFlights  Function Called
2022-12-04T00:11:04.546Z [info] : 	Code: HTTP200,  getAllFlights  Successful response
2022-12-04T00:12:28.478Z [info] : 	Code: F100  getAllFlights  Function Called
2022-12-04T00:12:28.487Z [info] : 	Code: HTTP200,  getAllFlights  Successful response
2022-12-04T00:12:39.473Z [info] : 	Code: F100  searchFlights  Function Called
2022-12-04T00:12:39.483Z [info] : 	Code: HTTP200,  searchFlights  Successful response
2022-12-04T00:12:51.506Z [info] : 	Code: F100  searchFlights  Function Called
2022-12-04T00:12:51.521Z [info] : 	Code: HTTP200,  searchFlights  Successful response
2022-12-04T00:12:57.089Z [info] : 	Code: F100  searchFlights  Function Called
2022-12-04T00:12:57.104Z [info] : 	Code: HTTP200,  searchFlights  Successful response
2022-12-04T00:13:08.417Z [info] : 	Code: F100  getAllFlights  Function Called
2022-12-04T00:13:08.426Z [info] : 	Code: HTTP200,  getAllFlights  Successful response
2022-12-04T00:14:27.356Z [info] : 	Code: F100  getAllFlights  Function Called
2022-12-04T00:14:27.364Z [info] : 	Code: HTTP200,  getAllFlights  Successful response
2022-12-04T00:14:41.332Z [info] : 	Code: F100  getAllFlights  Function Called
2022-12-04T00:14:41.340Z [info] : 	Code: HTTP200,  getAllFlights  Successful response
2022-12-04T18:37:00.871Z [info] : 	Code: F100 login Function Called
2022-12-04T18:37:01.183Z [info] : 	Code: F100  getAllFlights  Function Called
2022-12-04T18:37:01.192Z [info] : 	Code: HTTP200,  getAllFlights  Successful response
2022-12-04T18:40:20.087Z [info] : 	Code: F100  getAllFlights  Function Called
2022-12-04T18:40:20.100Z [info] : 	Code: HTTP200,  getAllFlights  Successful response
2022-12-04T18:42:28.287Z [info] : 	Code: F100  getAllFlights  Function Called
2022-12-04T18:42:28.300Z [info] : 	Code: HTTP200,  getAllFlights  Successful response
2022-12-04T18:42:54.498Z [info] : 	Code: F100  getAllFlights  Function Called
2022-12-04T18:42:54.542Z [info] : 	Code: HTTP200,  getAllFlights  Successful response
2022-12-04T18:44:03.780Z [info] : 	Code: F100  getAllFlights  Function Called
2022-12-04T18:44:03.800Z [info] : 	Code: HTTP200,  getAllFlights  Successful response
2022-12-04T18:44:52.820Z [info] : 	Code: F100  getAllFlights  Function Called
2022-12-04T18:44:52.831Z [info] : 	Code: HTTP200,  getAllFlights  Successful response
2022-12-04T18:46:54.379Z [info] : 	Code: F100  getAllFlights  Function Called
2022-12-04T18:46:54.390Z [info] : 	Code: HTTP200,  getAllFlights  Successful response
2022-12-04T18:47:22.446Z [info] : 	Code: F100  getAllFlights  Function Called
2022-12-04T18:47:22.461Z [info] : 	Code: HTTP200,  getAllFlights  Successful response
2022-12-04T18:49:55.464Z [info] : 	Code: F100  getAllFlights  Function Called
2022-12-04T18:49:55.474Z [info] : 	Code: HTTP200,  getAllFlights  Successful response
2022-12-04T18:50:01.279Z [info] : 	Code: F100  getAllFlights  Function Called
2022-12-04T18:50:01.283Z [info] : 	Code: HTTP200,  getAllFlights  Successful response
2022-12-04T18:50:16.207Z [info] : 	Code: F100  getAllFlights  Function Called
2022-12-04T18:50:16.217Z [info] : 	Code: HTTP200,  getAllFlights  Successful response
2022-12-04T18:50:53.353Z [info] : 	Code: F100  getAllFlights  Function Called
2022-12-04T18:50:53.367Z [info] : 	Code: HTTP200,  getAllFlights  Successful response
2022-12-04T18:51:05.701Z [info] : 	Code: F100  getAllFlights  Function Called
2022-12-04T18:51:05.716Z [info] : 	Code: HTTP200,  getAllFlights  Successful response
2022-12-04T18:51:50.527Z [info] : 	Code: F100  getAllFlights  Function Called
2022-12-04T18:51:50.537Z [info] : 	Code: HTTP200,  getAllFlights  Successful response
2022-12-04T18:51:58.277Z [info] : 	Code: F100  getAllFlights  Function Called
2022-12-04T18:51:58.285Z [info] : 	Code: HTTP200,  getAllFlights  Successful response
2022-12-04T20:12:44.071Z [info] : 	Code: F100  getAllFlights  Function Called
2022-12-04T20:12:44.089Z [info] : 	Code: HTTP200,  getAllFlights  Successful response
2022-12-04T20:13:24.614Z [info] : 	Code: F100  getAllFlights  Function Called
2022-12-04T20:13:24.625Z [info] : 	Code: HTTP200,  getAllFlights  Successful response
2022-12-04T20:14:40.657Z [info] : 	Code: F100  getAllFlights  Function Called
2022-12-04T20:14:40.668Z [info] : 	Code: HTTP200,  getAllFlights  Successful response
2022-12-04T20:15:47.988Z [info] : 	Code: F100  getAllFlights  Function Called
2022-12-04T20:15:47.996Z [info] : 	Code: HTTP200,  getAllFlights  Successful response
2022-12-04T20:15:56.302Z [info] : 	Code: F100  getAllFlights  Function Called
2022-12-04T20:15:56.305Z [info] : 	Code: HTTP200,  getAllFlights  Successful response
2022-12-04T20:16:41.219Z [info] : 	Code: F100  getAllFlights  Function Called
2022-12-04T20:16:41.231Z [info] : 	Code: HTTP200,  getAllFlights  Successful response
2022-12-04T20:19:25.451Z [info] : 	Code: F100  searchFlights  Function Called
2022-12-04T20:19:25.497Z [info] : 	Code: HTTP200,  searchFlights  Successful response
2022-12-04T20:19:43.527Z [info] : 	Code: F100  searchFlights  Function Called
2022-12-04T20:19:43.539Z [info] : 	Code: HTTP200,  searchFlights  Successful response
2022-12-04T20:19:50.411Z [info] : 	Code: F100  searchFlights  Function Called
2022-12-04T20:19:50.417Z [info] : 	Code: HTTP200,  searchFlights  Successful response
2022-12-04T20:20:21.595Z [info] : 	Code: F100  searchFlights  Function Called
2022-12-04T20:20:21.628Z [info] : 	Code: HTTP200,  searchFlights  Successful response
2022-12-04T20:33:56.849Z [info] : 	Code: F100  searchFlights  Function Called
2022-12-04T20:33:56.864Z [info] : 	Code: HTTP200,  searchFlights  Successful response
2022-12-04T20:34:01.614Z [info] : 	Code: F100  searchFlights  Function Called
2022-12-04T20:34:01.619Z [info] : 	Code: HTTP200,  searchFlights  Successful response
2022-12-04T20:34:23.160Z [info] : 	Code: F100  searchFlights  Function Called
2022-12-04T20:34:23.185Z [info] : 	Code: HTTP200,  searchFlights  Successful response
2022-12-04T20:45:16.151Z [info] : 	Code: F100  getAllFlights  Function Called
2022-12-04T20:45:16.172Z [info] : 	Code: HTTP200,  getAllFlights  Successful response
2022-12-04T20:45:59.063Z [info] : 	Code: F100  getAllFlights  Function Called
2022-12-04T20:45:59.070Z [info] : 	Code: HTTP200,  getAllFlights  Successful response
2022-12-04T20:46:58.220Z [info] : 	Code: F100 login Function Called
2022-12-04T20:46:58.668Z [info] : 	Code: F100  getAllFlights  Function Called
2022-12-04T20:46:58.673Z [info] : 	Code: HTTP200,  getAllFlights  Successful response
2022-12-04T20:47:53.964Z [info] : 	Code: F100  getAllFlights  Function Called
2022-12-04T20:47:53.975Z [info] : 	Code: HTTP200,  getAllFlights  Successful response
2022-12-04T20:48:20.910Z [info] : 	Code: F100  searchFlights  Function Called
2022-12-04T20:48:20.918Z [info] : 	Code: HTTP200,  searchFlights  Successful response
2022-12-04T20:48:25.399Z [info] : 	Code: F100  getAllFlights  Function Called
2022-12-04T20:48:25.402Z [info] : 	Code: HTTP200,  getAllFlights  Successful response
2022-12-04T20:48:48.398Z [info] : 	Code: F100  searchFlights  Function Called
2022-12-04T20:48:48.426Z [info] : 	Code: HTTP200,  searchFlights  Successful response
2022-12-04T20:51:20.564Z [info] : 	Code: F100  getAllFlights  Function Called
2022-12-04T20:51:20.571Z [info] : 	Code: HTTP200,  getAllFlights  Successful response
2022-12-04T20:52:10.811Z [info] : 	Code: F100  searchFlights  Function Called
2022-12-04T20:52:10.826Z [info] : 	Code: HTTP200,  searchFlights  Successful response
2022-12-04T21:52:53.565Z [info] : 	Code: F100  getAllFlights  Function Called
2022-12-04T21:52:53.578Z [info] : 	Code: HTTP200,  getAllFlights  Successful response
2022-12-04T21:54:03.724Z [info] : 	Code: F100  getAllFlights  Function Called
2022-12-04T21:54:03.732Z [info] : 	Code: HTTP200,  getAllFlights  Successful response
2022-12-04T21:54:28.210Z [info] : 	Code: F100  getAllFlights  Function Called
2022-12-04T21:54:28.223Z [info] : 	Code: HTTP200,  getAllFlights  Successful response
2022-12-04T21:55:15.779Z [info] : 	Code: F100  getAllFlights  Function Called
2022-12-04T21:55:15.789Z [info] : 	Code: HTTP200,  getAllFlights  Successful response
2022-12-04T21:55:40.262Z [info] : 	Code: F100  searchFlights  Function Called
2022-12-04T21:55:40.298Z [info] : 	Code: HTTP200,  searchFlights  Successful response
2022-12-04T21:57:36.626Z [info] : 	Code: F100  getAllFlights  Function Called
2022-12-04T21:57:36.644Z [info] : 	Code: HTTP200,  getAllFlights  Successful response
2022-12-04T21:57:53.672Z [info] : 	Code: F100  getAllFlights  Function Called
2022-12-04T21:57:53.684Z [info] : 	Code: HTTP200,  getAllFlights  Successful response
2022-12-04T21:58:27.114Z [info] : 	Code: F100  searchFlights  Function Called
2022-12-04T21:58:27.156Z [info] : 	Code: HTTP200,  searchFlights  Successful response
2022-12-04T21:59:23.975Z [info] : 	Code: F100  getAllFlights  Function Called
2022-12-04T21:59:23.983Z [info] : 	Code: HTTP200,  getAllFlights  Successful response
2022-12-04T21:59:37.190Z [info] : 	Code: F100  searchFlights  Function Called
2022-12-04T21:59:37.219Z [info] : 	Code: HTTP200,  searchFlights  Successful response
