2022-12-05T22:03:06.420Z [info] : 	Code: F100  searchFlights  Function Called
2022-12-05T22:03:06.440Z [info] : 	Code: F100  getAllFlights  Function Called
2022-12-05T22:03:06.452Z [info] : 	Code: HTTP200,  getAllFlights  Successful response
2022-12-05T22:03:06.470Z [info] : 	Code: HTTP200,  searchFlights  Successful response
2022-12-05T22:03:16.617Z [info] : 	Code: F100  searchFlights  Function Called
2022-12-05T22:03:16.624Z [info] : 	Code: F100  getAllFlights  Function Called
2022-12-05T22:03:16.633Z [info] : 	Code: HTTP200,  getAllFlights  Successful response
2022-12-05T22:03:16.647Z [info] : 	Code: HTTP200,  searchFlights  Successful response
2022-12-05T22:03:23.618Z [info] : 	Code: F100  searchFlights  Function Called
2022-12-05T22:03:23.622Z [info] : 	Code: F100  getAllFlights  Function Called
2022-12-05T22:03:23.630Z [info] : 	Code: HTTP200,  getAllFlights  Successful response
2022-12-05T22:03:23.644Z [info] : 	Code: HTTP200,  searchFlights  Successful response
2022-12-05T22:03:30.633Z [info] : 	Code: F100  searchFlights  Function Called
2022-12-05T22:03:30.637Z [info] : 	Code: F100  getAllFlights  Function Called
2022-12-05T22:03:30.645Z [info] : 	Code: HTTP200,  getAllFlights  Successful response
2022-12-05T22:03:30.659Z [info] : 	Code: HTTP200,  searchFlights  Successful response
2022-12-05T22:03:41.289Z [info] : 	Code: F100  searchFlights  Function Called
2022-12-05T22:03:41.317Z [info] : 	Code: HTTP200,  searchFlights  Successful response
2022-12-05T22:03:41.332Z [info] : 	Code: F100  getAllFlights  Function Called
2022-12-05T22:03:41.336Z [info] : 	Code: HTTP200,  getAllFlights  Successful response
2022-12-05T22:03:44.112Z [info] : 	Code: F100  searchFlights  Function Called
2022-12-05T22:03:44.122Z [info] : 	Code: F100  getAllFlights  Function Called
2022-12-05T22:03:44.128Z [info] : 	Code: HTTP200,  getAllFlights  Successful response
2022-12-05T22:03:44.139Z [info] : 	Code: HTTP200,  searchFlights  Successful response
2022-12-05T22:03:52.277Z [info] : 	Code: F100  searchFlights  Function Called
2022-12-05T22:03:52.300Z [info] : 	Code: F100  getAllFlights  Function Called
2022-12-05T22:03:52.302Z [info] : 	Code: HTTP200,  searchFlights  Successful response
2022-12-05T22:03:52.306Z [info] : 	Code: HTTP200,  getAllFlights  Successful response
2022-12-05T22:06:11.720Z [info] : 	Code: F100  searchFlights  Function Called
2022-12-05T22:06:11.729Z [info] : 	Code: F100  getAllFlights  Function Called
2022-12-05T22:06:11.741Z [info] : 	Code: HTTP200,  getAllFlights  Successful response
2022-12-05T22:06:11.759Z [info] : 	Code: HTTP200,  searchFlights  Successful response
2022-12-05T22:06:24.846Z [info] : 	Code: F100  searchFlights  Function Called
2022-12-05T22:06:24.858Z [info] : 	Code: F100  getAllFlights  Function Called
2022-12-05T22:06:24.863Z [info] : 	Code: HTTP200,  getAllFlights  Successful response
2022-12-05T22:06:24.884Z [info] : 	Code: HTTP200,  searchFlights  Successful response
2022-12-05T22:06:36.161Z [info] : 	Code: F100  searchFlights  Function Called
2022-12-05T22:06:36.175Z [info] : 	Code: F100  getAllFlights  Function Called
2022-12-05T22:06:36.183Z [info] : 	Code: HTTP200,  getAllFlights  Successful response
2022-12-05T22:06:36.198Z [info] : 	Code: HTTP200,  searchFlights  Successful response
2022-12-05T22:07:06.642Z [info] : 	Code: F100  searchFlights  Function Called
2022-12-05T22:07:06.672Z [info] : 	Code: F100  getAllFlights  Function Called
2022-12-05T22:07:06.676Z [info] : 	Code: HTTP200,  searchFlights  Successful response
2022-12-05T22:07:06.679Z [info] : 	Code: HTTP200,  getAllFlights  Successful response
2022-12-05T22:07:55.282Z [info] : 	Code: F100  searchFlights  Function Called
2022-12-05T22:07:55.286Z [info] : 	Code: F100  getAllFlights  Function Called
2022-12-05T22:07:55.297Z [info] : 	Code: HTTP200,  getAllFlights  Successful response
2022-12-05T22:07:55.313Z [info] : 	Code: HTTP200,  searchFlights  Successful response
2022-12-05T22:08:36.347Z [info] : 	Code: F100  searchFlights  Function Called
2022-12-05T22:08:36.350Z [info] : 	Code: F100  getAllFlights  Function Called
2022-12-05T22:08:36.364Z [info] : 	Code: HTTP200,  getAllFlights  Successful response
2022-12-05T22:08:36.379Z [info] : 	Code: HTTP200,  searchFlights  Successful response
2022-12-05T22:08:45.199Z [info] : 	Code: F100  searchFlights  Function Called
2022-12-05T22:08:45.203Z [info] : 	Code: F100  getAllFlights  Function Called
2022-12-05T22:08:45.208Z [info] : 	Code: HTTP200,  getAllFlights  Successful response
2022-12-05T22:08:45.220Z [info] : 	Code: HTTP200,  searchFlights  Successful response
2022-12-05T22:09:07.885Z [info] : 	Code: F100  searchFlights  Function Called
2022-12-05T22:09:07.888Z [info] : 	Code: F100  getAllFlights  Function Called
2022-12-05T22:09:07.900Z [info] : 	Code: HTTP200,  getAllFlights  Successful response
2022-12-05T22:09:07.914Z [info] : 	Code: HTTP200,  searchFlights  Successful response
2022-12-05T22:09:19.546Z [info] : 	Code: F100  searchFlights  Function Called
2022-12-05T22:09:19.548Z [info] : 	Code: F100  getAllFlights  Function Called
2022-12-05T22:09:19.560Z [info] : 	Code: HTTP200,  getAllFlights  Successful response
2022-12-05T22:09:19.574Z [info] : 	Code: HTTP200,  searchFlights  Successful response
2022-12-05T22:09:39.106Z [info] : 	Code: F100  searchFlights  Function Called
2022-12-05T22:09:39.119Z [info] : 	Code: F100  getAllFlights  Function Called
2022-12-05T22:09:39.128Z [info] : 	Code: HTTP200,  getAllFlights  Successful response
2022-12-05T22:09:39.148Z [info] : 	Code: HTTP200,  searchFlights  Successful response
2022-12-05T22:09:57.235Z [info] : 	Code: F100  searchFlights  Function Called
2022-12-05T22:09:57.239Z [info] : 	Code: F100  getAllFlights  Function Called
2022-12-05T22:09:57.256Z [info] : 	Code: HTTP200,  getAllFlights  Successful response
2022-12-05T22:09:57.274Z [info] : 	Code: HTTP200,  searchFlights  Successful response
2022-12-05T22:10:33.011Z [info] : 	Code: F100  searchFlights  Function Called
2022-12-05T22:10:33.043Z [info] : 	Code: HTTP200,  searchFlights  Successful response
2022-12-05T22:10:33.047Z [info] : 	Code: F100  getAllFlights  Function Called
2022-12-05T22:10:33.051Z [info] : 	Code: HTTP200,  getAllFlights  Successful response
2022-12-05T22:10:42.036Z [info] : 	Code: F100  searchFlights  Function Called
2022-12-05T22:10:42.040Z [info] : 	Code: F100  getAllFlights  Function Called
2022-12-05T22:10:42.044Z [info] : 	Code: HTTP200,  getAllFlights  Successful response
2022-12-05T22:10:42.054Z [info] : 	Code: HTTP200,  searchFlights  Successful response
2022-12-05T22:10:57.068Z [info] : 	Code: F100  searchFlights  Function Called
2022-12-05T22:10:57.070Z [info] : 	Code: F100  getAllFlights  Function Called
2022-12-05T22:10:57.081Z [info] : 	Code: HTTP200,  getAllFlights  Successful response
2022-12-05T22:10:57.093Z [info] : 	Code: HTTP200,  searchFlights  Successful response
2022-12-05T22:11:11.605Z [info] : 	Code: F100  getAllFlights  Function Called
2022-12-05T22:11:11.607Z [info] : 	Code: F100  searchFlights  Function Called
2022-12-05T22:11:11.621Z [info] : 	Code: HTTP200,  getAllFlights  Successful response
2022-12-05T22:11:11.640Z [info] : 	Code: HTTP200,  searchFlights  Successful response
2022-12-05T22:18:30.285Z [info] : 	Code: F100  searchFlights  Function Called
2022-12-05T22:18:30.288Z [info] : 	Code: F100  getAllFlights  Function Called
2022-12-05T22:18:30.298Z [info] : 	Code: HTTP200,  getAllFlights  Successful response
2022-12-05T22:18:30.310Z [info] : 	Code: HTTP200,  searchFlights  Successful response
2022-12-05T22:33:24.414Z [info] : 	Code: F100  searchFlights  Function Called
2022-12-05T22:33:24.418Z [info] : 	Code: F100  getAllFlights  Function Called
2022-12-05T22:33:24.436Z [info] : 	Code: HTTP200,  getAllFlights  Successful response
2022-12-05T22:33:24.453Z [info] : 	Code: HTTP200,  searchFlights  Successful response
2022-12-05T22:33:56.973Z [info] : 	Code: F100  searchFlights  Function Called
2022-12-05T22:33:57.001Z [info] : 	Code: HTTP200,  searchFlights  Successful response
2022-12-05T22:33:57.061Z [info] : 	Code: F100  getAllFlights  Function Called
2022-12-05T22:33:57.064Z [info] : 	Code: HTTP200,  getAllFlights  Successful response
2022-12-05T22:36:13.527Z [info] : 	Code: F100  searchFlights  Function Called
2022-12-05T22:36:13.530Z [info] : 	Code: F100  getAllFlights  Function Called
2022-12-05T22:36:13.545Z [info] : 	Code: HTTP200,  getAllFlights  Successful response
2022-12-05T22:36:13.559Z [info] : 	Code: HTTP200,  searchFlights  Successful response
2022-12-05T22:37:30.700Z [info] : 	Code: F100  searchFlights  Function Called
2022-12-05T22:37:30.711Z [info] : 	Code: F100  getAllFlights  Function Called
2022-12-05T22:37:30.716Z [info] : 	Code: HTTP200,  getAllFlights  Successful response
2022-12-05T22:37:30.734Z [info] : 	Code: HTTP200,  searchFlights  Successful response
2022-12-05T22:39:04.233Z [info] : 	Code: F100  searchFlights  Function Called
2022-12-05T22:39:04.257Z [info] : 	Code: F100  getAllFlights  Function Called
2022-12-05T22:39:04.260Z [info] : 	Code: HTTP200,  searchFlights  Successful response
2022-12-05T22:39:04.264Z [info] : 	Code: HTTP200,  getAllFlights  Successful response
2022-12-05T22:39:39.377Z [info] : 	Code: F100  searchFlights  Function Called
2022-12-05T22:39:39.380Z [info] : 	Code: F100  getAllFlights  Function Called
2022-12-05T22:39:39.388Z [info] : 	Code: HTTP200,  getAllFlights  Successful response
2022-12-05T22:39:39.399Z [info] : 	Code: HTTP200,  searchFlights  Successful response
2022-12-05T22:39:56.924Z [info] : 	Code: F100  searchFlights  Function Called
2022-12-05T22:39:56.937Z [info] : 	Code: F100  getAllFlights  Function Called
2022-12-05T22:39:56.945Z [info] : 	Code: HTTP200,  getAllFlights  Successful response
2022-12-05T22:39:56.956Z [info] : 	Code: HTTP200,  searchFlights  Successful response
2022-12-05T22:40:41.104Z [info] : 	Code: F100 login Function Called
2022-12-05T22:40:41.212Z [info] : 	Code: F100  getAllFlights  Function Called
2022-12-05T22:40:41.215Z [info] : 	Code: HTTP200,  getAllFlights  Successful response
2022-12-05T22:40:51.158Z [info] : 	Code: F100  searchFlights  Function Called
2022-12-05T22:40:51.178Z [info] : 	Code: HTTP200,  searchFlights  Successful response
2022-12-05T22:40:59.131Z [info] : 	Code: F100 login Function Called
2022-12-05T22:40:59.282Z [info] : 	Code: F100  getAllFlights  Function Called
2022-12-05T22:40:59.284Z [info] : 	Code: HTTP200,  getAllFlights  Successful response
2022-12-05T22:41:07.824Z [info] : 	Code: F100  searchFlights  Function Called
2022-12-05T22:41:07.833Z [info] : 	Code: HTTP200,  searchFlights  Successful response
2022-12-05T22:41:08.076Z [info] : 	Code: F100  searchFlights  Function Called
2022-12-05T22:41:08.081Z [info] : 	Code: HTTP200,  searchFlights  Successful response
2022-12-05T22:41:08.184Z [info] : 	Code: F100  getAllFlights  Function Called
2022-12-05T22:41:08.187Z [info] : 	Code: HTTP200,  getAllFlights  Successful response
2022-12-05T22:41:28.911Z [info] : 	Code: F100  searchFlights  Function Called
2022-12-05T22:41:28.914Z [info] : 	Code: F100  getAllFlights  Function Called
2022-12-05T22:41:28.926Z [info] : 	Code: HTTP200,  searchFlights  Successful response
2022-12-05T22:41:28.928Z [info] : 	Code: HTTP200,  getAllFlights  Successful response
2022-12-05T22:41:36.679Z [info] : 	Code: F100  getAllFlights  Function Called
2022-12-05T22:41:36.685Z [info] : 	Code: HTTP200,  getAllFlights  Successful response
2022-12-05T22:42:24.862Z [info] : 	Code: F100  getAllFlights  Function Called
2022-12-05T22:42:24.871Z [info] : 	Code: HTTP200,  getAllFlights  Successful response
2022-12-05T22:42:38.372Z [info] : 	Code: F100  getAllFlights  Function Called
2022-12-05T22:42:38.380Z [info] : 	Code: HTTP200,  getAllFlights  Successful response
2022-12-05T22:42:44.890Z [info] : 	Code: F100  getAllFlights  Function Called
2022-12-05T22:42:44.892Z [info] : 	Code: HTTP200,  getAllFlights  Successful response
2022-12-05T22:43:22.780Z [info] : 	Code: F100  getAllFlights  Function Called
2022-12-05T22:43:22.796Z [info] : 	Code: HTTP200,  getAllFlights  Successful response
2022-12-05T22:43:41.469Z [info] : 	Code: F100  getAllFlights  Function Called
2022-12-05T22:43:41.475Z [info] : 	Code: HTTP200,  getAllFlights  Successful response
2022-12-05T22:43:57.473Z [info] : 	Code: F100  getAllFlights  Function Called
2022-12-05T22:43:57.482Z [info] : 	Code: HTTP200,  getAllFlights  Successful response
2022-12-05T22:44:12.355Z [info] : 	Code: F100  getAllFlights  Function Called
2022-12-05T22:44:12.362Z [info] : 	Code: HTTP200,  getAllFlights  Successful response
2022-12-05T22:44:26.666Z [info] : 	Code: F100  getAllFlights  Function Called
2022-12-05T22:44:26.678Z [info] : 	Code: HTTP200,  getAllFlights  Successful response
2022-12-05T22:44:42.878Z [info] : 	Code: F100  searchFlights  Function Called
2022-12-05T22:44:42.886Z [info] : 	Code: HTTP200,  searchFlights  Successful response
2022-12-05T22:44:43.141Z [info] : 	Code: F100  searchFlights  Function Called
2022-12-05T22:44:43.143Z [info] : 	Code: HTTP200,  searchFlights  Successful response
2022-12-05T22:44:43.234Z [info] : 	Code: F100  getAllFlights  Function Called
2022-12-05T22:44:43.236Z [info] : 	Code: HTTP200,  getAllFlights  Successful response
2022-12-05T22:47:39.571Z [info] : 	Code: F100  searchFlights  Function Called
2022-12-05T22:47:39.575Z [info] : 	Code: F100  getAllFlights  Function Called
2022-12-05T22:47:39.583Z [info] : 	Code: HTTP200,  searchFlights  Successful response
2022-12-05T22:47:39.589Z [info] : 	Code: HTTP200,  getAllFlights  Successful response
2022-12-05T22:47:50.110Z [info] : 	Code: F100  getAllFlights  Function Called
2022-12-05T22:47:50.112Z [info] : 	Code: F100  searchFlights  Function Called
2022-12-05T22:47:50.122Z [info] : 	Code: HTTP200,  getAllFlights  Successful response
2022-12-05T22:47:50.124Z [info] : 	Code: HTTP200,  searchFlights  Successful response
2022-12-05T22:49:46.497Z [info] : 	Code: F100  searchFlights  Function Called
2022-12-05T22:49:46.500Z [info] : 	Code: F100  getAllFlights  Function Called
2022-12-05T22:49:46.512Z [info] : 	Code: HTTP200,  searchFlights  Successful response
2022-12-05T22:49:46.514Z [info] : 	Code: HTTP200,  getAllFlights  Successful response
2022-12-05T22:49:48.650Z [info] : 	Code: F100  searchFlights  Function Called
2022-12-05T22:49:48.653Z [info] : 	Code: F100  getAllFlights  Function Called
2022-12-05T22:49:48.656Z [info] : 	Code: HTTP200,  searchFlights  Successful response
2022-12-05T22:49:48.657Z [info] : 	Code: HTTP200,  getAllFlights  Successful response
2022-12-05T22:51:37.870Z [info] : 	Code: F100  searchFlights  Function Called
2022-12-05T22:51:37.877Z [info] : 	Code: F100  getAllFlights  Function Called
2022-12-05T22:51:37.890Z [info] : 	Code: HTTP200,  searchFlights  Successful response
2022-12-05T22:51:37.892Z [info] : 	Code: HTTP200,  getAllFlights  Successful response
2022-12-05T22:52:55.947Z [info] : 	Code: F100  searchFlights  Function Called
2022-12-05T22:52:55.951Z [info] : 	Code: F100  getAllFlights  Function Called
2022-12-05T22:52:55.958Z [info] : 	Code: HTTP200,  searchFlights  Successful response
2022-12-05T22:52:55.960Z [info] : 	Code: HTTP200,  getAllFlights  Successful response
2022-12-05T22:53:31.200Z [info] : 	Code: F100  searchFlights  Function Called
2022-12-05T22:53:31.203Z [info] : 	Code: F100  getAllFlights  Function Called
2022-12-05T22:53:31.210Z [info] : 	Code: HTTP200,  searchFlights  Successful response
2022-12-05T22:53:31.212Z [info] : 	Code: HTTP200,  getAllFlights  Successful response
2022-12-05T22:53:37.718Z [info] : 	Code: F100  searchFlights  Function Called
2022-12-05T22:53:37.723Z [info] : 	Code: HTTP200,  searchFlights  Successful response
2022-12-05T22:53:37.726Z [info] : 	Code: F100  getAllFlights  Function Called
2022-12-05T22:53:37.730Z [info] : 	Code: HTTP200,  getAllFlights  Successful response
2022-12-05T22:53:48.511Z [info] : 	Code: F100  searchFlights  Function Called
2022-12-05T22:53:48.522Z [info] : 	Code: HTTP200,  searchFlights  Successful response
2022-12-05T22:53:48.833Z [info] : 	Code: F100  getAllFlights  Function Called
2022-12-05T22:53:48.839Z [info] : 	Code: HTTP200,  getAllFlights  Successful response
2022-12-05T22:53:54.738Z [info] : 	Code: F100  searchFlights  Function Called
2022-12-05T22:53:54.744Z [info] : 	Code: HTTP200,  searchFlights  Successful response
2022-12-05T22:53:54.747Z [info] : 	Code: F100  getAllFlights  Function Called
2022-12-05T22:53:54.750Z [info] : 	Code: HTTP200,  getAllFlights  Successful response
2022-12-05T22:54:04.554Z [info] : 	Code: F100  searchFlights  Function Called
2022-12-05T22:54:04.558Z [info] : 	Code: F100  getAllFlights  Function Called
2022-12-05T22:54:04.561Z [info] : 	Code: HTTP200,  searchFlights  Successful response
2022-12-05T22:54:04.563Z [info] : 	Code: HTTP200,  getAllFlights  Successful response
2022-12-05T22:54:24.932Z [info] : 	Code: F100 login Function Called
2022-12-05T22:54:25.044Z [info] : 	Code: F100  getAllFlights  Function Called
2022-12-05T22:54:25.046Z [info] : 	Code: HTTP200,  getAllFlights  Successful response
2022-12-05T22:54:44.670Z [info] : 	Code: F100  searchFlights  Function Called
2022-12-05T22:54:44.688Z [info] : 	Code: HTTP200,  searchFlights  Successful response
2022-12-05T22:54:44.922Z [info] : 	Code: F100  searchFlights  Function Called
2022-12-05T22:54:44.933Z [info] : 	Code: HTTP200,  searchFlights  Successful response
2022-12-05T22:54:45.021Z [info] : 	Code: F100  getAllFlights  Function Called
2022-12-05T22:54:45.023Z [info] : 	Code: HTTP200,  getAllFlights  Successful response
2022-12-05T22:58:25.836Z [info] : 	Code: F100  searchFlights  Function Called
2022-12-05T22:58:25.838Z [info] : 	Code: F100  getAllFlights  Function Called
2022-12-05T22:58:25.848Z [info] : 	Code: HTTP200,  getAllFlights  Successful response
2022-12-05T22:58:25.852Z [info] : 	Code: HTTP200,  searchFlights  Successful response
2022-12-05T23:04:08.410Z [info] : 	Code: F100 login Function Called
2022-12-05T23:04:08.528Z [info] : 	Code: F100  getAllFlights  Function Called
2022-12-05T23:04:08.531Z [info] : 	Code: HTTP200,  getAllFlights  Successful response
2022-12-05T23:04:20.077Z [info] : 	Code: F100  searchFlights  Function Called
2022-12-05T23:04:20.086Z [info] : 	Code: HTTP200,  searchFlights  Successful response
2022-12-05T23:05:40.953Z [info] : 	Code: F100 login Function Called
2022-12-05T23:05:41.268Z [info] : 	Code: F100  getAllFlights  Function Called
2022-12-05T23:05:41.270Z [info] : 	Code: HTTP200,  getAllFlights  Successful response
2022-12-05T23:05:50.439Z [info] : 	Code: F100  searchFlights  Function Called
2022-12-05T23:05:50.465Z [info] : 	Code: HTTP200,  searchFlights  Successful response
2022-12-05T23:06:17.079Z [info] : 	Code: F100 login Function Called
2022-12-05T23:06:17.222Z [info] : 	Code: F100  getAllFlights  Function Called
2022-12-05T23:06:17.225Z [info] : 	Code: HTTP200,  getAllFlights  Successful response
2022-12-05T23:06:26.031Z [info] : 	Code: F100  searchFlights  Function Called
2022-12-05T23:06:26.039Z [info] : 	Code: HTTP200,  searchFlights  Successful response
2022-12-05T23:19:37.670Z [info] : 	Code: F100 login Function Called
2022-12-05T23:19:37.831Z [info] : 	Code: F100  getAllFlights  Function Called
2022-12-05T23:19:37.833Z [info] : 	Code: HTTP200,  getAllFlights  Successful response
2022-12-05T23:19:46.087Z [info] : 	Code: F100  searchFlights  Function Called
2022-12-05T23:19:46.104Z [info] : 	Code: HTTP200,  searchFlights  Successful response
2022-12-05T23:19:46.362Z [info] : 	Code: F100  searchFlights  Function Called
2022-12-05T23:19:46.375Z [info] : 	Code: HTTP200,  searchFlights  Successful response
2022-12-05T23:19:46.441Z [info] : 	Code: F100  getAllFlights  Function Called
2022-12-05T23:19:46.444Z [info] : 	Code: HTTP200,  getAllFlights  Successful response
2022-12-05T23:19:56.384Z [info] : 	Code: F100  searchFlights  Function Called
2022-12-05T23:19:56.389Z [info] : 	Code: HTTP200,  searchFlights  Successful response
2022-12-05T23:20:03.301Z [info] : 	Code: F100  searchFlights  Function Called
2022-12-05T23:20:03.309Z [info] : 	Code: HTTP200,  searchFlights  Successful response
2022-12-06T11:00:41.001Z [info] : 	Code: F100 login Function Called
2022-12-06T11:00:41.335Z [info] : 	Code: F100  getAllFlights  Function Called
2022-12-06T11:00:41.341Z [info] : 	Code: HTTP200,  getAllFlights  Successful response
2022-12-06T11:02:41.283Z [info] : 	Code: F100  searchFlights  Function Called
2022-12-06T11:02:41.341Z [info] : 	Code: HTTP200,  searchFlights  Successful response
2022-12-06T11:02:41.538Z [info] : 	Code: F100  searchFlights  Function Called
2022-12-06T11:02:41.572Z [info] : 	Code: HTTP200,  searchFlights  Successful response
2022-12-06T11:02:41.753Z [info] : 	Code: F100  getAllFlights  Function Called
2022-12-06T11:02:41.760Z [info] : 	Code: HTTP200,  getAllFlights  Successful response
2022-12-06T11:15:54.942Z [info] : 	Code: F100  searchFlights  Function Called
2022-12-06T11:15:54.947Z [info] : 	Code: F100  getAllFlights  Function Called
2022-12-06T11:15:54.971Z [info] : 	Code: HTTP200,  getAllFlights  Successful response
2022-12-06T11:15:54.985Z [info] : 	Code: HTTP200,  searchFlights  Successful response
2022-12-06T11:16:17.907Z [info] : 	Code: F100  searchFlights  Function Called
2022-12-06T11:16:17.973Z [info] : 	Code: HTTP200,  searchFlights  Successful response
2022-12-06T11:16:18.042Z [info] : 	Code: F100  getAllFlights  Function Called
2022-12-06T11:16:18.105Z [info] : 	Code: HTTP200,  getAllFlights  Successful response
2022-12-06T11:16:25.163Z [info] : 	Code: F100  searchFlights  Function Called
2022-12-06T11:16:25.166Z [info] : 	Code: F100  getAllFlights  Function Called
2022-12-06T11:16:25.169Z [info] : 	Code: HTTP200,  searchFlights  Successful response
2022-12-06T11:16:25.172Z [info] : 	Code: HTTP200,  getAllFlights  Successful response
2022-12-06T11:16:25.410Z [info] : 	Code: F100  searchFlights  Function Called
2022-12-06T11:16:25.425Z [error] : 	Code: HTTP400,  searchFlights  Catch error
2022-12-06T11:16:25.507Z [info] : 	Code: F100  getAllFlights  Function Called
2022-12-06T11:16:25.510Z [info] : 	Code: HTTP200,  getAllFlights  Successful response
2022-12-06T11:16:31.445Z [info] : 	Code: F100  getAllFlights  Function Called
2022-12-06T11:16:31.449Z [info] : 	Code: HTTP200,  getAllFlights  Successful response
2022-12-06T11:16:51.286Z [info] : 	Code: F100  searchFlights  Function Called
2022-12-06T11:16:51.315Z [info] : 	Code: HTTP200,  searchFlights  Successful response
2022-12-06T11:16:51.550Z [info] : 	Code: F100  searchFlights  Function Called
2022-12-06T11:16:51.567Z [info] : 	Code: HTTP200,  searchFlights  Successful response
2022-12-06T11:16:51.658Z [info] : 	Code: F100  getAllFlights  Function Called
2022-12-06T11:16:51.661Z [info] : 	Code: HTTP200,  getAllFlights  Successful response
2022-12-06T11:20:31.865Z [info] : 	Code: F100  searchFlights  Function Called
2022-12-06T11:20:31.914Z [info] : 	Code: HTTP200,  searchFlights  Successful response
2022-12-06T11:20:31.947Z [info] : 	Code: F100  getAllFlights  Function Called
2022-12-06T11:20:31.954Z [info] : 	Code: HTTP200,  getAllFlights  Successful response
2022-12-06T11:20:47.962Z [info] : 	Code: F100  searchFlights  Function Called
2022-12-06T11:20:47.967Z [info] : 	Code: F100  getAllFlights  Function Called
2022-12-06T11:20:47.983Z [info] : 	Code: HTTP200,  getAllFlights  Successful response
2022-12-06T11:20:47.998Z [info] : 	Code: HTTP200,  searchFlights  Successful response
2022-12-06T11:21:01.816Z [info] : 	Code: F100 login Function Called
2022-12-06T11:21:01.912Z [info] : 	Code: F100  getAllFlights  Function Called
2022-12-06T11:21:01.917Z [info] : 	Code: HTTP200,  getAllFlights  Successful response
2022-12-06T11:22:01.834Z [info] : 	Code: F100  getAllFlights  Function Called
2022-12-06T11:22:01.842Z [info] : 	Code: HTTP200,  getAllFlights  Successful response
2022-12-06T11:22:11.743Z [info] : 	Code: F100  searchFlights  Function Called
2022-12-06T11:22:11.762Z [info] : 	Code: HTTP200,  searchFlights  Successful response
2022-12-06T11:22:11.794Z [info] : 	Code: F100  searchFlights  Function Called
2022-12-06T11:22:11.799Z [info] : 	Code: F100  getAllFlights  Function Called
2022-12-06T11:22:11.803Z [info] : 	Code: HTTP200,  getAllFlights  Successful response
2022-12-06T11:22:11.812Z [info] : 	Code: HTTP200,  searchFlights  Successful response
2022-12-06T11:23:09.852Z [info] : 	Code: F100  searchFlights  Function Called
2022-12-06T11:23:09.859Z [info] : 	Code: F100  getAllFlights  Function Called
2022-12-06T11:23:09.899Z [info] : 	Code: HTTP200,  getAllFlights  Successful response
2022-12-06T11:23:09.961Z [info] : 	Code: HTTP200,  searchFlights  Successful response
2022-12-06T11:24:46.601Z [info] : 	Code: F100  searchFlights  Function Called
2022-12-06T11:24:46.606Z [info] : 	Code: F100  getAllFlights  Function Called
2022-12-06T11:24:46.619Z [info] : 	Code: HTTP200,  getAllFlights  Successful response
2022-12-06T11:24:46.635Z [info] : 	Code: HTTP200,  searchFlights  Successful response
2022-12-06T11:25:21.836Z [info] : 	Code: F100  searchFlights  Function Called
2022-12-06T11:25:21.842Z [info] : 	Code: F100  getAllFlights  Function Called
2022-12-06T11:25:21.859Z [info] : 	Code: HTTP200,  getAllFlights  Successful response
2022-12-06T11:25:21.876Z [info] : 	Code: HTTP200,  searchFlights  Successful response
2022-12-06T11:25:43.653Z [info] : 	Code: F100  searchFlights  Function Called
2022-12-06T11:25:43.657Z [info] : 	Code: F100  getAllFlights  Function Called
2022-12-06T11:25:43.671Z [info] : 	Code: HTTP200,  getAllFlights  Successful response
2022-12-06T11:25:43.689Z [info] : 	Code: HTTP200,  searchFlights  Successful response
2022-12-06T11:27:09.871Z [info] : 	Code: F100  searchFlights  Function Called
2022-12-06T11:27:09.873Z [info] : 	Code: F100  getAllFlights  Function Called
2022-12-06T11:27:09.883Z [info] : 	Code: HTTP200,  getAllFlights  Successful response
2022-12-06T11:27:09.896Z [info] : 	Code: HTTP200,  searchFlights  Successful response
2022-12-06T11:27:59.760Z [info] : 	Code: F100  searchFlights  Function Called
2022-12-06T11:27:59.763Z [info] : 	Code: F100  getAllFlights  Function Called
2022-12-06T11:27:59.781Z [info] : 	Code: HTTP200,  getAllFlights  Successful response
2022-12-06T11:27:59.795Z [info] : 	Code: HTTP200,  searchFlights  Successful response
2022-12-06T11:29:39.468Z [info] : 	Code: F100  searchFlights  Function Called
2022-12-06T11:29:39.471Z [info] : 	Code: F100  getAllFlights  Function Called
2022-12-06T11:29:39.483Z [info] : 	Code: HTTP200,  getAllFlights  Successful response
2022-12-06T11:29:39.496Z [info] : 	Code: HTTP200,  searchFlights  Successful response
2022-12-06T11:30:04.965Z [info] : 	Code: F100  searchFlights  Function Called
2022-12-06T11:30:04.978Z [info] : 	Code: F100  getAllFlights  Function Called
2022-12-06T11:30:04.987Z [info] : 	Code: HTTP200,  getAllFlights  Successful response
2022-12-06T11:30:05.002Z [info] : 	Code: HTTP200,  searchFlights  Successful response
2022-12-06T11:30:22.428Z [info] : 	Code: F100  searchFlights  Function Called
2022-12-06T11:30:22.441Z [info] : 	Code: F100  getAllFlights  Function Called
2022-12-06T11:30:22.449Z [info] : 	Code: HTTP200,  getAllFlights  Successful response
2022-12-06T11:30:22.467Z [info] : 	Code: HTTP200,  searchFlights  Successful response
2022-12-06T11:30:28.461Z [info] : 	Code: F100  searchFlights  Function Called
2022-12-06T11:30:28.465Z [info] : 	Code: F100  getAllFlights  Function Called
2022-12-06T11:30:28.472Z [info] : 	Code: HTTP200,  getAllFlights  Successful response
2022-12-06T11:30:28.481Z [info] : 	Code: HTTP200,  searchFlights  Successful response
2022-12-06T11:31:51.671Z [info] : 	Code: F100  searchFlights  Function Called
2022-12-06T11:31:51.683Z [info] : 	Code: F100  getAllFlights  Function Called
2022-12-06T11:31:51.692Z [info] : 	Code: HTTP200,  getAllFlights  Successful response
2022-12-06T11:31:51.704Z [info] : 	Code: HTTP200,  searchFlights  Successful response
2022-12-06T11:32:11.718Z [info] : 	Code: F100  searchFlights  Function Called
2022-12-06T11:32:11.749Z [info] : 	Code: HTTP200,  searchFlights  Successful response
2022-12-06T11:32:11.761Z [info] : 	Code: F100  getAllFlights  Function Called
2022-12-06T11:32:11.764Z [info] : 	Code: HTTP200,  getAllFlights  Successful response
2022-12-06T11:32:26.507Z [info] : 	Code: F100  searchFlights  Function Called
2022-12-06T11:32:26.511Z [info] : 	Code: F100  getAllFlights  Function Called
2022-12-06T11:32:26.523Z [info] : 	Code: HTTP200,  getAllFlights  Successful response
2022-12-06T11:32:26.537Z [info] : 	Code: HTTP200,  searchFlights  Successful response
2022-12-06T11:32:45.530Z [info] : 	Code: F100  searchFlights  Function Called
2022-12-06T11:32:45.533Z [info] : 	Code: F100  getAllFlights  Function Called
2022-12-06T11:32:45.546Z [info] : 	Code: HTTP200,  getAllFlights  Successful response
2022-12-06T11:32:45.554Z [info] : 	Code: HTTP200,  searchFlights  Successful response
2022-12-06T11:33:32.357Z [info] : 	Code: F100  searchFlights  Function Called
2022-12-06T11:33:32.361Z [info] : 	Code: F100  getAllFlights  Function Called
2022-12-06T11:33:32.372Z [info] : 	Code: HTTP200,  getAllFlights  Successful response
2022-12-06T11:33:32.385Z [info] : 	Code: HTTP200,  searchFlights  Successful response
2022-12-06T11:33:52.898Z [info] : 	Code: F100  searchFlights  Function Called
2022-12-06T11:33:52.902Z [info] : 	Code: F100  getAllFlights  Function Called
2022-12-06T11:33:52.920Z [info] : 	Code: HTTP200,  getAllFlights  Successful response
2022-12-06T11:33:52.933Z [info] : 	Code: HTTP200,  searchFlights  Successful response
2022-12-06T11:35:05.089Z [info] : 	Code: F100  searchFlights  Function Called
2022-12-06T11:35:05.092Z [info] : 	Code: F100  getAllFlights  Function Called
2022-12-06T11:35:05.102Z [info] : 	Code: HTTP200,  getAllFlights  Successful response
2022-12-06T11:35:05.109Z [info] : 	Code: HTTP200,  searchFlights  Successful response
2022-12-06T11:35:23.575Z [info] : 	Code: F100  searchFlights  Function Called
2022-12-06T11:35:23.579Z [info] : 	Code: F100  getAllFlights  Function Called
2022-12-06T11:35:23.590Z [info] : 	Code: HTTP200,  getAllFlights  Successful response
2022-12-06T11:35:23.604Z [info] : 	Code: HTTP200,  searchFlights  Successful response
2022-12-06T11:37:42.192Z [info] : 	Code: F100 login Function Called
2022-12-06T11:37:42.337Z [info] : 	Code: F100  getAllFlights  Function Called
2022-12-06T11:37:42.340Z [info] : 	Code: HTTP200,  getAllFlights  Successful response
2022-12-06T11:38:11.423Z [info] : 	Code: F100  getAllFlights  Function Called
2022-12-06T11:38:11.432Z [info] : 	Code: HTTP200,  getAllFlights  Successful response
2022-12-06T11:38:24.632Z [info] : 	Code: F100  searchFlights  Function Called
2022-12-06T11:38:24.665Z [info] : 	Code: HTTP200,  searchFlights  Successful response
2022-12-06T11:38:24.712Z [info] : 	Code: F100  searchFlights  Function Called
2022-12-06T11:38:24.719Z [info] : 	Code: F100  getAllFlights  Function Called
2022-12-06T11:38:24.724Z [info] : 	Code: HTTP200,  getAllFlights  Successful response
2022-12-06T11:38:24.730Z [info] : 	Code: HTTP200,  searchFlights  Successful response
2022-12-06T11:39:59.145Z [info] : 	Code: F100  searchFlights  Function Called
2022-12-06T11:39:59.150Z [info] : 	Code: F100  getAllFlights  Function Called
2022-12-06T11:39:59.162Z [info] : 	Code: HTTP200,  getAllFlights  Successful response
2022-12-06T11:39:59.176Z [info] : 	Code: HTTP200,  searchFlights  Successful response
2022-12-06T11:40:34.905Z [info] : 	Code: F100  searchFlights  Function Called
2022-12-06T11:40:34.907Z [info] : 	Code: F100  getAllFlights  Function Called
2022-12-06T11:40:34.915Z [info] : 	Code: HTTP200,  getAllFlights  Successful response
2022-12-06T11:40:34.929Z [info] : 	Code: HTTP200,  searchFlights  Successful response
2022-12-06T11:40:44.647Z [info] : 	Code: F100  searchFlights  Function Called
2022-12-06T11:40:44.660Z [info] : 	Code: HTTP200,  searchFlights  Successful response
2022-12-06T11:40:44.663Z [info] : 	Code: F100  getAllFlights  Function Called
2022-12-06T11:40:44.666Z [info] : 	Code: HTTP200,  getAllFlights  Successful response
2022-12-06T11:42:07.720Z [info] : 	Code: F100  searchFlights  Function Called
2022-12-06T11:42:07.724Z [info] : 	Code: F100  getAllFlights  Function Called
2022-12-06T11:42:07.736Z [info] : 	Code: HTTP200,  getAllFlights  Successful response
2022-12-06T11:42:07.746Z [info] : 	Code: HTTP200,  searchFlights  Successful response
2022-12-06T11:43:13.369Z [info] : 	Code: F100  searchFlights  Function Called
2022-12-06T11:43:13.374Z [info] : 	Code: F100  getAllFlights  Function Called
2022-12-06T11:43:13.386Z [info] : 	Code: HTTP200,  getAllFlights  Successful response
2022-12-06T11:43:13.397Z [info] : 	Code: HTTP200,  searchFlights  Successful response
2022-12-06T11:44:37.282Z [info] : 	Code: F100  searchFlights  Function Called
2022-12-06T11:44:37.287Z [info] : 	Code: F100  getAllFlights  Function Called
2022-12-06T11:44:37.298Z [info] : 	Code: HTTP200,  getAllFlights  Successful response
2022-12-06T11:44:37.312Z [info] : 	Code: HTTP200,  searchFlights  Successful response
2022-12-06T11:44:41.492Z [info] : 	Code: F100  searchFlights  Function Called
2022-12-06T11:44:41.502Z [info] : 	Code: HTTP200,  searchFlights  Successful response
2022-12-06T11:44:41.530Z [info] : 	Code: F100  getAllFlights  Function Called
2022-12-06T11:44:41.532Z [info] : 	Code: HTTP200,  getAllFlights  Successful response
2022-12-06T11:47:45.059Z [info] : 	Code: F100  searchFlights  Function Called
2022-12-06T11:47:45.065Z [info] : 	Code: F100  getAllFlights  Function Called
2022-12-06T11:47:45.082Z [info] : 	Code: HTTP200,  getAllFlights  Successful response
2022-12-06T11:47:45.104Z [info] : 	Code: HTTP200,  searchFlights  Successful response
2022-12-06T11:48:37.111Z [info] : 	Code: F100  searchFlights  Function Called
2022-12-06T11:48:37.145Z [info] : 	Code: HTTP200,  searchFlights  Successful response
2022-12-06T11:48:37.190Z [info] : 	Code: F100  getAllFlights  Function Called
2022-12-06T11:48:37.192Z [info] : 	Code: HTTP200,  getAllFlights  Successful response
2022-12-06T11:53:08.727Z [info] : 	Code: F100  searchFlights  Function Called
2022-12-06T11:53:08.731Z [info] : 	Code: F100  getAllFlights  Function Called
2022-12-06T11:53:08.746Z [info] : 	Code: HTTP200,  getAllFlights  Successful response
2022-12-06T11:53:08.758Z [info] : 	Code: HTTP200,  searchFlights  Successful response
2022-12-06T11:54:08.600Z [info] : 	Code: F100  searchFlights  Function Called
2022-12-06T11:54:08.623Z [info] : 	Code: HTTP200,  searchFlights  Successful response
2022-12-06T11:54:08.629Z [info] : 	Code: F100  getAllFlights  Function Called
2022-12-06T11:54:08.632Z [info] : 	Code: HTTP200,  getAllFlights  Successful response
2022-12-06T11:54:21.632Z [info] : 	Code: F100  searchFlights  Function Called
2022-12-06T11:54:21.635Z [info] : 	Code: F100  getAllFlights  Function Called
2022-12-06T11:54:21.645Z [info] : 	Code: HTTP200,  getAllFlights  Successful response
2022-12-06T11:54:21.657Z [info] : 	Code: HTTP200,  searchFlights  Successful response
2022-12-06T11:54:38.055Z [info] : 	Code: F100  searchFlights  Function Called
2022-12-06T11:54:38.081Z [info] : 	Code: F100  getAllFlights  Function Called
2022-12-06T11:54:38.085Z [info] : 	Code: HTTP200,  searchFlights  Successful response
2022-12-06T11:54:38.088Z [info] : 	Code: HTTP200,  getAllFlights  Successful response
2022-12-06T11:54:50.541Z [info] : 	Code: F100  searchFlights  Function Called
2022-12-06T11:54:50.547Z [info] : 	Code: F100  getAllFlights  Function Called
2022-12-06T11:54:50.559Z [info] : 	Code: HTTP200,  getAllFlights  Successful response
2022-12-06T11:54:50.576Z [info] : 	Code: HTTP200,  searchFlights  Successful response
2022-12-06T11:55:22.088Z [info] : 	Code: F100  searchFlights  Function Called
2022-12-06T11:55:22.093Z [info] : 	Code: F100  getAllFlights  Function Called
2022-12-06T11:55:22.106Z [info] : 	Code: HTTP200,  getAllFlights  Successful response
2022-12-06T11:55:22.119Z [info] : 	Code: HTTP200,  searchFlights  Successful response
2022-12-06T11:59:08.031Z [info] : 	Code: F100  searchFlights  Function Called
2022-12-06T11:59:08.042Z [info] : 	Code: F100  getAllFlights  Function Called
2022-12-06T11:59:08.051Z [info] : 	Code: HTTP200,  getAllFlights  Successful response
2022-12-06T11:59:08.069Z [info] : 	Code: HTTP200,  searchFlights  Successful response
2022-12-06T12:10:10.331Z [info] : 	Code: F100  searchFlights  Function Called
2022-12-06T12:10:10.346Z [error] : 	Code: HTTP400,  searchFlights  Catch error
2022-12-06T12:10:47.614Z [info] : 	Code: F100  searchFlights  Function Called
2022-12-06T12:10:47.626Z [error] : 	Code: HTTP400,  searchFlights  Catch error
2022-12-06T12:14:02.226Z [info] : 	Code: F100  searchFlights  Function Called
2022-12-06T12:14:02.238Z [error] : 	Code: HTTP400,  searchFlights  Catch error
2022-12-06T12:25:46.908Z [info] : 	Code: F100  searchFlights  Function Called
2022-12-06T12:26:37.173Z [error] : 	Code: HTTP400,  searchFlights  Catch error
2022-12-06T12:26:53.565Z [info] : 	Code: F100  searchFlights  Function Called
2022-12-06T12:27:01.451Z [error] : 	Code: HTTP400,  searchFlights  Catch error
2022-12-06T12:27:09.738Z [info] : 	Code: F100  searchFlights  Function Called
2022-12-06T12:27:56.302Z [info] : 	Code: F100  searchFlights  Function Called
2022-12-06T12:28:21.686Z [info] : 	Code: HTTP200,  searchFlights  Successful response
2022-12-06T12:28:56.950Z [info] : 	Code: F100  searchFlights  Function Called
2022-12-06T12:29:11.587Z [info] : 	Code: HTTP200,  searchFlights  Successful response
2022-12-06T12:49:17.443Z [info] : 	Code: F100  searchFlights  Function Called
2022-12-06T12:49:17.455Z [info] : 	Code: F100  getAllFlights  Function Called
2022-12-06T12:49:17.477Z [info] : 	Code: HTTP200,  getAllFlights  Successful response
2022-12-06T12:49:17.495Z [info] : 	Code: HTTP200,  searchFlights  Successful response
2022-12-06T12:50:55.489Z [info] : 	Code: F100  searchFlights  Function Called
2022-12-06T12:50:55.503Z [info] : 	Code: F100  getAllFlights  Function Called
2022-12-06T12:50:55.516Z [info] : 	Code: HTTP200,  getAllFlights  Successful response
2022-12-06T12:50:55.544Z [info] : 	Code: HTTP200,  searchFlights  Successful response
2022-12-06T12:50:56.462Z [info] : 	Code: F100  searchFlights  Function Called
2022-12-06T12:50:56.484Z [info] : 	Code: HTTP200,  searchFlights  Successful response
2022-12-06T12:50:56.490Z [info] : 	Code: F100  getAllFlights  Function Called
2022-12-06T12:50:56.495Z [info] : 	Code: HTTP200,  getAllFlights  Successful response
2022-12-06T12:52:09.131Z [info] : 	Code: F100  searchFlights  Function Called
2022-12-06T12:52:09.135Z [info] : 	Code: F100  getAllFlights  Function Called
2022-12-06T12:52:09.150Z [info] : 	Code: HTTP200,  getAllFlights  Successful response
2022-12-06T12:52:09.163Z [info] : 	Code: HTTP200,  searchFlights  Successful response
2022-12-06T12:55:46.316Z [info] : 	Code: F100  searchFlights  Function Called
2022-12-06T12:55:46.347Z [info] : 	Code: HTTP200,  searchFlights  Successful response
2022-12-06T12:55:46.354Z [info] : 	Code: F100  getAllFlights  Function Called
2022-12-06T12:55:46.359Z [info] : 	Code: HTTP200,  getAllFlights  Successful response
2022-12-06T12:56:07.473Z [info] : 	Code: F100  searchFlights  Function Called
2022-12-06T12:56:07.489Z [info] : 	Code: F100  getAllFlights  Function Called
2022-12-06T12:56:07.498Z [info] : 	Code: HTTP200,  getAllFlights  Successful response
2022-12-06T12:56:07.512Z [info] : 	Code: HTTP200,  searchFlights  Successful response
2022-12-06T12:56:28.896Z [info] : 	Code: F100  searchFlights  Function Called
2022-12-06T12:56:28.899Z [info] : 	Code: F100  getAllFlights  Function Called
2022-12-06T12:56:28.912Z [info] : 	Code: HTTP200,  getAllFlights  Successful response
2022-12-06T12:56:28.924Z [info] : 	Code: HTTP200,  searchFlights  Successful response
2022-12-06T12:57:12.623Z [info] : 	Code: F100  searchFlights  Function Called
2022-12-06T12:57:12.626Z [info] : 	Code: F100  getAllFlights  Function Called
2022-12-06T12:57:12.639Z [info] : 	Code: HTTP200,  getAllFlights  Successful response
2022-12-06T12:57:12.651Z [info] : 	Code: HTTP200,  searchFlights  Successful response
2022-12-06T13:01:09.886Z [info] : 	Code: F100  searchFlights  Function Called
2022-12-06T13:01:09.890Z [info] : 	Code: F100  getAllFlights  Function Called
2022-12-06T13:01:09.906Z [info] : 	Code: HTTP200,  getAllFlights  Successful response
2022-12-06T13:01:09.920Z [info] : 	Code: HTTP200,  searchFlights  Successful response
2022-12-06T13:01:14.211Z [info] : 	Code: F100  searchFlights  Function Called
2022-12-06T13:01:14.227Z [info] : 	Code: HTTP200,  searchFlights  Successful response
2022-12-06T13:01:20.325Z [info] : 	Code: F100  searchFlights  Function Called
2022-12-06T13:01:20.340Z [info] : 	Code: HTTP200,  searchFlights  Successful response
2022-12-06T13:02:04.626Z [info] : 	Code: F100  searchFlights  Function Called
2022-12-06T13:02:04.631Z [info] : 	Code: F100  getAllFlights  Function Called
2022-12-06T13:02:04.646Z [info] : 	Code: HTTP200,  getAllFlights  Successful response
2022-12-06T13:02:04.662Z [info] : 	Code: HTTP200,  searchFlights  Successful response
2022-12-06T13:02:08.211Z [info] : 	Code: F100  searchFlights  Function Called
2022-12-06T13:02:08.228Z [info] : 	Code: HTTP200,  searchFlights  Successful response
2022-12-06T13:02:23.016Z [info] : 	Code: F100  searchFlights  Function Called
2022-12-06T13:02:23.019Z [info] : 	Code: F100  getAllFlights  Function Called
2022-12-06T13:02:23.031Z [info] : 	Code: HTTP200,  getAllFlights  Successful response
2022-12-06T13:02:23.046Z [info] : 	Code: HTTP200,  searchFlights  Successful response
2022-12-06T13:03:45.752Z [info] : 	Code: F100  searchFlights  Function Called
2022-12-06T13:03:45.755Z [info] : 	Code: F100  getAllFlights  Function Called
2022-12-06T13:03:45.775Z [info] : 	Code: HTTP200,  getAllFlights  Successful response
2022-12-06T13:03:45.790Z [info] : 	Code: HTTP200,  searchFlights  Successful response
2022-12-06T13:03:51.928Z [info] : 	Code: F100  searchFlights  Function Called
2022-12-06T13:03:51.932Z [info] : 	Code: F100  getAllFlights  Function Called
2022-12-06T13:03:51.938Z [info] : 	Code: HTTP200,  getAllFlights  Successful response
2022-12-06T13:03:51.950Z [info] : 	Code: HTTP200,  searchFlights  Successful response
2022-12-06T13:04:01.566Z [info] : 	Code: F100  searchFlights  Function Called
2022-12-06T13:04:01.570Z [info] : 	Code: F100  getAllFlights  Function Called
2022-12-06T13:04:01.578Z [info] : 	Code: HTTP200,  getAllFlights  Successful response
2022-12-06T13:04:01.586Z [info] : 	Code: HTTP200,  searchFlights  Successful response
2022-12-06T13:05:00.014Z [info] : 	Code: F100  searchFlights  Function Called
2022-12-06T13:05:00.017Z [info] : 	Code: F100  getAllFlights  Function Called
2022-12-06T13:05:00.034Z [info] : 	Code: HTTP200,  getAllFlights  Successful response
2022-12-06T13:05:00.050Z [info] : 	Code: HTTP200,  searchFlights  Successful response
2022-12-06T13:05:41.322Z [info] : 	Code: F100  searchFlights  Function Called
2022-12-06T13:05:41.325Z [info] : 	Code: F100  getAllFlights  Function Called
2022-12-06T13:05:41.336Z [info] : 	Code: HTTP200,  getAllFlights  Successful response
2022-12-06T13:05:41.350Z [info] : 	Code: HTTP200,  searchFlights  Successful response
2022-12-06T13:05:57.471Z [info] : 	Code: F100  searchFlights  Function Called
2022-12-06T13:05:57.473Z [info] : 	Code: F100  getAllFlights  Function Called
2022-12-06T13:05:57.486Z [info] : 	Code: HTTP200,  getAllFlights  Successful response
2022-12-06T13:05:57.495Z [info] : 	Code: HTTP200,  searchFlights  Successful response
2022-12-06T13:06:07.702Z [info] : 	Code: F100  searchFlights  Function Called
2022-12-06T13:06:07.705Z [info] : 	Code: F100  getAllFlights  Function Called
2022-12-06T13:06:07.716Z [info] : 	Code: HTTP200,  getAllFlights  Successful response
2022-12-06T13:06:07.726Z [info] : 	Code: HTTP200,  searchFlights  Successful response
2022-12-06T13:06:15.153Z [info] : 	Code: F100  searchFlights  Function Called
2022-12-06T13:06:15.170Z [info] : 	Code: F100  getAllFlights  Function Called
2022-12-06T13:06:15.176Z [info] : 	Code: HTTP200,  getAllFlights  Successful response
2022-12-06T13:06:15.180Z [info] : 	Code: HTTP200,  searchFlights  Successful response
2022-12-06T13:06:54.045Z [info] : 	Code: F100  searchFlights  Function Called
2022-12-06T13:06:54.052Z [info] : 	Code: F100  getAllFlights  Function Called
2022-12-06T13:06:54.071Z [info] : 	Code: HTTP200,  getAllFlights  Successful response
2022-12-06T13:06:54.080Z [info] : 	Code: HTTP200,  searchFlights  Successful response
2022-12-06T13:07:24.967Z [info] : 	Code: F100  searchFlights  Function Called
2022-12-06T13:07:24.970Z [info] : 	Code: F100  getAllFlights  Function Called
2022-12-06T13:07:24.981Z [info] : 	Code: HTTP200,  getAllFlights  Successful response
2022-12-06T13:07:24.991Z [info] : 	Code: HTTP200,  searchFlights  Successful response
2022-12-06T13:07:53.070Z [info] : 	Code: F100  searchFlights  Function Called
2022-12-06T13:07:53.072Z [info] : 	Code: F100  getAllFlights  Function Called
2022-12-06T13:07:53.083Z [info] : 	Code: HTTP200,  getAllFlights  Successful response
2022-12-06T13:07:53.092Z [info] : 	Code: HTTP200,  searchFlights  Successful response
2022-12-06T13:09:23.790Z [info] : 	Code: F100  searchFlights  Function Called
2022-12-06T13:09:23.794Z [info] : 	Code: F100  getAllFlights  Function Called
2022-12-06T13:09:23.807Z [info] : 	Code: HTTP200,  getAllFlights  Successful response
2022-12-06T13:09:23.820Z [info] : 	Code: HTTP200,  searchFlights  Successful response
2022-12-06T13:09:28.173Z [info] : 	Code: F100  searchFlights  Function Called
2022-12-06T13:09:28.185Z [info] : 	Code: HTTP200,  searchFlights  Successful response
2022-12-06T13:10:18.074Z [info] : 	Code: F100  searchFlights  Function Called
2022-12-06T13:10:18.076Z [info] : 	Code: F100  getAllFlights  Function Called
2022-12-06T13:10:18.091Z [info] : 	Code: HTTP200,  getAllFlights  Successful response
2022-12-06T13:10:18.108Z [info] : 	Code: HTTP200,  searchFlights  Successful response
2022-12-06T13:10:26.698Z [info] : 	Code: F100  searchFlights  Function Called
2022-12-06T13:10:26.712Z [info] : 	Code: HTTP200,  searchFlights  Successful response
2022-12-06T13:10:51.769Z [info] : 	Code: F100  searchFlights  Function Called
2022-12-06T13:10:51.773Z [info] : 	Code: F100  getAllFlights  Function Called
2022-12-06T13:10:51.787Z [info] : 	Code: HTTP200,  getAllFlights  Successful response
2022-12-06T13:10:51.808Z [info] : 	Code: HTTP200,  searchFlights  Successful response
2022-12-06T13:11:19.761Z [info] : 	Code: F100  searchFlights  Function Called
2022-12-06T13:11:19.789Z [info] : 	Code: HTTP200,  searchFlights  Successful response
2022-12-06T13:11:24.609Z [info] : 	Code: F100  searchFlights  Function Called
2022-12-06T13:11:24.624Z [info] : 	Code: HTTP200,  searchFlights  Successful response
2022-12-06T13:11:27.251Z [info] : 	Code: F100  searchFlights  Function Called
2022-12-06T13:11:27.274Z [info] : 	Code: HTTP200,  searchFlights  Successful response
2022-12-06T13:11:29.386Z [info] : 	Code: F100  searchFlights  Function Called
2022-12-06T13:11:29.395Z [info] : 	Code: HTTP200,  searchFlights  Successful response
2022-12-06T16:24:06.663Z [info] : 	Code: F100  searchFlights  Function Called
2022-12-06T16:24:06.669Z [info] : 	Code: F100  getAllFlights  Function Called
2022-12-06T16:24:06.680Z [info] : 	Code: HTTP200,  getAllFlights  Successful response
2022-12-06T16:24:06.693Z [info] : 	Code: HTTP200,  searchFlights  Successful response
2022-12-06T16:24:09.354Z [info] : 	Code: F100  getAllFlights  Function Called
2022-12-06T16:24:09.357Z [info] : 	Code: HTTP200,  getAllFlights  Successful response
2022-12-06T16:24:15.334Z [info] : 	Code: F100 login Function Called
2022-12-06T16:24:15.492Z [info] : 	Code: F100  getAllFlights  Function Called
2022-12-06T16:24:15.495Z [info] : 	Code: HTTP200,  getAllFlights  Successful response
2022-12-06T16:24:25.199Z [info] : 	Code: F100  searchFlights  Function Called
2022-12-06T16:24:25.217Z [info] : 	Code: HTTP200,  searchFlights  Successful response
2022-12-06T16:24:25.463Z [info] : 	Code: F100  searchFlights  Function Called
2022-12-06T16:24:25.476Z [info] : 	Code: HTTP200,  searchFlights  Successful response
2022-12-06T16:24:25.571Z [info] : 	Code: F100  getAllFlights  Function Called
2022-12-06T16:24:25.573Z [info] : 	Code: HTTP200,  getAllFlights  Successful response
