2022-12-07T22:08:37.176Z [info] : 	Code: F100  saveFlight  Function Called
2022-12-07T22:10:27.584Z [info] : 	Code: F100  saveFlight  Function Called
2022-12-07T22:10:27.619Z [info] : 	Code: HTTP200,  saveFlight  Successful response
2022-12-07T22:11:36.190Z [info] : 	Code: F100 login Function Called
2022-12-07T22:11:36.336Z [info] : 	Code: F100  getAllFlights  Function Called
2022-12-07T22:11:36.345Z [info] : 	Code: HTTP200,  getAllFlights  Successful response
2022-12-07T22:11:57.155Z [info] : 	Code: F100  searchFlights  Function Called
2022-12-07T22:11:57.180Z [info] : 	Code: HTTP200,  searchFlights  Successful response
2022-12-07T22:11:57.555Z [info] : 	Code: F100  getAllFlights  Function Called
2022-12-07T22:11:57.560Z [info] : 	Code: F100  searchFlights  Function Called
2022-12-07T22:11:57.574Z [info] : 	Code: HTTP200,  getAllFlights  Successful response
2022-12-07T22:11:57.577Z [info] : 	Code: HTTP200,  searchFlights  Successful response
2022-12-07T22:17:39.137Z [info] : 	Code: F100  searchFlights  Function Called
2022-12-07T22:17:39.165Z [info] : 	Code: F100  getAllFlights  Function Called
2022-12-07T22:17:39.199Z [info] : 	Code: HTTP200,  getAllFlights  Successful response
2022-12-07T22:17:39.218Z [info] : 	Code: HTTP200,  searchFlights  Successful response
2022-12-07T22:18:02.901Z [info] : 	Code: F100  saveFlight  Function Called
2022-12-07T22:18:02.936Z [info] : 	Code: HTTP200,  saveFlight  Successful response
2022-12-07T22:25:38.657Z [info] : 	Code: F100  searchFlights  Function Called
2022-12-07T22:25:44.728Z [info] : 	Code: F100  getAllFlights  Function Called
2022-12-07T22:25:44.758Z [info] : 	Code: HTTP200,  getAllFlights  Successful response
2022-12-07T22:25:53.203Z [info] : 	Code: HTTP200,  searchFlights  Successful response
2022-12-07T22:26:43.295Z [info] : 	Code: F100  saveFlight  Function Called
2022-12-07T22:27:27.459Z [info] : 	Code: HTTP200,  saveFlight  Successful response
2022-12-07T22:28:31.011Z [info] : 	Code: F100  searchFlights  Function Called
2022-12-07T22:28:31.030Z [info] : 	Code: F100  getAllFlights  Function Called
2022-12-07T22:28:31.046Z [info] : 	Code: HTTP200,  getAllFlights  Successful response
2022-12-07T22:28:31.063Z [info] : 	Code: HTTP200,  searchFlights  Successful response
2022-12-07T22:28:32.926Z [info] : 	Code: F100  searchFlights  Function Called
2022-12-07T22:28:32.935Z [info] : 	Code: F100  getAllFlights  Function Called
2022-12-07T22:28:32.948Z [info] : 	Code: HTTP200,  getAllFlights  Successful response
2022-12-07T22:28:32.955Z [info] : 	Code: HTTP200,  searchFlights  Successful response
2022-12-07T22:29:29.718Z [info] : 	Code: F100  saveFlight  Function Called
2022-12-07T22:29:50.230Z [info] : 	Code: HTTP200,  saveFlight  Successful response
2022-12-07T22:31:20.815Z [info] : 	Code: F100  searchFlights  Function Called
2022-12-07T22:31:20.841Z [info] : 	Code: F100  getAllFlights  Function Called
2022-12-07T22:31:20.861Z [info] : 	Code: HTTP200,  getAllFlights  Successful response
2022-12-07T22:31:20.883Z [info] : 	Code: HTTP200,  searchFlights  Successful response
2022-12-07T22:31:23.275Z [info] : 	Code: F100  getAllFlights  Function Called
2022-12-07T22:31:23.288Z [info] : 	Code: F100  searchFlights  Function Called
2022-12-07T22:31:23.303Z [info] : 	Code: HTTP200,  getAllFlights  Successful response
2022-12-07T22:31:23.323Z [info] : 	Code: HTTP200,  searchFlights  Successful response
2022-12-07T22:31:27.508Z [info] : 	Code: F100  searchFlights  Function Called
2022-12-07T22:31:27.519Z [info] : 	Code: F100  getAllFlights  Function Called
2022-12-07T22:31:27.533Z [info] : 	Code: HTTP200,  getAllFlights  Successful response
2022-12-07T22:31:27.539Z [info] : 	Code: HTTP200,  searchFlights  Successful response
2022-12-07T22:31:31.821Z [info] : 	Code: F100  searchFlights  Function Called
2022-12-07T22:31:31.835Z [info] : 	Code: HTTP200,  searchFlights  Successful response
2022-12-07T22:31:35.424Z [info] : 	Code: F100  searchFlights  Function Called
2022-12-07T22:31:35.447Z [info] : 	Code: F100  getAllFlights  Function Called
2022-12-07T22:31:35.458Z [info] : 	Code: HTTP200,  searchFlights  Successful response
2022-12-07T22:31:35.464Z [info] : 	Code: HTTP200,  getAllFlights  Successful response
2022-12-07T22:31:54.658Z [info] : 	Code: F100  saveFlight  Function Called
2022-12-07T22:32:04.964Z [info] : 	Code: HTTP200,  saveFlight  Successful response
2022-12-07T22:45:35.912Z [error] : 	Code: HTTP500, Error Connecting with Database
2022-12-07T22:47:05.222Z [error] : 	Code: HTTP500, Error Connecting with Database
2022-12-07T22:47:47.915Z [error] : 	Code: HTTP500, Error Connecting with Database
2022-12-07T22:49:22.019Z [info] : 	Code: F100 login Function Called
2022-12-07T22:49:22.185Z [info] : 	Code: F100  getAllFlights  Function Called
2022-12-07T22:49:22.195Z [info] : 	Code: HTTP200,  getAllFlights  Successful response
2022-12-07T22:49:31.935Z [info] : 	Code: F100  searchFlights  Function Called
2022-12-07T22:49:31.960Z [info] : 	Code: HTTP200,  searchFlights  Successful response
2022-12-07T22:49:31.998Z [info] : 	Code: F100  searchFlights  Function Called
2022-12-07T22:49:32.007Z [info] : 	Code: F100  getAllFlights  Function Called
2022-12-07T22:49:32.023Z [info] : 	Code: HTTP200,  getAllFlights  Successful response
2022-12-07T22:49:32.029Z [info] : 	Code: HTTP200,  searchFlights  Successful response
2022-12-07T22:49:54.687Z [info] : 	Code: F100  saveFlight  Function Called
2022-12-07T22:50:40.466Z [info] : 	Code: HTTP200,  saveFlight  Successful response
2022-12-07T22:59:00.600Z [info] : 	Code: F100 login Function Called
2022-12-07T22:59:00.826Z [info] : 	Code: F100  getAllFlights  Function Called
2022-12-07T22:59:00.835Z [info] : 	Code: HTTP200,  getAllFlights  Successful response
2022-12-07T22:59:14.318Z [info] : 	Code: F100  searchFlights  Function Called
2022-12-07T22:59:14.349Z [info] : 	Code: HTTP200,  searchFlights  Successful response
2022-12-07T22:59:14.390Z [info] : 	Code: F100  searchFlights  Function Called
2022-12-07T22:59:14.399Z [info] : 	Code: F100  getAllFlights  Function Called
2022-12-07T22:59:14.416Z [info] : 	Code: HTTP200,  getAllFlights  Successful response
2022-12-07T22:59:14.423Z [info] : 	Code: HTTP200,  searchFlights  Successful response
2022-12-07T22:59:34.455Z [info] : 	Code: F100  saveFlight  Function Called
2022-12-07T23:00:39.641Z [info] : 	Code: HTTP200,  saveFlight  Successful response
2022-12-07T23:01:25.560Z [info] : 	Code: F100 login Function Called
2022-12-07T23:01:25.737Z [info] : 	Code: F100  getAllFlights  Function Called
2022-12-07T23:01:25.745Z [info] : 	Code: HTTP200,  getAllFlights  Successful response
2022-12-07T23:01:35.871Z [info] : 	Code: F100  searchFlights  Function Called
2022-12-07T23:01:35.896Z [info] : 	Code: HTTP200,  searchFlights  Successful response
2022-12-07T23:01:35.952Z [info] : 	Code: F100  searchFlights  Function Called
2022-12-07T23:01:35.963Z [info] : 	Code: F100  getAllFlights  Function Called
2022-12-07T23:01:35.986Z [info] : 	Code: HTTP200,  getAllFlights  Successful response
2022-12-07T23:01:35.992Z [info] : 	Code: HTTP200,  searchFlights  Successful response
2022-12-07T23:01:43.106Z [info] : 	Code: F100  searchFlights  Function Called
2022-12-07T23:01:43.114Z [info] : 	Code: F100  getAllFlights  Function Called
2022-12-07T23:01:43.122Z [info] : 	Code: HTTP200,  getAllFlights  Successful response
2022-12-07T23:01:43.132Z [info] : 	Code: HTTP200,  searchFlights  Successful response
2022-12-07T23:01:44.531Z [info] : 	Code: F100  getAllFlights  Function Called
2022-12-07T23:01:44.536Z [info] : 	Code: HTTP200,  getAllFlights  Successful response
2022-12-07T23:01:56.166Z [info] : 	Code: F100  searchFlights  Function Called
2022-12-07T23:01:56.188Z [info] : 	Code: HTTP200,  searchFlights  Successful response
2022-12-07T23:01:56.539Z [info] : 	Code: F100  getAllFlights  Function Called
2022-12-07T23:01:56.547Z [info] : 	Code: F100  searchFlights  Function Called
2022-12-07T23:01:56.557Z [info] : 	Code: HTTP200,  getAllFlights  Successful response
2022-12-07T23:01:56.568Z [info] : 	Code: HTTP200,  searchFlights  Successful response
2022-12-07T23:02:17.945Z [info] : 	Code: F100  saveFlight  Function Called
2022-12-07T23:03:04.357Z [info] : 	Code: HTTP200,  saveFlight  Successful response
2022-12-07T23:03:43.325Z [info] : 	Code: F100 login Function Called
2022-12-07T23:03:43.478Z [info] : 	Code: F100  getAllFlights  Function Called
2022-12-07T23:03:43.486Z [info] : 	Code: HTTP200,  getAllFlights  Successful response
2022-12-07T23:03:52.408Z [info] : 	Code: F100  searchFlights  Function Called
2022-12-07T23:03:52.431Z [info] : 	Code: HTTP200,  searchFlights  Successful response
2022-12-07T23:03:52.469Z [info] : 	Code: F100  searchFlights  Function Called
2022-12-07T23:03:52.477Z [info] : 	Code: F100  getAllFlights  Function Called
2022-12-07T23:03:52.491Z [info] : 	Code: HTTP200,  getAllFlights  Successful response
2022-12-07T23:03:52.495Z [info] : 	Code: HTTP200,  searchFlights  Successful response
2022-12-07T23:04:12.838Z [info] : 	Code: F100  saveFlight  Function Called
2022-12-07T23:04:31.655Z [info] : 	Code: HTTP200,  saveFlight  Successful response
2022-12-07T23:05:08.218Z [info] : 	Code: F100 login Function Called
2022-12-07T23:05:08.323Z [info] : 	Code: F100  getAllFlights  Function Called
2022-12-07T23:05:08.331Z [info] : 	Code: HTTP200,  getAllFlights  Successful response
2022-12-07T23:05:21.021Z [info] : 	Code: F100  searchFlights  Function Called
2022-12-07T23:05:21.039Z [info] : 	Code: HTTP200,  searchFlights  Successful response
2022-12-07T23:05:21.284Z [info] : 	Code: F100  searchFlights  Function Called
2022-12-07T23:05:21.294Z [info] : 	Code: HTTP200,  searchFlights  Successful response
2022-12-07T23:05:21.375Z [info] : 	Code: F100  getAllFlights  Function Called
2022-12-07T23:05:21.380Z [info] : 	Code: HTTP200,  getAllFlights  Successful response
2022-12-07T23:14:24.399Z [info] : 	Code: F100  searchFlights  Function Called
2022-12-07T23:14:24.427Z [info] : 	Code: F100  getAllFlights  Function Called
2022-12-07T23:14:24.464Z [info] : 	Code: HTTP200,  getAllFlights  Successful response
2022-12-07T23:14:24.480Z [info] : 	Code: HTTP200,  searchFlights  Successful response
2022-12-07T23:14:45.971Z [info] : 	Code: F100  saveFlight  Function Called
2022-12-07T23:14:58.838Z [info] : 	Code: HTTP200,  saveFlight  Successful response
2022-12-07T23:15:24.969Z [info] : 	Code: F100 login Function Called
2022-12-07T23:15:25.427Z [info] : 	Code: F100  getAllFlights  Function Called
2022-12-07T23:15:25.440Z [info] : 	Code: HTTP200,  getAllFlights  Successful response
2022-12-07T23:15:34.904Z [info] : 	Code: F100  searchFlights  Function Called
2022-12-07T23:15:34.922Z [info] : 	Code: HTTP200,  searchFlights  Successful response
2022-12-07T23:15:35.284Z [info] : 	Code: F100  getAllFlights  Function Called
2022-12-07T23:15:35.296Z [info] : 	Code: F100  searchFlights  Function Called
2022-12-07T23:15:35.315Z [info] : 	Code: HTTP200,  getAllFlights  Successful response
2022-12-07T23:15:35.333Z [info] : 	Code: HTTP200,  searchFlights  Successful response
2022-12-07T23:19:07.449Z [info] : 	Code: F100  searchFlights  Function Called
2022-12-07T23:19:07.486Z [info] : 	Code: F100  getAllFlights  Function Called
2022-12-07T23:19:07.525Z [info] : 	Code: HTTP200,  searchFlights  Successful response
2022-12-07T23:19:07.535Z [info] : 	Code: HTTP200,  getAllFlights  Successful response
2022-12-07T23:19:09.771Z [info] : 	Code: F100  searchFlights  Function Called
2022-12-07T23:19:09.785Z [info] : 	Code: F100  getAllFlights  Function Called
2022-12-07T23:19:09.790Z [info] : 	Code: HTTP200,  searchFlights  Successful response
2022-12-07T23:19:09.794Z [info] : 	Code: HTTP200,  getAllFlights  Successful response
2022-12-07T23:19:11.229Z [info] : 	Code: F100  getAllFlights  Function Called
2022-12-07T23:19:11.235Z [info] : 	Code: HTTP200,  getAllFlights  Successful response
2022-12-07T23:19:13.781Z [info] : 	Code: F100  getAllFlights  Function Called
2022-12-07T23:19:13.789Z [info] : 	Code: HTTP200,  getAllFlights  Successful response
2022-12-07T23:20:01.486Z [info] : 	Code: F100  getAllFlights  Function Called
2022-12-07T23:20:01.510Z [info] : 	Code: HTTP200,  getAllFlights  Successful response
2022-12-07T23:20:11.460Z [info] : 	Code: F100  searchFlights  Function Called
2022-12-07T23:20:11.491Z [info] : 	Code: HTTP200,  searchFlights  Successful response
2022-12-07T23:20:11.531Z [info] : 	Code: F100  searchFlights  Function Called
2022-12-07T23:20:11.547Z [info] : 	Code: HTTP200,  searchFlights  Successful response
2022-12-07T23:20:11.847Z [info] : 	Code: F100  getAllFlights  Function Called
2022-12-07T23:20:11.853Z [info] : 	Code: HTTP200,  getAllFlights  Successful response
2022-12-07T23:20:31.451Z [info] : 	Code: F100  saveFlight  Function Called
2022-12-07T23:33:36.821Z [info] : 	Code: F100 login Function Called
2022-12-07T23:33:37.247Z [info] : 	Code: F100  getAllFlights  Function Called
2022-12-07T23:33:37.253Z [info] : 	Code: HTTP200,  getAllFlights  Successful response
2022-12-07T23:33:51.098Z [info] : 	Code: F100  searchFlights  Function Called
2022-12-07T23:33:51.133Z [info] : 	Code: HTTP200,  searchFlights  Successful response
2022-12-07T23:33:51.489Z [info] : 	Code: F100  getAllFlights  Function Called
2022-12-07T23:33:51.497Z [info] : 	Code: F100  searchFlights  Function Called
2022-12-07T23:33:51.508Z [info] : 	Code: HTTP200,  getAllFlights  Successful response
2022-12-07T23:33:51.520Z [info] : 	Code: HTTP200,  searchFlights  Successful response
2022-12-07T23:34:13.680Z [info] : 	Code: F100  saveFlight  Function Called
2022-12-07T23:36:53.245Z [info] : 	Code: F100 login Function Called
2022-12-07T23:36:53.354Z [info] : 	Code: F100  getAllFlights  Function Called
2022-12-07T23:36:53.366Z [info] : 	Code: HTTP200,  getAllFlights  Successful response
2022-12-07T23:37:03.276Z [info] : 	Code: F100  searchFlights  Function Called
2022-12-07T23:37:03.306Z [info] : 	Code: HTTP200,  searchFlights  Successful response
2022-12-07T23:37:03.542Z [info] : 	Code: F100  searchFlights  Function Called
2022-12-07T23:37:03.568Z [info] : 	Code: HTTP200,  searchFlights  Successful response
2022-12-07T23:37:03.643Z [info] : 	Code: F100  getAllFlights  Function Called
2022-12-07T23:37:03.650Z [info] : 	Code: HTTP200,  getAllFlights  Successful response
2022-12-07T23:37:28.929Z [info] : 	Code: F100  saveFlight  Function Called
2022-12-07T23:37:38.906Z [error] : 	Code: HTTP400,  saveFlight  Catch error
2022-12-07T23:44:32.294Z [info] : 	Code: F100 login Function Called
2022-12-07T23:44:32.434Z [info] : 	Code: F100  getAllFlights  Function Called
2022-12-07T23:44:32.445Z [info] : 	Code: HTTP200,  getAllFlights  Successful response
2022-12-07T23:44:42.432Z [info] : 	Code: F100  searchFlights  Function Called
2022-12-07T23:44:42.459Z [info] : 	Code: HTTP200,  searchFlights  Successful response
2022-12-07T23:44:42.681Z [info] : 	Code: F100  searchFlights  Function Called
2022-12-07T23:44:42.695Z [info] : 	Code: HTTP200,  searchFlights  Successful response
2022-12-07T23:44:42.802Z [info] : 	Code: F100  getAllFlights  Function Called
2022-12-07T23:44:42.809Z [info] : 	Code: HTTP200,  getAllFlights  Successful response
2022-12-07T23:45:05.614Z [info] : 	Code: F100  saveFlight  Function Called
2022-12-07T23:45:29.957Z [info] : 	Code: HTTP200,  saveFlight  Successful response
2022-12-07T23:47:16.906Z [info] : 	Code: F100 login Function Called
2022-12-07T23:47:17.054Z [info] : 	Code: F100  getAllFlights  Function Called
2022-12-07T23:47:17.063Z [info] : 	Code: HTTP200,  getAllFlights  Successful response
2022-12-07T23:47:31.559Z [info] : 	Code: F100  searchFlights  Function Called
2022-12-07T23:47:31.596Z [info] : 	Code: HTTP200,  searchFlights  Successful response
2022-12-07T23:47:31.804Z [info] : 	Code: F100  searchFlights  Function Called
2022-12-07T23:47:31.827Z [info] : 	Code: HTTP200,  searchFlights  Successful response
2022-12-07T23:47:31.942Z [info] : 	Code: F100  getAllFlights  Function Called
2022-12-07T23:47:31.954Z [info] : 	Code: HTTP200,  getAllFlights  Successful response
2022-12-07T23:47:48.983Z [info] : 	Code: F100  saveFlight  Function Called
2022-12-07T23:47:55.013Z [error] : 	Code: HTTP400,  saveFlight  Catch error
2022-12-07T23:51:14.075Z [info] : 	Code: F100 login Function Called
2022-12-07T23:51:14.209Z [info] : 	Code: F100  getAllFlights  Function Called
2022-12-07T23:51:14.220Z [info] : 	Code: HTTP200,  getAllFlights  Successful response
2022-12-07T23:51:23.015Z [info] : 	Code: F100  searchFlights  Function Called
2022-12-07T23:51:23.040Z [info] : 	Code: HTTP200,  searchFlights  Successful response
2022-12-07T23:51:23.278Z [info] : 	Code: F100  searchFlights  Function Called
2022-12-07T23:51:23.292Z [info] : 	Code: HTTP200,  searchFlights  Successful response
2022-12-07T23:51:23.409Z [info] : 	Code: F100  getAllFlights  Function Called
2022-12-07T23:51:23.429Z [info] : 	Code: HTTP200,  getAllFlights  Successful response
2022-12-07T23:51:38.278Z [info] : 	Code: F100  saveFlight  Function Called
2022-12-07T23:58:42.727Z [info] : 	Code: F100 login Function Called
2022-12-07T23:58:42.855Z [info] : 	Code: F100  getAllFlights  Function Called
2022-12-07T23:58:42.867Z [info] : 	Code: HTTP200,  getAllFlights  Successful response
2022-12-07T23:59:03.596Z [info] : 	Code: F100  searchFlights  Function Called
2022-12-07T23:59:03.621Z [info] : 	Code: HTTP200,  searchFlights  Successful response
2022-12-07T23:59:03.854Z [info] : 	Code: F100  searchFlights  Function Called
2022-12-07T23:59:03.867Z [info] : 	Code: HTTP200,  searchFlights  Successful response
2022-12-07T23:59:03.963Z [info] : 	Code: F100  getAllFlights  Function Called
2022-12-07T23:59:03.968Z [info] : 	Code: HTTP200,  getAllFlights  Successful response
2022-12-08T00:00:00.971Z [info] : 	Code: F100  saveFlight  Function Called
2022-12-08T00:00:55.839Z [info] : 	Code: HTTP200,  saveFlight  Successful response
2022-12-08T00:01:22.075Z [info] : 	Code: F100 login Function Called
2022-12-08T00:01:22.185Z [info] : 	Code: F100  getAllFlights  Function Called
2022-12-08T00:01:22.193Z [info] : 	Code: HTTP200,  getAllFlights  Successful response
2022-12-08T00:01:33.915Z [info] : 	Code: F100  searchFlights  Function Called
2022-12-08T00:01:33.980Z [info] : 	Code: HTTP200,  searchFlights  Successful response
2022-12-08T00:01:34.155Z [info] : 	Code: F100  searchFlights  Function Called
2022-12-08T00:01:34.188Z [info] : 	Code: HTTP200,  searchFlights  Successful response
2022-12-08T00:01:34.329Z [info] : 	Code: F100  getAllFlights  Function Called
2022-12-08T00:01:34.337Z [info] : 	Code: HTTP200,  getAllFlights  Successful response
2022-12-08T00:12:43.737Z [info] : 	Code: F100 login Function Called
2022-12-08T00:12:43.874Z [info] : 	Code: F100  getAllFlights  Function Called
2022-12-08T00:12:43.881Z [info] : 	Code: HTTP200,  getAllFlights  Successful response
2022-12-08T00:12:52.644Z [info] : 	Code: F100  searchFlights  Function Called
2022-12-08T00:12:52.665Z [info] : 	Code: HTTP200,  searchFlights  Successful response
2022-12-08T00:12:52.906Z [info] : 	Code: F100  searchFlights  Function Called
2022-12-08T00:12:52.920Z [info] : 	Code: HTTP200,  searchFlights  Successful response
2022-12-08T00:12:53.015Z [info] : 	Code: F100  getAllFlights  Function Called
2022-12-08T00:12:53.020Z [info] : 	Code: HTTP200,  getAllFlights  Successful response
2022-12-08T00:13:09.036Z [info] : 	Code: F100  saveFlight  Function Called
2022-12-08T00:13:23.254Z [info] : 	Code: HTTP200,  saveFlight  Successful response
2022-12-08T00:16:57.449Z [info] : 	Code: F100 login Function Called
2022-12-08T00:16:57.880Z [info] : 	Code: F100  getAllFlights  Function Called
2022-12-08T00:16:57.909Z [info] : 	Code: HTTP200,  getAllFlights  Successful response
2022-12-08T00:17:13.587Z [info] : 	Code: F100  searchFlights  Function Called
2022-12-08T00:17:13.614Z [info] : 	Code: HTTP200,  searchFlights  Successful response
2022-12-08T00:17:13.944Z [info] : 	Code: F100  getAllFlights  Function Called
2022-12-08T00:17:13.950Z [info] : 	Code: F100  searchFlights  Function Called
2022-12-08T00:17:13.957Z [info] : 	Code: HTTP200,  getAllFlights  Successful response
2022-12-08T00:17:13.968Z [info] : 	Code: HTTP200,  searchFlights  Successful response
2022-12-08T00:17:31.646Z [info] : 	Code: F100  saveFlight  Function Called
2022-12-08T00:21:27.884Z [info] : 	Code: F100 login Function Called
2022-12-08T00:21:28.023Z [info] : 	Code: F100  getAllFlights  Function Called
2022-12-08T00:21:28.034Z [info] : 	Code: HTTP200,  getAllFlights  Successful response
2022-12-08T00:21:37.117Z [info] : 	Code: F100  searchFlights  Function Called
2022-12-08T00:21:37.139Z [info] : 	Code: HTTP200,  searchFlights  Successful response
2022-12-08T00:21:37.366Z [info] : 	Code: F100  searchFlights  Function Called
2022-12-08T00:21:37.381Z [info] : 	Code: HTTP200,  searchFlights  Successful response
2022-12-08T00:21:37.491Z [info] : 	Code: F100  getAllFlights  Function Called
2022-12-08T00:21:37.498Z [info] : 	Code: HTTP200,  getAllFlights  Successful response
2022-12-08T00:22:08.931Z [info] : 	Code: F100  saveFlight  Function Called
2022-12-08T00:22:14.392Z [error] : 	Code: HTTP400,  saveFlight  Catch error
2022-12-08T00:23:33.816Z [info] : 	Code: F100 login Function Called
2022-12-08T00:23:34.231Z [info] : 	Code: F100  getAllFlights  Function Called
2022-12-08T00:23:34.238Z [info] : 	Code: HTTP200,  getAllFlights  Successful response
2022-12-08T00:23:45.237Z [info] : 	Code: F100  searchFlights  Function Called
2022-12-08T00:23:45.270Z [info] : 	Code: HTTP200,  searchFlights  Successful response
2022-12-08T00:23:45.619Z [info] : 	Code: F100  getAllFlights  Function Called
2022-12-08T00:23:45.627Z [info] : 	Code: F100  searchFlights  Function Called
2022-12-08T00:23:45.636Z [info] : 	Code: HTTP200,  getAllFlights  Successful response
2022-12-08T00:23:45.646Z [info] : 	Code: HTTP200,  searchFlights  Successful response
2022-12-08T00:24:17.098Z [info] : 	Code: F100  saveFlight  Function Called
2022-12-08T00:25:04.313Z [info] : 	Code: HTTP200,  saveFlight  Successful response
2022-12-08T00:26:57.431Z [info] : 	Code: F100 login Function Called
2022-12-08T00:26:57.652Z [info] : 	Code: F100  getAllFlights  Function Called
2022-12-08T00:26:57.661Z [info] : 	Code: HTTP200,  getAllFlights  Successful response
2022-12-08T00:27:08.547Z [info] : 	Code: F100  searchFlights  Function Called
2022-12-08T00:27:08.580Z [info] : 	Code: HTTP200,  searchFlights  Successful response
2022-12-08T00:27:08.932Z [info] : 	Code: F100  getAllFlights  Function Called
2022-12-08T00:27:08.940Z [info] : 	Code: F100  searchFlights  Function Called
2022-12-08T00:27:08.948Z [info] : 	Code: HTTP200,  getAllFlights  Successful response
2022-12-08T00:27:08.961Z [info] : 	Code: HTTP200,  searchFlights  Successful response
2022-12-08T00:27:50.879Z [info] : 	Code: F100  saveFlight  Function Called
2022-12-08T00:28:08.716Z [info] : 	Code: HTTP200,  saveFlight  Successful response
2022-12-08T00:28:21.096Z [info] : 	Code: F100 login Function Called
2022-12-08T00:28:21.194Z [info] : 	Code: F100  getAllFlights  Function Called
2022-12-08T00:28:21.203Z [info] : 	Code: HTTP200,  getAllFlights  Successful response
2022-12-08T00:28:30.514Z [info] : 	Code: F100  searchFlights  Function Called
2022-12-08T00:28:30.532Z [info] : 	Code: HTTP200,  searchFlights  Successful response
2022-12-08T00:28:30.779Z [info] : 	Code: F100  searchFlights  Function Called
2022-12-08T00:28:30.792Z [info] : 	Code: HTTP200,  searchFlights  Successful response
2022-12-08T00:28:30.864Z [info] : 	Code: F100  getAllFlights  Function Called
2022-12-08T00:28:30.872Z [info] : 	Code: HTTP200,  getAllFlights  Successful response
2022-12-08T00:38:21.321Z [info] : 	Code: F100 login Function Called
2022-12-08T00:38:21.544Z [info] : 	Code: F100  getAllFlights  Function Called
2022-12-08T00:38:21.556Z [info] : 	Code: HTTP200,  getAllFlights  Successful response
2022-12-08T00:38:34.524Z [info] : 	Code: F100  searchFlights  Function Called
2022-12-08T00:38:34.544Z [info] : 	Code: HTTP200,  searchFlights  Successful response
2022-12-08T00:38:34.577Z [info] : 	Code: F100  getAllFlights  Function Called
2022-12-08T00:38:34.581Z [info] : 	Code: F100  searchFlights  Function Called
2022-12-08T00:38:34.586Z [info] : 	Code: HTTP200,  getAllFlights  Successful response
2022-12-08T00:38:34.593Z [info] : 	Code: HTTP200,  searchFlights  Successful response
2022-12-08T00:38:38.764Z [info] : 	Code: F100  searchFlights  Function Called
2022-12-08T00:38:38.774Z [info] : 	Code: HTTP200,  searchFlights  Successful response
